[0.010s] Invoking command in '/home/jack/src/RoboTerrain/ros2_ws/build/roverrobotics_gazebo': CMAKE_PREFIX_PATH=/home/jack/src/RoboTerrain/ros2_ws/install/roverrobotics_description:/home/jack/src/RoboTerrain/ros2_ws/install/roverrobotics_input_manager:/home/jack/src/RoboTerrain/ros2_ws/install/roverrobotics_gazebo:/home/jack/src/RoboTerrain/ros2_ws/install/roverrobotics_driver:/home/jack/ros2_ws/install/custom_turtlebot4_bringup:/home/jack/src/RoboTerrain/ros2_ws/install/rover_metrics:/home/jack/ros2_ws/install/unity_slam_example:/home/jack/ros2_ws/install/camera_subscriber:/home/jack/rover_workspace/install/roverrobotics_input_manager:/home/jack/rover_workspace/install/roverrobotics_gazebo:/home/jack/rover_workspace/install/roverrobotics_driver:/home/jack/rover_workspace/install/roverrobotics_description:/home/jack/rover_workspace/install/rover_metrics:/opt/ros/humble /usr/bin/cmake --build /home/jack/src/RoboTerrain/ros2_ws/build/roverrobotics_gazebo -- -j24 -l24
[0.041s] Invoked command in '/home/jack/src/RoboTerrain/ros2_ws/build/roverrobotics_gazebo' returned '0': CMAKE_PREFIX_PATH=/home/jack/src/RoboTerrain/ros2_ws/install/roverrobotics_description:/home/jack/src/RoboTerrain/ros2_ws/install/roverrobotics_input_manager:/home/jack/src/RoboTerrain/ros2_ws/install/roverrobotics_gazebo:/home/jack/src/RoboTerrain/ros2_ws/install/roverrobotics_driver:/home/jack/ros2_ws/install/custom_turtlebot4_bringup:/home/jack/src/RoboTerrain/ros2_ws/install/rover_metrics:/home/jack/ros2_ws/install/unity_slam_example:/home/jack/ros2_ws/install/camera_subscriber:/home/jack/rover_workspace/install/roverrobotics_input_manager:/home/jack/rover_workspace/install/roverrobotics_gazebo:/home/jack/rover_workspace/install/roverrobotics_driver:/home/jack/rover_workspace/install/roverrobotics_description:/home/jack/rover_workspace/install/rover_metrics:/opt/ros/humble /usr/bin/cmake --build /home/jack/src/RoboTerrain/ros2_ws/build/roverrobotics_gazebo -- -j24 -l24
[0.057s] Invoking command in '/home/jack/src/RoboTerrain/ros2_ws/build/roverrobotics_gazebo': CMAKE_PREFIX_PATH=/home/jack/src/RoboTerrain/ros2_ws/install/roverrobotics_description:/home/jack/src/RoboTerrain/ros2_ws/install/roverrobotics_input_manager:/home/jack/src/RoboTerrain/ros2_ws/install/roverrobotics_gazebo:/home/jack/src/RoboTerrain/ros2_ws/install/roverrobotics_driver:/home/jack/ros2_ws/install/custom_turtlebot4_bringup:/home/jack/src/RoboTerrain/ros2_ws/install/rover_metrics:/home/jack/ros2_ws/install/unity_slam_example:/home/jack/ros2_ws/install/camera_subscriber:/home/jack/rover_workspace/install/roverrobotics_input_manager:/home/jack/rover_workspace/install/roverrobotics_gazebo:/home/jack/rover_workspace/install/roverrobotics_driver:/home/jack/rover_workspace/install/roverrobotics_description:/home/jack/rover_workspace/install/rover_metrics:/opt/ros/humble /usr/bin/cmake --install /home/jack/src/RoboTerrain/ros2_ws/build/roverrobotics_gazebo
[0.062s] -- Install configuration: ""
[0.062s] -- Up-to-date: /home/jack/src/RoboTerrain/ros2_ws/install/roverrobotics_gazebo/share/roverrobotics_gazebo/launch
[0.062s] -- Installing: /home/jack/src/RoboTerrain/ros2_ws/install/roverrobotics_gazebo/share/roverrobotics_gazebo/launch/4wd_rover_gazebo.launch.py
[0.062s] -- Up-to-date: /home/jack/src/RoboTerrain/ros2_ws/install/roverrobotics_gazebo/share/roverrobotics_gazebo/launch/max_gazebo.launch.py
[0.062s] -- Up-to-date: /home/jack/src/RoboTerrain/ros2_ws/install/roverrobotics_gazebo/share/roverrobotics_gazebo/launch/origin_4wd_rover_gazebo.launch.py
[0.063s] -- Up-to-date: /home/jack/src/RoboTerrain/ros2_ws/install/roverrobotics_gazebo/share/roverrobotics_gazebo/launch/flipper_gazebo.launch.py
[0.063s] -- Up-to-date: /home/jack/src/RoboTerrain/ros2_ws/install/roverrobotics_gazebo/share/roverrobotics_gazebo/launch/origin_4wd_rover_gazebo.launch.py~
[0.063s] -- Up-to-date: /home/jack/src/RoboTerrain/ros2_ws/install/roverrobotics_gazebo/share/roverrobotics_gazebo/launch/miti_gazebo.launch.py
[0.063s] -- Up-to-date: /home/jack/src/RoboTerrain/ros2_ws/install/roverrobotics_gazebo/share/roverrobotics_gazebo/launch/4wd_rover_gazebo.launch.py~
[0.063s] -- Up-to-date: /home/jack/src/RoboTerrain/ros2_ws/install/roverrobotics_gazebo/share/roverrobotics_gazebo/launch/mini_gazebo.launch.py
[0.063s] -- Up-to-date: /home/jack/src/RoboTerrain/ros2_ws/install/roverrobotics_gazebo/share/roverrobotics_gazebo/launch/2wd_rover_gazebo.launch.py
[0.063s] -- Up-to-date: /home/jack/src/RoboTerrain/ros2_ws/install/roverrobotics_gazebo/share/roverrobotics_gazebo/launch/indoor_miti_gazebo.launch.py
[0.063s] -- Up-to-date: /home/jack/src/RoboTerrain/ros2_ws/install/roverrobotics_gazebo/share/roverrobotics_gazebo/worlds
[0.063s] -- Up-to-date: /home/jack/src/RoboTerrain/ros2_ws/install/roverrobotics_gazebo/share/roverrobotics_gazebo/worlds/maze.sdf
[0.063s] -- Up-to-date: /home/jack/src/RoboTerrain/ros2_ws/install/roverrobotics_gazebo/share/roverrobotics_gazebo/worlds/moon_garden.sdf
[0.063s] -- Up-to-date: /home/jack/src/RoboTerrain/ros2_ws/install/roverrobotics_gazebo/share/roverrobotics_gazebo/worlds/fortress.sdf
[0.063s] -- Up-to-date: /home/jack/src/RoboTerrain/ros2_ws/install/roverrobotics_gazebo/share/roverrobotics_gazebo/worlds/office_cpr_construction.sdf
[0.063s] -- Up-to-date: /home/jack/src/RoboTerrain/ros2_ws/install/roverrobotics_gazebo/share/roverrobotics_gazebo/worlds/warehouse.sdf
[0.063s] -- Up-to-date: /home/jack/src/RoboTerrain/ros2_ws/install/roverrobotics_gazebo/share/roverrobotics_gazebo/worlds/simplecave3.sdf
[0.063s] -- Up-to-date: /home/jack/src/RoboTerrain/ros2_ws/install/roverrobotics_gazebo/share/roverrobotics_gazebo/worlds/rubicon.sdf
[0.063s] -- Up-to-date: /home/jack/src/RoboTerrain/ros2_ws/install/roverrobotics_gazebo/share/roverrobotics_gazebo/worlds/office_cpr_construction.world
[0.063s] -- Up-to-date: /home/jack/src/RoboTerrain/ros2_ws/install/roverrobotics_gazebo/share/roverrobotics_gazebo/worlds/inspection.world
[0.063s] -- Up-to-date: /home/jack/src/RoboTerrain/ros2_ws/install/roverrobotics_gazebo/share/roverrobotics_gazebo/worlds/agriculture.world
[0.063s] -- Up-to-date: /home/jack/src/RoboTerrain/ros2_ws/install/roverrobotics_gazebo/share/roverrobotics_gazebo/worlds/yosemite.world
[0.063s] -- Up-to-date: /home/jack/src/RoboTerrain/ros2_ws/install/roverrobotics_gazebo/share/roverrobotics_gazebo/worlds/maze_and_person.sdf
[0.063s] -- Up-to-date: /home/jack/src/RoboTerrain/ros2_ws/install/roverrobotics_gazebo/share/roverrobotics_gazebo/worlds/harmonic.sdf
[0.063s] -- Up-to-date: /home/jack/src/RoboTerrain/ros2_ws/install/roverrobotics_gazebo/share/roverrobotics_gazebo/worlds/depot.sdf
[0.063s] -- Up-to-date: /home/jack/src/RoboTerrain/ros2_ws/install/roverrobotics_gazebo/share/roverrobotics_gazebo/worlds/harmonic.sdf~
[0.064s] -- Up-to-date: /home/jack/src/RoboTerrain/ros2_ws/install/roverrobotics_gazebo/share/roverrobotics_gazebo/worlds/office_cpr_construction.world~
[0.064s] -- Up-to-date: /home/jack/src/RoboTerrain/ros2_ws/install/roverrobotics_gazebo/share/roverrobotics_gazebo/worlds/upb12.sdf
[0.064s] -- Up-to-date: /home/jack/src/RoboTerrain/ros2_ws/install/roverrobotics_gazebo/share/ament_index/resource_index/package_run_dependencies/roverrobotics_gazebo
[0.064s] -- Up-to-date: /home/jack/src/RoboTerrain/ros2_ws/install/roverrobotics_gazebo/share/ament_index/resource_index/parent_prefix_path/roverrobotics_gazebo
[0.064s] -- Up-to-date: /home/jack/src/RoboTerrain/ros2_ws/install/roverrobotics_gazebo/share/roverrobotics_gazebo/environment/ament_prefix_path.sh
[0.064s] -- Up-to-date: /home/jack/src/RoboTerrain/ros2_ws/install/roverrobotics_gazebo/share/roverrobotics_gazebo/environment/ament_prefix_path.dsv
[0.064s] -- Up-to-date: /home/jack/src/RoboTerrain/ros2_ws/install/roverrobotics_gazebo/share/roverrobotics_gazebo/environment/path.sh
[0.064s] -- Up-to-date: /home/jack/src/RoboTerrain/ros2_ws/install/roverrobotics_gazebo/share/roverrobotics_gazebo/environment/path.dsv
[0.064s] -- Up-to-date: /home/jack/src/RoboTerrain/ros2_ws/install/roverrobotics_gazebo/share/roverrobotics_gazebo/local_setup.bash
[0.064s] -- Up-to-date: /home/jack/src/RoboTerrain/ros2_ws/install/roverrobotics_gazebo/share/roverrobotics_gazebo/local_setup.sh
[0.064s] -- Up-to-date: /home/jack/src/RoboTerrain/ros2_ws/install/roverrobotics_gazebo/share/roverrobotics_gazebo/local_setup.zsh
[0.064s] -- Up-to-date: /home/jack/src/RoboTerrain/ros2_ws/install/roverrobotics_gazebo/share/roverrobotics_gazebo/local_setup.dsv
[0.064s] -- Installing: /home/jack/src/RoboTerrain/ros2_ws/install/roverrobotics_gazebo/share/roverrobotics_gazebo/package.dsv
[0.064s] -- Up-to-date: /home/jack/src/RoboTerrain/ros2_ws/install/roverrobotics_gazebo/share/ament_index/resource_index/packages/roverrobotics_gazebo
[0.064s] -- Up-to-date: /home/jack/src/RoboTerrain/ros2_ws/install/roverrobotics_gazebo/share/roverrobotics_gazebo/cmake/roverrobotics_gazeboConfig.cmake
[0.064s] -- Up-to-date: /home/jack/src/RoboTerrain/ros2_ws/install/roverrobotics_gazebo/share/roverrobotics_gazebo/cmake/roverrobotics_gazeboConfig-version.cmake
[0.064s] -- Up-to-date: /home/jack/src/RoboTerrain/ros2_ws/install/roverrobotics_gazebo/share/roverrobotics_gazebo/package.xml
[0.064s] Invoked command in '/home/jack/src/RoboTerrain/ros2_ws/build/roverrobotics_gazebo' returned '0': CMAKE_PREFIX_PATH=/home/jack/src/RoboTerrain/ros2_ws/install/roverrobotics_description:/home/jack/src/RoboTerrain/ros2_ws/install/roverrobotics_input_manager:/home/jack/src/RoboTerrain/ros2_ws/install/roverrobotics_gazebo:/home/jack/src/RoboTerrain/ros2_ws/install/roverrobotics_driver:/home/jack/ros2_ws/install/custom_turtlebot4_bringup:/home/jack/src/RoboTerrain/ros2_ws/install/rover_metrics:/home/jack/ros2_ws/install/unity_slam_example:/home/jack/ros2_ws/install/camera_subscriber:/home/jack/rover_workspace/install/roverrobotics_input_manager:/home/jack/rover_workspace/install/roverrobotics_gazebo:/home/jack/rover_workspace/install/roverrobotics_driver:/home/jack/rover_workspace/install/roverrobotics_description:/home/jack/rover_workspace/install/rover_metrics:/opt/ros/humble /usr/bin/cmake --install /home/jack/src/RoboTerrain/ros2_ws/build/roverrobotics_gazebo
