[0.018s] Invoking command in '/home/jack/src/RoboTerrain/ros2_ws/build/roverrobotics_description': CMAKE_PREFIX_PATH=${CMAKE_PREFIX_PATH}:/home/jack/src/RoboTerrain/ros2_ws/install/rover_metrics:/home/jack/ros2_ws/install/unity_slam_example:/home/jack/ros2_ws/install/camera_subscriber:/home/jack/rover_workspace/install/roverrobotics_input_manager:/home/jack/rover_workspace/install/roverrobotics_gazebo:/home/jack/rover_workspace/install/roverrobotics_driver:/home/jack/rover_workspace/install/roverrobotics_description:/home/jack/rover_workspace/install/rover_metrics:/opt/ros/humble /usr/bin/cmake --build /home/jack/src/RoboTerrain/ros2_ws/build/roverrobotics_description -- -j24 -l24
[0.193s] Invoked command in '/home/jack/src/RoboTerrain/ros2_ws/build/roverrobotics_description' returned '0': CMAKE_PREFIX_PATH=${CMAKE_PREFIX_PATH}:/home/jack/src/RoboTerrain/ros2_ws/install/rover_metrics:/home/jack/ros2_ws/install/unity_slam_example:/home/jack/ros2_ws/install/camera_subscriber:/home/jack/rover_workspace/install/roverrobotics_input_manager:/home/jack/rover_workspace/install/roverrobotics_gazebo:/home/jack/rover_workspace/install/roverrobotics_driver:/home/jack/rover_workspace/install/roverrobotics_description:/home/jack/rover_workspace/install/rover_metrics:/opt/ros/humble /usr/bin/cmake --build /home/jack/src/RoboTerrain/ros2_ws/build/roverrobotics_description -- -j24 -l24
[0.214s] Invoking command in '/home/jack/src/RoboTerrain/ros2_ws/build/roverrobotics_description': CMAKE_PREFIX_PATH=${CMAKE_PREFIX_PATH}:/home/jack/src/RoboTerrain/ros2_ws/install/rover_metrics:/home/jack/ros2_ws/install/unity_slam_example:/home/jack/ros2_ws/install/camera_subscriber:/home/jack/rover_workspace/install/roverrobotics_input_manager:/home/jack/rover_workspace/install/roverrobotics_gazebo:/home/jack/rover_workspace/install/roverrobotics_driver:/home/jack/rover_workspace/install/roverrobotics_description:/home/jack/rover_workspace/install/rover_metrics:/opt/ros/humble /usr/bin/cmake --install /home/jack/src/RoboTerrain/ros2_ws/build/roverrobotics_description
[0.219s] -- Install configuration: ""
[0.219s] -- Up-to-date: /home/jack/src/RoboTerrain/ros2_ws/install/roverrobotics_description/share/roverrobotics_description/rviz
[0.219s] -- Up-to-date: /home/jack/src/RoboTerrain/ros2_ws/install/roverrobotics_description/share/roverrobotics_description/rviz/urdf.rviz
[0.219s] -- Up-to-date: /home/jack/src/RoboTerrain/ros2_ws/install/roverrobotics_description/share/roverrobotics_description/launch
[0.219s] -- Up-to-date: /home/jack/src/RoboTerrain/ros2_ws/install/roverrobotics_description/share/roverrobotics_description/launch/display_miti65.launch.py
[0.219s] -- Up-to-date: /home/jack/src/RoboTerrain/ros2_ws/install/roverrobotics_description/share/roverrobotics_description/launch/display_2wd_rover.launch.py
[0.219s] -- Up-to-date: /home/jack/src/RoboTerrain/ros2_ws/install/roverrobotics_description/share/roverrobotics_description/launch/display_4wd_rover.launch.py
[0.219s] -- Up-to-date: /home/jack/src/RoboTerrain/ros2_ws/install/roverrobotics_description/share/roverrobotics_description/launch/display_mini.launch.py
[0.219s] -- Up-to-date: /home/jack/src/RoboTerrain/ros2_ws/install/roverrobotics_description/share/roverrobotics_description/launch/display_flipper.launch.py
[0.220s] -- Up-to-date: /home/jack/src/RoboTerrain/ros2_ws/install/roverrobotics_description/share/roverrobotics_description/launch/display_max.launch.py
[0.220s] -- Up-to-date: /home/jack/src/RoboTerrain/ros2_ws/install/roverrobotics_description/share/roverrobotics_description/launch/display_miti.launch.py
[0.220s] -- Up-to-date: /home/jack/src/RoboTerrain/ros2_ws/install/roverrobotics_description/share/roverrobotics_description/meshes
[0.220s] -- Up-to-date: /home/jack/src/RoboTerrain/ros2_ws/install/roverrobotics_description/share/roverrobotics_description/meshes/rover_payload.dae
[0.220s] -- Up-to-date: /home/jack/src/RoboTerrain/ros2_ws/install/roverrobotics_description/share/roverrobotics_description/meshes/hub_6.5in.dae
[0.220s] -- Up-to-date: /home/jack/src/RoboTerrain/ros2_ws/install/roverrobotics_description/share/roverrobotics_description/meshes/castor.dae
[0.220s] -- Up-to-date: /home/jack/src/RoboTerrain/ros2_ws/install/roverrobotics_description/share/roverrobotics_description/meshes/mini_chassis.dae
[0.220s] -- Up-to-date: /home/jack/src/RoboTerrain/ros2_ws/install/roverrobotics_description/share/roverrobotics_description/meshes/pro_tire.dae
[0.220s] -- Up-to-date: /home/jack/src/RoboTerrain/ros2_ws/install/roverrobotics_description/share/roverrobotics_description/meshes/max_wheels.dae
[0.220s] -- Up-to-date: /home/jack/src/RoboTerrain/ros2_ws/install/roverrobotics_description/share/roverrobotics_description/meshes/max_chassis.dae
[0.220s] -- Up-to-date: /home/jack/src/RoboTerrain/ros2_ws/install/roverrobotics_description/share/roverrobotics_description/meshes/flipper.dae
[0.220s] -- Up-to-date: /home/jack/src/RoboTerrain/ros2_ws/install/roverrobotics_description/share/roverrobotics_description/meshes/flipper_chassis.dae
[0.220s] -- Up-to-date: /home/jack/src/RoboTerrain/ros2_ws/install/roverrobotics_description/share/roverrobotics_description/meshes/castor_housing.dae
[0.220s] -- Up-to-date: /home/jack/src/RoboTerrain/ros2_ws/install/roverrobotics_description/share/roverrobotics_description/meshes/rplidar_s2.dae
[0.220s] -- Up-to-date: /home/jack/src/RoboTerrain/ros2_ws/install/roverrobotics_description/share/roverrobotics_description/meshes/miti_chassis.dae
[0.220s] -- Up-to-date: /home/jack/src/RoboTerrain/ros2_ws/install/roverrobotics_description/share/roverrobotics_description/meshes/flipper_track.dae
[0.220s] -- Up-to-date: /home/jack/src/RoboTerrain/ros2_ws/install/roverrobotics_description/share/roverrobotics_description/meshes/hub_10in.dae
[0.220s] -- Up-to-date: /home/jack/src/RoboTerrain/ros2_ws/install/roverrobotics_description/share/roverrobotics_description/meshes/rover_2wd_core.dae
[0.220s] -- Up-to-date: /home/jack/src/RoboTerrain/ros2_ws/install/roverrobotics_description/share/roverrobotics_description/urdf
[0.220s] -- Up-to-date: /home/jack/src/RoboTerrain/ros2_ws/install/roverrobotics_description/share/roverrobotics_description/urdf/max.urdf
[0.220s] -- Up-to-date: /home/jack/src/RoboTerrain/ros2_ws/install/roverrobotics_description/share/roverrobotics_description/urdf/mini.urdf
[0.221s] -- Up-to-date: /home/jack/src/RoboTerrain/ros2_ws/install/roverrobotics_description/share/roverrobotics_description/urdf/accessories
[0.221s] -- Up-to-date: /home/jack/src/RoboTerrain/ros2_ws/install/roverrobotics_description/share/roverrobotics_description/urdf/accessories/rover_dev_payload.urdf
[0.221s] -- Up-to-date: /home/jack/src/RoboTerrain/ros2_ws/install/roverrobotics_description/share/roverrobotics_description/urdf/accessories/rplidar_s2.urdf
[0.221s] -- Up-to-date: /home/jack/src/RoboTerrain/ros2_ws/install/roverrobotics_description/share/roverrobotics_description/urdf/accessories/imu.urdf
[0.221s] -- Up-to-date: /home/jack/src/RoboTerrain/ros2_ws/install/roverrobotics_description/share/roverrobotics_description/urdf/flipper.urdf
[0.221s] -- Up-to-date: /home/jack/src/RoboTerrain/ros2_ws/install/roverrobotics_description/share/roverrobotics_description/urdf/camera_rover_4wd.sdf
[0.221s] -- Up-to-date: /home/jack/src/RoboTerrain/ros2_ws/install/roverrobotics_description/share/roverrobotics_description/urdf/camera_rover_4wd.sdf~
[0.221s] -- Up-to-date: /home/jack/src/RoboTerrain/ros2_ws/install/roverrobotics_description/share/roverrobotics_description/urdf/miti65.urdf
[0.221s] -- Up-to-date: /home/jack/src/RoboTerrain/ros2_ws/install/roverrobotics_description/share/roverrobotics_description/urdf/rover_2wd.urdf
[0.221s] -- Up-to-date: /home/jack/src/RoboTerrain/ros2_ws/install/roverrobotics_description/share/roverrobotics_description/urdf/rover_4wd.urdf
[0.221s] -- Up-to-date: /home/jack/src/RoboTerrain/ros2_ws/install/roverrobotics_description/share/roverrobotics_description/urdf/miti.urdf
[0.221s] -- Up-to-date: /home/jack/src/RoboTerrain/ros2_ws/install/roverrobotics_description/share/ament_index/resource_index/package_run_dependencies/roverrobotics_description
[0.221s] -- Up-to-date: /home/jack/src/RoboTerrain/ros2_ws/install/roverrobotics_description/share/ament_index/resource_index/parent_prefix_path/roverrobotics_description
[0.221s] -- Up-to-date: /home/jack/src/RoboTerrain/ros2_ws/install/roverrobotics_description/share/roverrobotics_description/environment/ament_prefix_path.sh
[0.221s] -- Up-to-date: /home/jack/src/RoboTerrain/ros2_ws/install/roverrobotics_description/share/roverrobotics_description/environment/ament_prefix_path.dsv
[0.221s] -- Up-to-date: /home/jack/src/RoboTerrain/ros2_ws/install/roverrobotics_description/share/roverrobotics_description/environment/path.sh
[0.221s] -- Up-to-date: /home/jack/src/RoboTerrain/ros2_ws/install/roverrobotics_description/share/roverrobotics_description/environment/path.dsv
[0.221s] -- Up-to-date: /home/jack/src/RoboTerrain/ros2_ws/install/roverrobotics_description/share/roverrobotics_description/local_setup.bash
[0.221s] -- Up-to-date: /home/jack/src/RoboTerrain/ros2_ws/install/roverrobotics_description/share/roverrobotics_description/local_setup.sh
[0.221s] -- Up-to-date: /home/jack/src/RoboTerrain/ros2_ws/install/roverrobotics_description/share/roverrobotics_description/local_setup.zsh
[0.221s] -- Up-to-date: /home/jack/src/RoboTerrain/ros2_ws/install/roverrobotics_description/share/roverrobotics_description/local_setup.dsv
[0.221s] -- Installing: /home/jack/src/RoboTerrain/ros2_ws/install/roverrobotics_description/share/roverrobotics_description/package.dsv
[0.221s] -- Up-to-date: /home/jack/src/RoboTerrain/ros2_ws/install/roverrobotics_description/share/ament_index/resource_index/packages/roverrobotics_description
[0.222s] -- Up-to-date: /home/jack/src/RoboTerrain/ros2_ws/install/roverrobotics_description/share/roverrobotics_description/cmake/roverrobotics_descriptionConfig.cmake
[0.222s] -- Up-to-date: /home/jack/src/RoboTerrain/ros2_ws/install/roverrobotics_description/share/roverrobotics_description/cmake/roverrobotics_descriptionConfig-version.cmake
[0.222s] -- Up-to-date: /home/jack/src/RoboTerrain/ros2_ws/install/roverrobotics_description/share/roverrobotics_description/package.xml
[0.222s] Invoked command in '/home/jack/src/RoboTerrain/ros2_ws/build/roverrobotics_description' returned '0': CMAKE_PREFIX_PATH=${CMAKE_PREFIX_PATH}:/home/jack/src/RoboTerrain/ros2_ws/install/rover_metrics:/home/jack/ros2_ws/install/unity_slam_example:/home/jack/ros2_ws/install/camera_subscriber:/home/jack/rover_workspace/install/roverrobotics_input_manager:/home/jack/rover_workspace/install/roverrobotics_gazebo:/home/jack/rover_workspace/install/roverrobotics_driver:/home/jack/rover_workspace/install/roverrobotics_description:/home/jack/rover_workspace/install/rover_metrics:/opt/ros/humble /usr/bin/cmake --install /home/jack/src/RoboTerrain/ros2_ws/build/roverrobotics_description
