[0.016s] Invoking command in '/home/jack/src/RoboTerrain/ros2_ws/build/roverrobotics_description': CMAKE_PREFIX_PATH=${CMAKE_PREFIX_PATH}:/home/jack/ros2_ws/install/unity_slam_example:/home/jack/ros2_ws/install/camera_subscriber:/home/jack/rover_workspace/install/rover_metrics:/opt/ros/humble /usr/bin/cmake /home/jack/src/RoboTerrain/ros2_ws/src/roverrobotics_ros2/roverrobotics_description -DCMAKE_INSTALL_PREFIX=/home/jack/src/RoboTerrain/ros2_ws/install/roverrobotics_description
[0.203s] -- The C compiler identification is GNU 11.4.0
[0.203s] -- The CXX compiler identification is GNU 11.4.0
[0.203s] -- Detecting C compiler ABI info
[0.255s] -- Detecting C compiler ABI info - done
[0.259s] -- Check for working C compiler: /usr/bin/cc - skipped
[0.260s] -- Detecting C compile features
[0.260s] -- Detecting C compile features - done
[0.262s] -- Detecting CXX compiler ABI info
[0.323s] -- Detecting CXX compiler ABI info - done
[0.329s] -- Check for working CXX compiler: /usr/bin/c++ - skipped
[0.329s] -- Detecting CXX compile features
[0.329s] -- Detecting CXX compile features - done
[0.333s] -- Found ament_cmake: 1.3.10 (/opt/ros/humble/share/ament_cmake/cmake)
[0.446s] -- Found Python3: /usr/bin/python3 (found version "3.10.12") found components: Interpreter 
[0.559s] -- Configuring done
[0.561s] -- Generating done
[0.561s] -- Build files have been written to: /home/jack/src/RoboTerrain/ros2_ws/build/roverrobotics_description
[0.565s] Invoked command in '/home/jack/src/RoboTerrain/ros2_ws/build/roverrobotics_description' returned '0': CMAKE_PREFIX_PATH=${CMAKE_PREFIX_PATH}:/home/jack/ros2_ws/install/unity_slam_example:/home/jack/ros2_ws/install/camera_subscriber:/home/jack/rover_workspace/install/rover_metrics:/opt/ros/humble /usr/bin/cmake /home/jack/src/RoboTerrain/ros2_ws/src/roverrobotics_ros2/roverrobotics_description -DCMAKE_INSTALL_PREFIX=/home/jack/src/RoboTerrain/ros2_ws/install/roverrobotics_description
[0.567s] Invoking command in '/home/jack/src/RoboTerrain/ros2_ws/build/roverrobotics_description': CMAKE_PREFIX_PATH=${CMAKE_PREFIX_PATH}:/home/jack/ros2_ws/install/unity_slam_example:/home/jack/ros2_ws/install/camera_subscriber:/home/jack/rover_workspace/install/rover_metrics:/opt/ros/humble /usr/bin/cmake --build /home/jack/src/RoboTerrain/ros2_ws/build/roverrobotics_description -- -j24 -l24
[0.593s] Invoked command in '/home/jack/src/RoboTerrain/ros2_ws/build/roverrobotics_description' returned '0': CMAKE_PREFIX_PATH=${CMAKE_PREFIX_PATH}:/home/jack/ros2_ws/install/unity_slam_example:/home/jack/ros2_ws/install/camera_subscriber:/home/jack/rover_workspace/install/rover_metrics:/opt/ros/humble /usr/bin/cmake --build /home/jack/src/RoboTerrain/ros2_ws/build/roverrobotics_description -- -j24 -l24
[0.614s] Invoking command in '/home/jack/src/RoboTerrain/ros2_ws/build/roverrobotics_description': CMAKE_PREFIX_PATH=${CMAKE_PREFIX_PATH}:/home/jack/ros2_ws/install/unity_slam_example:/home/jack/ros2_ws/install/camera_subscriber:/home/jack/rover_workspace/install/rover_metrics:/opt/ros/humble /usr/bin/cmake --install /home/jack/src/RoboTerrain/ros2_ws/build/roverrobotics_description
[0.619s] -- Install configuration: ""
[0.619s] -- Installing: /home/jack/src/RoboTerrain/ros2_ws/install/roverrobotics_description/share/roverrobotics_description/rviz
[0.619s] -- Installing: /home/jack/src/RoboTerrain/ros2_ws/install/roverrobotics_description/share/roverrobotics_description/rviz/urdf.rviz
[0.619s] -- Installing: /home/jack/src/RoboTerrain/ros2_ws/install/roverrobotics_description/share/roverrobotics_description/launch
[0.619s] -- Installing: /home/jack/src/RoboTerrain/ros2_ws/install/roverrobotics_description/share/roverrobotics_description/launch/display_miti65.launch.py
[0.619s] -- Installing: /home/jack/src/RoboTerrain/ros2_ws/install/roverrobotics_description/share/roverrobotics_description/launch/display_2wd_rover.launch.py
[0.620s] -- Installing: /home/jack/src/RoboTerrain/ros2_ws/install/roverrobotics_description/share/roverrobotics_description/launch/display_4wd_rover.launch.py
[0.620s] -- Installing: /home/jack/src/RoboTerrain/ros2_ws/install/roverrobotics_description/share/roverrobotics_description/launch/display_mini.launch.py
[0.620s] -- Installing: /home/jack/src/RoboTerrain/ros2_ws/install/roverrobotics_description/share/roverrobotics_description/launch/display_flipper.launch.py
[0.620s] -- Installing: /home/jack/src/RoboTerrain/ros2_ws/install/roverrobotics_description/share/roverrobotics_description/launch/display_max.launch.py
[0.620s] -- Installing: /home/jack/src/RoboTerrain/ros2_ws/install/roverrobotics_description/share/roverrobotics_description/launch/display_miti.launch.py
[0.620s] -- Installing: /home/jack/src/RoboTerrain/ros2_ws/install/roverrobotics_description/share/roverrobotics_description/meshes
[0.620s] -- Installing: /home/jack/src/RoboTerrain/ros2_ws/install/roverrobotics_description/share/roverrobotics_description/meshes/rover_payload.dae
[0.639s] -- Installing: /home/jack/src/RoboTerrain/ros2_ws/install/roverrobotics_description/share/roverrobotics_description/meshes/hub_6.5in.dae
[0.639s] -- Installing: /home/jack/src/RoboTerrain/ros2_ws/install/roverrobotics_description/share/roverrobotics_description/meshes/castor.dae
[0.639s] -- Installing: /home/jack/src/RoboTerrain/ros2_ws/install/roverrobotics_description/share/roverrobotics_description/meshes/mini_chassis.dae
[0.663s] -- Installing: /home/jack/src/RoboTerrain/ros2_ws/install/roverrobotics_description/share/roverrobotics_description/meshes/pro_tire.dae
[0.663s] -- Installing: /home/jack/src/RoboTerrain/ros2_ws/install/roverrobotics_description/share/roverrobotics_description/meshes/max_wheels.dae
[0.663s] -- Installing: /home/jack/src/RoboTerrain/ros2_ws/install/roverrobotics_description/share/roverrobotics_description/meshes/max_chassis.dae
[0.677s] -- Installing: /home/jack/src/RoboTerrain/ros2_ws/install/roverrobotics_description/share/roverrobotics_description/meshes/flipper.dae
[0.694s] -- Installing: /home/jack/src/RoboTerrain/ros2_ws/install/roverrobotics_description/share/roverrobotics_description/meshes/flipper_chassis.dae
[0.712s] -- Installing: /home/jack/src/RoboTerrain/ros2_ws/install/roverrobotics_description/share/roverrobotics_description/meshes/castor_housing.dae
[0.713s] -- Installing: /home/jack/src/RoboTerrain/ros2_ws/install/roverrobotics_description/share/roverrobotics_description/meshes/rplidar_s2.dae
[0.714s] -- Installing: /home/jack/src/RoboTerrain/ros2_ws/install/roverrobotics_description/share/roverrobotics_description/meshes/miti_chassis.dae
[0.739s] -- Installing: /home/jack/src/RoboTerrain/ros2_ws/install/roverrobotics_description/share/roverrobotics_description/meshes/flipper_track.dae
[0.740s] -- Installing: /home/jack/src/RoboTerrain/ros2_ws/install/roverrobotics_description/share/roverrobotics_description/meshes/hub_10in.dae
[0.741s] -- Installing: /home/jack/src/RoboTerrain/ros2_ws/install/roverrobotics_description/share/roverrobotics_description/meshes/rover_2wd_core.dae
[0.754s] -- Installing: /home/jack/src/RoboTerrain/ros2_ws/install/roverrobotics_description/share/roverrobotics_description/urdf
[0.754s] -- Installing: /home/jack/src/RoboTerrain/ros2_ws/install/roverrobotics_description/share/roverrobotics_description/urdf/max.urdf
[0.754s] -- Installing: /home/jack/src/RoboTerrain/ros2_ws/install/roverrobotics_description/share/roverrobotics_description/urdf/mini.urdf
[0.754s] -- Installing: /home/jack/src/RoboTerrain/ros2_ws/install/roverrobotics_description/share/roverrobotics_description/urdf/accessories
[0.755s] -- Installing: /home/jack/src/RoboTerrain/ros2_ws/install/roverrobotics_description/share/roverrobotics_description/urdf/accessories/rover_dev_payload.urdf
[0.755s] -- Installing: /home/jack/src/RoboTerrain/ros2_ws/install/roverrobotics_description/share/roverrobotics_description/urdf/accessories/rplidar_s2.urdf
[0.755s] -- Installing: /home/jack/src/RoboTerrain/ros2_ws/install/roverrobotics_description/share/roverrobotics_description/urdf/accessories/imu.urdf
[0.755s] -- Installing: /home/jack/src/RoboTerrain/ros2_ws/install/roverrobotics_description/share/roverrobotics_description/urdf/flipper.urdf
[0.755s] -- Installing: /home/jack/src/RoboTerrain/ros2_ws/install/roverrobotics_description/share/roverrobotics_description/urdf/miti65.urdf
[0.755s] -- Installing: /home/jack/src/RoboTerrain/ros2_ws/install/roverrobotics_description/share/roverrobotics_description/urdf/rover_2wd.urdf
[0.755s] -- Installing: /home/jack/src/RoboTerrain/ros2_ws/install/roverrobotics_description/share/roverrobotics_description/urdf/rover_4wd.urdf
[0.755s] -- Installing: /home/jack/src/RoboTerrain/ros2_ws/install/roverrobotics_description/share/roverrobotics_description/urdf/miti.urdf
[0.755s] -- Installing: /home/jack/src/RoboTerrain/ros2_ws/install/roverrobotics_description/share/ament_index/resource_index/package_run_dependencies/roverrobotics_description
[0.756s] -- Installing: /home/jack/src/RoboTerrain/ros2_ws/install/roverrobotics_description/share/ament_index/resource_index/parent_prefix_path/roverrobotics_description
[0.756s] -- Installing: /home/jack/src/RoboTerrain/ros2_ws/install/roverrobotics_description/share/roverrobotics_description/environment/ament_prefix_path.sh
[0.756s] -- Installing: /home/jack/src/RoboTerrain/ros2_ws/install/roverrobotics_description/share/roverrobotics_description/environment/ament_prefix_path.dsv
[0.756s] -- Installing: /home/jack/src/RoboTerrain/ros2_ws/install/roverrobotics_description/share/roverrobotics_description/environment/path.sh
[0.756s] -- Installing: /home/jack/src/RoboTerrain/ros2_ws/install/roverrobotics_description/share/roverrobotics_description/environment/path.dsv
[0.756s] -- Installing: /home/jack/src/RoboTerrain/ros2_ws/install/roverrobotics_description/share/roverrobotics_description/local_setup.bash
[0.756s] -- Installing: /home/jack/src/RoboTerrain/ros2_ws/install/roverrobotics_description/share/roverrobotics_description/local_setup.sh
[0.756s] -- Installing: /home/jack/src/RoboTerrain/ros2_ws/install/roverrobotics_description/share/roverrobotics_description/local_setup.zsh
[0.756s] -- Installing: /home/jack/src/RoboTerrain/ros2_ws/install/roverrobotics_description/share/roverrobotics_description/local_setup.dsv
[0.757s] -- Installing: /home/jack/src/RoboTerrain/ros2_ws/install/roverrobotics_description/share/roverrobotics_description/package.dsv
[0.757s] -- Installing: /home/jack/src/RoboTerrain/ros2_ws/install/roverrobotics_description/share/ament_index/resource_index/packages/roverrobotics_description
[0.757s] -- Installing: /home/jack/src/RoboTerrain/ros2_ws/install/roverrobotics_description/share/roverrobotics_description/cmake/roverrobotics_descriptionConfig.cmake
[0.757s] -- Installing: /home/jack/src/RoboTerrain/ros2_ws/install/roverrobotics_description/share/roverrobotics_description/cmake/roverrobotics_descriptionConfig-version.cmake
[0.757s] -- Installing: /home/jack/src/RoboTerrain/ros2_ws/install/roverrobotics_description/share/roverrobotics_description/package.xml
[0.759s] Invoked command in '/home/jack/src/RoboTerrain/ros2_ws/build/roverrobotics_description' returned '0': CMAKE_PREFIX_PATH=${CMAKE_PREFIX_PATH}:/home/jack/ros2_ws/install/unity_slam_example:/home/jack/ros2_ws/install/camera_subscriber:/home/jack/rover_workspace/install/rover_metrics:/opt/ros/humble /usr/bin/cmake --install /home/jack/src/RoboTerrain/ros2_ws/build/roverrobotics_description
