-- Found ament_cmake: 1.3.10 (/opt/ros/humble/share/ament_cmake/cmake)
[0mCMake Error: The current CMakeCache.txt directory /home/jack/src/RoboTerrain/ros2_ws/build/roverrobotics_description/CMakeCache.txt is different than the directory /home/jack/rover_workspace/build/roverrobotics_description where CMakeCache.txt was created. This may result in binaries being created in the wrong place. If you are not sure, reedit the CMakeCache.txt[0m
-- Configuring done
-- Generating done
-- Build files have been written to: /home/jack/rover_workspace/build/roverrobotics_description
-- Install configuration: ""
-- Up-to-date: /home/jack/rover_workspace/install/roverrobotics_description/share/roverrobotics_description/rviz
-- Up-to-date: /home/jack/rover_workspace/install/roverrobotics_description/share/roverrobotics_description/rviz/urdf.rviz
-- Up-to-date: /home/jack/rover_workspace/install/roverrobotics_description/share/roverrobotics_description/launch
-- Up-to-date: /home/jack/rover_workspace/install/roverrobotics_description/share/roverrobotics_description/launch/display_miti65.launch.py
-- Up-to-date: /home/jack/rover_workspace/install/roverrobotics_description/share/roverrobotics_description/launch/display_2wd_rover.launch.py
-- Up-to-date: /home/jack/rover_workspace/install/roverrobotics_description/share/roverrobotics_description/launch/display_4wd_rover.launch.py
-- Up-to-date: /home/jack/rover_workspace/install/roverrobotics_description/share/roverrobotics_description/launch/display_mini.launch.py
-- Up-to-date: /home/jack/rover_workspace/install/roverrobotics_description/share/roverrobotics_description/launch/display_flipper.launch.py
-- Up-to-date: /home/jack/rover_workspace/install/roverrobotics_description/share/roverrobotics_description/launch/display_max.launch.py
-- Up-to-date: /home/jack/rover_workspace/install/roverrobotics_description/share/roverrobotics_description/launch/display_miti.launch.py
-- Up-to-date: /home/jack/rover_workspace/install/roverrobotics_description/share/roverrobotics_description/meshes
-- Up-to-date: /home/jack/rover_workspace/install/roverrobotics_description/share/roverrobotics_description/meshes/rover_payload.dae
-- Up-to-date: /home/jack/rover_workspace/install/roverrobotics_description/share/roverrobotics_description/meshes/hub_6.5in.dae
-- Up-to-date: /home/jack/rover_workspace/install/roverrobotics_description/share/roverrobotics_description/meshes/castor.dae
-- Up-to-date: /home/jack/rover_workspace/install/roverrobotics_description/share/roverrobotics_description/meshes/mini_chassis.dae
-- Up-to-date: /home/jack/rover_workspace/install/roverrobotics_description/share/roverrobotics_description/meshes/pro_tire.dae
-- Up-to-date: /home/jack/rover_workspace/install/roverrobotics_description/share/roverrobotics_description/meshes/max_wheels.dae
-- Up-to-date: /home/jack/rover_workspace/install/roverrobotics_description/share/roverrobotics_description/meshes/max_chassis.dae
-- Up-to-date: /home/jack/rover_workspace/install/roverrobotics_description/share/roverrobotics_description/meshes/flipper.dae
-- Up-to-date: /home/jack/rover_workspace/install/roverrobotics_description/share/roverrobotics_description/meshes/flipper_chassis.dae
-- Up-to-date: /home/jack/rover_workspace/install/roverrobotics_description/share/roverrobotics_description/meshes/castor_housing.dae
-- Up-to-date: /home/jack/rover_workspace/install/roverrobotics_description/share/roverrobotics_description/meshes/rplidar_s2.dae
-- Up-to-date: /home/jack/rover_workspace/install/roverrobotics_description/share/roverrobotics_description/meshes/miti_chassis.dae
-- Up-to-date: /home/jack/rover_workspace/install/roverrobotics_description/share/roverrobotics_description/meshes/flipper_track.dae
-- Up-to-date: /home/jack/rover_workspace/install/roverrobotics_description/share/roverrobotics_description/meshes/hub_10in.dae
-- Up-to-date: /home/jack/rover_workspace/install/roverrobotics_description/share/roverrobotics_description/meshes/rover_2wd_core.dae
-- Up-to-date: /home/jack/rover_workspace/install/roverrobotics_description/share/roverrobotics_description/urdf
-- Up-to-date: /home/jack/rover_workspace/install/roverrobotics_description/share/roverrobotics_description/urdf/max.urdf
-- Up-to-date: /home/jack/rover_workspace/install/roverrobotics_description/share/roverrobotics_description/urdf/mini.urdf
-- Up-to-date: /home/jack/rover_workspace/install/roverrobotics_description/share/roverrobotics_description/urdf/#rover_4wd_flat.sdf#
-- Up-to-date: /home/jack/rover_workspace/install/roverrobotics_description/share/roverrobotics_description/urdf/accessories
-- Up-to-date: /home/jack/rover_workspace/install/roverrobotics_description/share/roverrobotics_description/urdf/accessories/rover_dev_payload.urdf
-- Up-to-date: /home/jack/rover_workspace/install/roverrobotics_description/share/roverrobotics_description/urdf/accessories/rplidar_s2.urdf
-- Up-to-date: /home/jack/rover_workspace/install/roverrobotics_description/share/roverrobotics_description/urdf/accessories/imu.urdf
-- Up-to-date: /home/jack/rover_workspace/install/roverrobotics_description/share/roverrobotics_description/urdf/rover_4wd.sdf~
-- Up-to-date: /home/jack/rover_workspace/install/roverrobotics_description/share/roverrobotics_description/urdf/flipper.urdf
-- Up-to-date: /home/jack/rover_workspace/install/roverrobotics_description/share/roverrobotics_description/urdf/camera_rover_4wd.sdf
-- Up-to-date: /home/jack/rover_workspace/install/roverrobotics_description/share/roverrobotics_description/urdf/camera_rover_4wd.sdf~
-- Up-to-date: /home/jack/rover_workspace/install/roverrobotics_description/share/roverrobotics_description/urdf/origin_rover_4wd.sdf
-- Up-to-date: /home/jack/rover_workspace/install/roverrobotics_description/share/roverrobotics_description/urdf/rover_4wd_flat.sdf
-- Up-to-date: /home/jack/rover_workspace/install/roverrobotics_description/share/roverrobotics_description/urdf/miti65.urdf
-- Up-to-date: /home/jack/rover_workspace/install/roverrobotics_description/share/roverrobotics_description/urdf/rover_4wd_temp.urdf
-- Up-to-date: /home/jack/rover_workspace/install/roverrobotics_description/share/roverrobotics_description/urdf/origin_rover_4wd.sdf~
-- Up-to-date: /home/jack/rover_workspace/install/roverrobotics_description/share/roverrobotics_description/urdf/rover_2wd.urdf
-- Up-to-date: /home/jack/rover_workspace/install/roverrobotics_description/share/roverrobotics_description/urdf/rover_4wd.urdf.xacro
-- Up-to-date: /home/jack/rover_workspace/install/roverrobotics_description/share/roverrobotics_description/urdf/rover_4wd.urdf
-- Up-to-date: /home/jack/rover_workspace/install/roverrobotics_description/share/roverrobotics_description/urdf/miti.urdf
-- Up-to-date: /home/jack/rover_workspace/install/roverrobotics_description/share/roverrobotics_description/urdf/rover_4wd.sdf
-- Up-to-date: /home/jack/rover_workspace/install/roverrobotics_description/share/ament_index/resource_index/package_run_dependencies/roverrobotics_description
-- Installing: /home/jack/rover_workspace/install/roverrobotics_description/share/ament_index/resource_index/parent_prefix_path/roverrobotics_description
-- Up-to-date: /home/jack/rover_workspace/install/roverrobotics_description/share/roverrobotics_description/environment/ament_prefix_path.sh
-- Installing: /home/jack/rover_workspace/install/roverrobotics_description/share/roverrobotics_description/environment/ament_prefix_path.dsv
-- Up-to-date: /home/jack/rover_workspace/install/roverrobotics_description/share/roverrobotics_description/environment/path.sh
-- Installing: /home/jack/rover_workspace/install/roverrobotics_description/share/roverrobotics_description/environment/path.dsv
-- Up-to-date: /home/jack/rover_workspace/install/roverrobotics_description/share/roverrobotics_description/local_setup.bash
-- Up-to-date: /home/jack/rover_workspace/install/roverrobotics_description/share/roverrobotics_description/local_setup.sh
-- Up-to-date: /home/jack/rover_workspace/install/roverrobotics_description/share/roverrobotics_description/local_setup.zsh
-- Installing: /home/jack/rover_workspace/install/roverrobotics_description/share/roverrobotics_description/local_setup.dsv
-- Installing: /home/jack/rover_workspace/install/roverrobotics_description/share/roverrobotics_description/package.dsv
-- Up-to-date: /home/jack/rover_workspace/install/roverrobotics_description/share/ament_index/resource_index/packages/roverrobotics_description
-- Up-to-date: /home/jack/rover_workspace/install/roverrobotics_description/share/roverrobotics_description/cmake/roverrobotics_descriptionConfig.cmake
-- Up-to-date: /home/jack/rover_workspace/install/roverrobotics_description/share/roverrobotics_description/cmake/roverrobotics_descriptionConfig-version.cmake
-- Up-to-date: /home/jack/rover_workspace/install/roverrobotics_description/share/roverrobotics_description/package.xml
