[0.190s] Invoking command in '/home/jack/src/RoboTerrain/build/roverrobotics_driver': CMAKE_PREFIX_PATH=${CMAKE_PREFIX_PATH}:/home/jack/src/RoboTerrain/ros2_ws/install/rover_metrics:/home/jack/ros2_ws/install/unity_slam_example:/home/jack/ros2_ws/install/camera_subscriber:/home/jack/rover_workspace/install/roverrobotics_input_manager:/home/jack/rover_workspace/install/roverrobotics_gazebo:/home/jack/rover_workspace/install/roverrobotics_driver:/home/jack/rover_workspace/install/roverrobotics_description:/home/jack/rover_workspace/install/rover_metrics:/opt/ros/humble /usr/bin/cmake /home/jack/src/RoboTerrain/ros2_ws/src/roverrobotics_ros2/roverrobotics_driver -DCMAKE_INSTALL_PREFIX=/home/jack/src/RoboTerrain/install/roverrobotics_driver
[0.230s] -- The C compiler identification is GNU 11.4.0
[0.269s] -- The CXX compiler identification is GNU 11.4.0
[0.274s] -- Detecting C compiler ABI info
[0.324s] -- Detecting C compiler ABI info - done
[0.329s] -- Check for working C compiler: /usr/bin/cc - skipped
[0.329s] -- Detecting C compile features
[0.329s] -- Detecting C compile features - done
[0.331s] -- Detecting CXX compiler ABI info
[0.389s] -- Detecting CXX compiler ABI info - done
[0.394s] -- Check for working CXX compiler: /usr/bin/c++ - skipped
[0.394s] -- Detecting CXX compile features
[0.394s] -- Detecting CXX compile features - done
[0.397s] -- Found ament_cmake: 1.3.11 (/opt/ros/humble/share/ament_cmake/cmake)
[0.504s] -- Found Python3: /usr/bin/python3 (found version "3.10.12") found components: Interpreter 
[0.605s] -- Found rclcpp: 16.0.11 (/opt/ros/humble/share/rclcpp/cmake)
[0.656s] -- Found rosidl_generator_c: 3.1.6 (/opt/ros/humble/share/rosidl_generator_c/cmake)
[0.662s] -- Found rosidl_adapter: 3.1.6 (/opt/ros/humble/share/rosidl_adapter/cmake)
[0.672s] -- Found rosidl_generator_cpp: 3.1.6 (/opt/ros/humble/share/rosidl_generator_cpp/cmake)
[0.690s] -- Using all available rosidl_typesupport_c: rosidl_typesupport_fastrtps_c;rosidl_typesupport_introspection_c
[0.707s] -- Using all available rosidl_typesupport_cpp: rosidl_typesupport_fastrtps_cpp;rosidl_typesupport_introspection_cpp
[0.757s] -- Found rmw_implementation_cmake: 6.1.2 (/opt/ros/humble/share/rmw_implementation_cmake/cmake)
[0.761s] -- Found rmw_fastrtps_cpp: 6.2.7 (/opt/ros/humble/share/rmw_fastrtps_cpp/cmake)
[0.846s] -- Found OpenSSL: /usr/lib/x86_64-linux-gnu/libcrypto.so (found version "3.0.2")  
[0.869s] -- Found FastRTPS: /opt/ros/humble/include  
[0.905s] -- Using RMW implementation 'rmw_fastrtps_cpp' as default
[0.917s] -- Looking for pthread.h
[0.973s] -- Looking for pthread.h - found
[0.974s] -- Performing Test CMAKE_HAVE_LIBC_PTHREAD
[1.026s] -- Performing Test CMAKE_HAVE_LIBC_PTHREAD - Success
[1.027s] -- Found Threads: TRUE  
[1.075s] -- Found geometry_msgs: 4.2.4 (/opt/ros/humble/share/geometry_msgs/cmake)
[1.087s] -- Found nav_msgs: 4.2.4 (/opt/ros/humble/share/nav_msgs/cmake)
[1.102s] -- Found tf2_geometry_msgs: 0.25.9 (/opt/ros/humble/share/tf2_geometry_msgs/cmake)
[1.113s] -- Found eigen3_cmake_module: 0.1.1 (/opt/ros/humble/share/eigen3_cmake_module/cmake)
[1.114s] -- Found Eigen3: TRUE (found version "3.4.0") 
[1.114s] -- Ensuring Eigen3 include directory is part of orocos-kdl CMake target
[1.216s] -- Found sensor_msgs: 4.2.4 (/opt/ros/humble/share/sensor_msgs/cmake)
[1.277s] -- Configuring done
[1.287s] -- Generating done
[1.291s] -- Build files have been written to: /home/jack/src/RoboTerrain/build/roverrobotics_driver
[1.300s] Invoked command in '/home/jack/src/RoboTerrain/build/roverrobotics_driver' returned '0': CMAKE_PREFIX_PATH=${CMAKE_PREFIX_PATH}:/home/jack/src/RoboTerrain/ros2_ws/install/rover_metrics:/home/jack/ros2_ws/install/unity_slam_example:/home/jack/ros2_ws/install/camera_subscriber:/home/jack/rover_workspace/install/roverrobotics_input_manager:/home/jack/rover_workspace/install/roverrobotics_gazebo:/home/jack/rover_workspace/install/roverrobotics_driver:/home/jack/rover_workspace/install/roverrobotics_description:/home/jack/rover_workspace/install/rover_metrics:/opt/ros/humble /usr/bin/cmake /home/jack/src/RoboTerrain/ros2_ws/src/roverrobotics_ros2/roverrobotics_driver -DCMAKE_INSTALL_PREFIX=/home/jack/src/RoboTerrain/install/roverrobotics_driver
[1.300s] Invoking command in '/home/jack/src/RoboTerrain/build/roverrobotics_driver': CMAKE_PREFIX_PATH=${CMAKE_PREFIX_PATH}:/home/jack/src/RoboTerrain/ros2_ws/install/rover_metrics:/home/jack/ros2_ws/install/unity_slam_example:/home/jack/ros2_ws/install/camera_subscriber:/home/jack/rover_workspace/install/roverrobotics_input_manager:/home/jack/rover_workspace/install/roverrobotics_gazebo:/home/jack/rover_workspace/install/roverrobotics_driver:/home/jack/rover_workspace/install/roverrobotics_description:/home/jack/rover_workspace/install/rover_metrics:/opt/ros/humble /usr/bin/cmake --build /home/jack/src/RoboTerrain/build/roverrobotics_driver -- -j24 -l24
[1.340s] [ 18%] [32mBuilding CXX object CMakeFiles/roverrobotics_driver.dir/src/roverrobotics_ros2_driver.cpp.o[0m
[1.340s] [ 18%] [32mBuilding CXX object CMakeFiles/roverrobotics_driver.dir/library/librover/src/protocol_pro.cpp.o[0m
[1.340s] [ 27%] [32mBuilding CXX object CMakeFiles/roverrobotics_driver.dir/library/librover/src/utils.cpp.o[0m
[1.340s] [ 36%] [32mBuilding CXX object CMakeFiles/roverrobotics_driver.dir/library/librover/src/comm_can.cpp.o[0m
[1.341s] [ 63%] [32mBuilding CXX object CMakeFiles/roverrobotics_driver.dir/library/librover/src/comm_serial.cpp.o[0m
[1.341s] [ 63%] [32mBuilding CXX object CMakeFiles/roverrobotics_driver.dir/library/librover/src/vesc.cpp.o[0m
[1.341s] [ 63%] [32mBuilding CXX object CMakeFiles/roverrobotics_driver.dir/library/librover/src/control.cpp.o[0m
[1.341s] [ 72%] [32mBuilding CXX object CMakeFiles/roverrobotics_driver.dir/library/librover/src/utilities.cpp.o[0m
[1.341s] [ 81%] [32mBuilding CXX object CMakeFiles/roverrobotics_driver.dir/library/librover/src/protocol_zero_2.cpp.o[0m
[1.341s] [ 90%] [32mBuilding CXX object CMakeFiles/roverrobotics_driver.dir/library/librover/src/differential_robot.cpp.o[0m
[14.941s] [100%] [32m[1mLinking CXX executable roverrobotics_driver[0m
[15.580s] [100%] Built target roverrobotics_driver
[15.589s] Invoked command in '/home/jack/src/RoboTerrain/build/roverrobotics_driver' returned '0': CMAKE_PREFIX_PATH=${CMAKE_PREFIX_PATH}:/home/jack/src/RoboTerrain/ros2_ws/install/rover_metrics:/home/jack/ros2_ws/install/unity_slam_example:/home/jack/ros2_ws/install/camera_subscriber:/home/jack/rover_workspace/install/roverrobotics_input_manager:/home/jack/rover_workspace/install/roverrobotics_gazebo:/home/jack/rover_workspace/install/roverrobotics_driver:/home/jack/rover_workspace/install/roverrobotics_description:/home/jack/rover_workspace/install/rover_metrics:/opt/ros/humble /usr/bin/cmake --build /home/jack/src/RoboTerrain/build/roverrobotics_driver -- -j24 -l24
[15.590s] Invoking command in '/home/jack/src/RoboTerrain/build/roverrobotics_driver': CMAKE_PREFIX_PATH=${CMAKE_PREFIX_PATH}:/home/jack/src/RoboTerrain/ros2_ws/install/rover_metrics:/home/jack/ros2_ws/install/unity_slam_example:/home/jack/ros2_ws/install/camera_subscriber:/home/jack/rover_workspace/install/roverrobotics_input_manager:/home/jack/rover_workspace/install/roverrobotics_gazebo:/home/jack/rover_workspace/install/roverrobotics_driver:/home/jack/rover_workspace/install/roverrobotics_description:/home/jack/rover_workspace/install/rover_metrics:/opt/ros/humble /usr/bin/cmake --install /home/jack/src/RoboTerrain/build/roverrobotics_driver
[15.595s] -- Install configuration: ""
[15.595s] -- Installing: /home/jack/src/RoboTerrain/install/roverrobotics_driver/share/roverrobotics_driver/launch
[15.595s] -- Installing: /home/jack/src/RoboTerrain/install/roverrobotics_driver/share/roverrobotics_driver/launch/pro_teleop.launch.py
[15.596s] -- Installing: /home/jack/src/RoboTerrain/install/roverrobotics_driver/share/roverrobotics_driver/launch/miti.launch.py
[15.596s] -- Installing: /home/jack/src/RoboTerrain/install/roverrobotics_driver/share/roverrobotics_driver/launch/slam_launch.py
[15.596s] -- Installing: /home/jack/src/RoboTerrain/install/roverrobotics_driver/share/roverrobotics_driver/launch/navigation_launch.py
[15.596s] -- Installing: /home/jack/src/RoboTerrain/install/roverrobotics_driver/share/roverrobotics_driver/launch/max.launch.py
[15.596s] -- Installing: /home/jack/src/RoboTerrain/install/roverrobotics_driver/share/roverrobotics_driver/launch/mini_teleop.launch.py
[15.596s] -- Installing: /home/jack/src/RoboTerrain/install/roverrobotics_driver/share/roverrobotics_driver/launch/nav2_backend.py
[15.596s] -- Installing: /home/jack/src/RoboTerrain/install/roverrobotics_driver/share/roverrobotics_driver/launch/mini.launch.py
[15.596s] -- Installing: /home/jack/src/RoboTerrain/install/roverrobotics_driver/share/roverrobotics_driver/launch/zero.launch.py
[15.596s] -- Installing: /home/jack/src/RoboTerrain/install/roverrobotics_driver/share/roverrobotics_driver/launch/miti65_teleop.launch.py
[15.596s] -- Installing: /home/jack/src/RoboTerrain/install/roverrobotics_driver/share/roverrobotics_driver/launch/miti_teleop.launch.py
[15.596s] -- Installing: /home/jack/src/RoboTerrain/install/roverrobotics_driver/share/roverrobotics_driver/launch/accessories.launch.py
[15.597s] -- Installing: /home/jack/src/RoboTerrain/install/roverrobotics_driver/share/roverrobotics_driver/launch/ps4_controller.launch.py
[15.597s] -- Installing: /home/jack/src/RoboTerrain/install/roverrobotics_driver/share/roverrobotics_driver/launch/pro.launch.py
[15.597s] -- Installing: /home/jack/src/RoboTerrain/install/roverrobotics_driver/share/roverrobotics_driver/launch/miti65.launch.py
[15.597s] -- Installing: /home/jack/src/RoboTerrain/install/roverrobotics_driver/share/roverrobotics_driver/launch/robot_localizer.launch.py
[15.597s] -- Installing: /home/jack/src/RoboTerrain/install/roverrobotics_driver/share/roverrobotics_driver/launch/max_teleop.launch.py
[15.597s] -- Installing: /home/jack/src/RoboTerrain/install/roverrobotics_driver/share/roverrobotics_driver/launch/zero_teleop.launch.py
[15.597s] -- Installing: /home/jack/src/RoboTerrain/install/roverrobotics_driver/share/roverrobotics_driver/config
[15.597s] -- Installing: /home/jack/src/RoboTerrain/install/roverrobotics_driver/share/roverrobotics_driver/config/zero_config.yaml
[15.597s] -- Installing: /home/jack/src/RoboTerrain/install/roverrobotics_driver/share/roverrobotics_driver/config/realsense_config.yaml
[15.597s] -- Installing: /home/jack/src/RoboTerrain/install/roverrobotics_driver/share/roverrobotics_driver/config/slam_configs
[15.597s] -- Installing: /home/jack/src/RoboTerrain/install/roverrobotics_driver/share/roverrobotics_driver/config/slam_configs/mapper_params_lifelong.yaml
[15.597s] -- Installing: /home/jack/src/RoboTerrain/install/roverrobotics_driver/share/roverrobotics_driver/config/slam_configs/mapper_params_online_sync.yaml
[15.598s] -- Installing: /home/jack/src/RoboTerrain/install/roverrobotics_driver/share/roverrobotics_driver/config/slam_configs/mapper_params_localization.yaml
[15.598s] -- Installing: /home/jack/src/RoboTerrain/install/roverrobotics_driver/share/roverrobotics_driver/config/slam_configs/mapper_params_online_async.yaml
[15.598s] -- Installing: /home/jack/src/RoboTerrain/install/roverrobotics_driver/share/roverrobotics_driver/config/slam_configs/mapper_params_offline.yaml
[15.598s] -- Installing: /home/jack/src/RoboTerrain/install/roverrobotics_driver/share/roverrobotics_driver/config/rviz_configs
[15.598s] -- Installing: /home/jack/src/RoboTerrain/install/roverrobotics_driver/share/roverrobotics_driver/config/rviz_configs/nav2_default_view.rviz
[15.598s] -- Installing: /home/jack/src/RoboTerrain/install/roverrobotics_driver/share/roverrobotics_driver/config/rviz_configs/realsense_rviz_layout.rviz
[15.598s] -- Installing: /home/jack/src/RoboTerrain/install/roverrobotics_driver/share/roverrobotics_driver/config/rviz_configs/slam_rviz_layout.rviz
[15.598s] -- Installing: /home/jack/src/RoboTerrain/install/roverrobotics_driver/share/roverrobotics_driver/config/controller_config.yaml
[15.598s] -- Installing: /home/jack/src/RoboTerrain/install/roverrobotics_driver/share/roverrobotics_driver/config/mini_config.yaml
[15.598s] -- Installing: /home/jack/src/RoboTerrain/install/roverrobotics_driver/share/roverrobotics_driver/config/topics.yaml
[15.598s] -- Installing: /home/jack/src/RoboTerrain/install/roverrobotics_driver/share/roverrobotics_driver/config/max_config.yaml
[15.599s] -- Installing: /home/jack/src/RoboTerrain/install/roverrobotics_driver/share/roverrobotics_driver/config/miti_config.yaml
[15.599s] -- Installing: /home/jack/src/RoboTerrain/install/roverrobotics_driver/share/roverrobotics_driver/config/pro_config.yaml
[15.599s] -- Installing: /home/jack/src/RoboTerrain/install/roverrobotics_driver/share/roverrobotics_driver/config/controller_config_jp6.yaml
[15.599s] -- Installing: /home/jack/src/RoboTerrain/install/roverrobotics_driver/share/roverrobotics_driver/config/miti65_config.yaml
[15.599s] -- Installing: /home/jack/src/RoboTerrain/install/roverrobotics_driver/share/roverrobotics_driver/config/accessories.yaml
[15.599s] -- Installing: /home/jack/src/RoboTerrain/install/roverrobotics_driver/share/roverrobotics_driver/config/localization_ekf.yaml
[15.599s] -- Installing: /home/jack/src/RoboTerrain/install/roverrobotics_driver/share/roverrobotics_driver/config/nav2_params.yaml
[15.599s] -- Installing: /home/jack/src/RoboTerrain/install/roverrobotics_driver/share/roverrobotics_driver/maps
[15.599s] -- Installing: /home/jack/src/RoboTerrain/install/roverrobotics_driver/share/roverrobotics_driver/maps/maze_map.data
[15.611s] -- Installing: /home/jack/src/RoboTerrain/install/roverrobotics_driver/share/roverrobotics_driver/maps/maze_map.posegraph
[15.634s] -- Installing: /home/jack/src/RoboTerrain/install/roverrobotics_driver/share/roverrobotics_driver/maps/maze_map.pgm
[15.634s] -- Installing: /home/jack/src/RoboTerrain/install/roverrobotics_driver/share/roverrobotics_driver/maps/maze_map.yaml
[15.634s] -- Installing: /home/jack/src/RoboTerrain/install/roverrobotics_driver/lib/roverrobotics_driver/roverrobotics_driver
[15.660s] -- Set runtime path of "/home/jack/src/RoboTerrain/install/roverrobotics_driver/lib/roverrobotics_driver/roverrobotics_driver" to ""
[15.660s] -- Installing: /home/jack/src/RoboTerrain/install/roverrobotics_driver/share/ament_index/resource_index/package_run_dependencies/roverrobotics_driver
[15.661s] -- Installing: /home/jack/src/RoboTerrain/install/roverrobotics_driver/share/ament_index/resource_index/parent_prefix_path/roverrobotics_driver
[15.661s] -- Installing: /home/jack/src/RoboTerrain/install/roverrobotics_driver/share/roverrobotics_driver/environment/ament_prefix_path.sh
[15.661s] -- Installing: /home/jack/src/RoboTerrain/install/roverrobotics_driver/share/roverrobotics_driver/environment/ament_prefix_path.dsv
[15.661s] -- Installing: /home/jack/src/RoboTerrain/install/roverrobotics_driver/share/roverrobotics_driver/environment/path.sh
[15.661s] -- Installing: /home/jack/src/RoboTerrain/install/roverrobotics_driver/share/roverrobotics_driver/environment/path.dsv
[15.661s] -- Installing: /home/jack/src/RoboTerrain/install/roverrobotics_driver/share/roverrobotics_driver/local_setup.bash
[15.661s] -- Installing: /home/jack/src/RoboTerrain/install/roverrobotics_driver/share/roverrobotics_driver/local_setup.sh
[15.661s] -- Installing: /home/jack/src/RoboTerrain/install/roverrobotics_driver/share/roverrobotics_driver/local_setup.zsh
[15.661s] -- Installing: /home/jack/src/RoboTerrain/install/roverrobotics_driver/share/roverrobotics_driver/local_setup.dsv
[15.661s] -- Installing: /home/jack/src/RoboTerrain/install/roverrobotics_driver/share/roverrobotics_driver/package.dsv
[15.662s] -- Installing: /home/jack/src/RoboTerrain/install/roverrobotics_driver/share/ament_index/resource_index/packages/roverrobotics_driver
[15.662s] -- Installing: /home/jack/src/RoboTerrain/install/roverrobotics_driver/share/roverrobotics_driver/cmake/roverrobotics_driverConfig.cmake
[15.662s] -- Installing: /home/jack/src/RoboTerrain/install/roverrobotics_driver/share/roverrobotics_driver/cmake/roverrobotics_driverConfig-version.cmake
[15.662s] -- Installing: /home/jack/src/RoboTerrain/install/roverrobotics_driver/share/roverrobotics_driver/package.xml
[15.664s] Invoked command in '/home/jack/src/RoboTerrain/build/roverrobotics_driver' returned '0': CMAKE_PREFIX_PATH=${CMAKE_PREFIX_PATH}:/home/jack/src/RoboTerrain/ros2_ws/install/rover_metrics:/home/jack/ros2_ws/install/unity_slam_example:/home/jack/ros2_ws/install/camera_subscriber:/home/jack/rover_workspace/install/roverrobotics_input_manager:/home/jack/rover_workspace/install/roverrobotics_gazebo:/home/jack/rover_workspace/install/roverrobotics_driver:/home/jack/rover_workspace/install/roverrobotics_description:/home/jack/rover_workspace/install/rover_metrics:/opt/ros/humble /usr/bin/cmake --install /home/jack/src/RoboTerrain/build/roverrobotics_driver
