[0.447s] Invoking command in '/home/jack/src/RoboTerrain/ros2_ws/src/rover_metrics': CONDA_PROMPT_MODIFIER=(sb3) PYTHONPATH=/home/jack/src/RoboTerrain/ros2_ws/build/rover_metrics/prefix_override:/usr/lib/python3/dist-packages/colcon_core/task/python/colcon_distutils_commands:/home/jack/src/RoboTerrain/ros2_ws/install/rover_metrics/lib/python3.10/site-packages:${PYTHONPATH} /usr/bin/python3 -W ignore:setup.py install is deprecated setup.py egg_info --egg-base ../../build/rover_metrics build --build-base /home/jack/src/RoboTerrain/ros2_ws/build/rover_metrics/build install --record /home/jack/src/RoboTerrain/ros2_ws/build/rover_metrics/install.log --single-version-externally-managed install_data
[0.614s] running egg_info
[0.615s] writing ../../build/rover_metrics/rover_metrics.egg-info/PKG-INFO
[0.615s] writing dependency_links to ../../build/rover_metrics/rover_metrics.egg-info/dependency_links.txt
[0.615s] writing entry points to ../../build/rover_metrics/rover_metrics.egg-info/entry_points.txt
[0.615s] writing requirements to ../../build/rover_metrics/rover_metrics.egg-info/requires.txt
[0.615s] writing top-level names to ../../build/rover_metrics/rover_metrics.egg-info/top_level.txt
[0.616s] reading manifest file '../../build/rover_metrics/rover_metrics.egg-info/SOURCES.txt'
[0.617s] writing manifest file '../../build/rover_metrics/rover_metrics.egg-info/SOURCES.txt'
[0.617s] running build
[0.617s] running build_py
[0.617s] running install
[0.617s] running install_lib
[0.618s] running install_data
[0.618s] running install_egg_info
[0.619s] removing '/home/jack/src/RoboTerrain/ros2_ws/install/rover_metrics/lib/python3.10/site-packages/rover_metrics-0.0.0-py3.10.egg-info' (and everything under it)
[0.619s] Copying ../../build/rover_metrics/rover_metrics.egg-info to /home/jack/src/RoboTerrain/ros2_ws/install/rover_metrics/lib/python3.10/site-packages/rover_metrics-0.0.0-py3.10.egg-info
[0.620s] running install_scripts
[0.632s] Installing metrics_node script to /home/jack/src/RoboTerrain/ros2_ws/install/rover_metrics/lib/rover_metrics
[0.632s] writing list of installed files to '/home/jack/src/RoboTerrain/ros2_ws/build/rover_metrics/install.log'
[0.645s] Invoked command in '/home/jack/src/RoboTerrain/ros2_ws/src/rover_metrics' returned '0': CONDA_PROMPT_MODIFIER=(sb3) PYTHONPATH=/home/jack/src/RoboTerrain/ros2_ws/build/rover_metrics/prefix_override:/usr/lib/python3/dist-packages/colcon_core/task/python/colcon_distutils_commands:/home/jack/src/RoboTerrain/ros2_ws/install/rover_metrics/lib/python3.10/site-packages:${PYTHONPATH} /usr/bin/python3 -W ignore:setup.py install is deprecated setup.py egg_info --egg-base ../../build/rover_metrics build --build-base /home/jack/src/RoboTerrain/ros2_ws/build/rover_metrics/build install --record /home/jack/src/RoboTerrain/ros2_ws/build/rover_metrics/install.log --single-version-externally-managed install_data
