[0.439s] Invoking command in '/home/jack/src/RoboTerrain/ros2_ws/src/rover_metrics': PYTHONPATH=/home/jack/src/RoboTerrain/build/rover_metrics/prefix_override:/usr/lib/python3/dist-packages/colcon_core/task/python/colcon_distutils_commands:/home/jack/src/RoboTerrain/install/rover_metrics/lib/python3.10/site-packages:${PYTHONPATH} /usr/bin/python3 -W ignore:setup.py install is deprecated -W ignore:easy_install command is deprecated setup.py egg_info --egg-base ../../../build/rover_metrics build --build-base /home/jack/src/RoboTerrain/build/rover_metrics/build install --record /home/jack/src/RoboTerrain/build/rover_metrics/install.log --single-version-externally-managed install_data
[0.606s] running egg_info
[0.606s] creating ../../../build/rover_metrics/rover_metrics.egg-info
[0.606s] writing ../../../build/rover_metrics/rover_metrics.egg-info/PKG-INFO
[0.606s] writing dependency_links to ../../../build/rover_metrics/rover_metrics.egg-info/dependency_links.txt
[0.606s] writing entry points to ../../../build/rover_metrics/rover_metrics.egg-info/entry_points.txt
[0.607s] writing requirements to ../../../build/rover_metrics/rover_metrics.egg-info/requires.txt
[0.607s] writing top-level names to ../../../build/rover_metrics/rover_metrics.egg-info/top_level.txt
[0.607s] writing manifest file '../../../build/rover_metrics/rover_metrics.egg-info/SOURCES.txt'
[0.608s] reading manifest file '../../../build/rover_metrics/rover_metrics.egg-info/SOURCES.txt'
[0.608s] writing manifest file '../../../build/rover_metrics/rover_metrics.egg-info/SOURCES.txt'
[0.608s] running build
[0.608s] running build_py
[0.608s] creating /home/jack/src/RoboTerrain/build/rover_metrics/build
[0.608s] creating /home/jack/src/RoboTerrain/build/rover_metrics/build/lib
[0.608s] creating /home/jack/src/RoboTerrain/build/rover_metrics/build/lib/rover_metrics
[0.609s] copying rover_metrics/metrics_node.py -> /home/jack/src/RoboTerrain/build/rover_metrics/build/lib/rover_metrics
[0.609s] copying rover_metrics/__init__.py -> /home/jack/src/RoboTerrain/build/rover_metrics/build/lib/rover_metrics
[0.609s] running install
[0.609s] running install_lib
[0.609s] creating /home/jack/src/RoboTerrain/install/rover_metrics/lib/python3.10/site-packages/rover_metrics
[0.609s] copying /home/jack/src/RoboTerrain/build/rover_metrics/build/lib/rover_metrics/metrics_node.py -> /home/jack/src/RoboTerrain/install/rover_metrics/lib/python3.10/site-packages/rover_metrics
[0.610s] copying /home/jack/src/RoboTerrain/build/rover_metrics/build/lib/rover_metrics/__init__.py -> /home/jack/src/RoboTerrain/install/rover_metrics/lib/python3.10/site-packages/rover_metrics
[0.610s] byte-compiling /home/jack/src/RoboTerrain/install/rover_metrics/lib/python3.10/site-packages/rover_metrics/metrics_node.py to metrics_node.cpython-310.pyc
[0.612s] byte-compiling /home/jack/src/RoboTerrain/install/rover_metrics/lib/python3.10/site-packages/rover_metrics/__init__.py to __init__.cpython-310.pyc
[0.612s] running install_data
[0.612s] creating /home/jack/src/RoboTerrain/install/rover_metrics/share/ament_index
[0.612s] creating /home/jack/src/RoboTerrain/install/rover_metrics/share/ament_index/resource_index
[0.612s] creating /home/jack/src/RoboTerrain/install/rover_metrics/share/ament_index/resource_index/packages
[0.612s] copying resource/rover_metrics -> /home/jack/src/RoboTerrain/install/rover_metrics/share/ament_index/resource_index/packages
[0.612s] copying package.xml -> /home/jack/src/RoboTerrain/install/rover_metrics/share/rover_metrics
[0.612s] running install_egg_info
[0.614s] Copying ../../../build/rover_metrics/rover_metrics.egg-info to /home/jack/src/RoboTerrain/install/rover_metrics/lib/python3.10/site-packages/rover_metrics-0.0.0-py3.10.egg-info
[0.614s] running install_scripts
[0.627s] Installing metrics_node script to /home/jack/src/RoboTerrain/install/rover_metrics/lib/rover_metrics
[0.627s] writing list of installed files to '/home/jack/src/RoboTerrain/build/rover_metrics/install.log'
[0.649s] Invoked command in '/home/jack/src/RoboTerrain/ros2_ws/src/rover_metrics' returned '0': PYTHONPATH=/home/jack/src/RoboTerrain/build/rover_metrics/prefix_override:/usr/lib/python3/dist-packages/colcon_core/task/python/colcon_distutils_commands:/home/jack/src/RoboTerrain/install/rover_metrics/lib/python3.10/site-packages:${PYTHONPATH} /usr/bin/python3 -W ignore:setup.py install is deprecated -W ignore:easy_install command is deprecated setup.py egg_info --egg-base ../../../build/rover_metrics build --build-base /home/jack/src/RoboTerrain/build/rover_metrics/build install --record /home/jack/src/RoboTerrain/build/rover_metrics/install.log --single-version-externally-managed install_data
