[0.018s] Invoking command in '/home/jack/src/RoboTerrain/build/roverrobotics_description': CMAKE_PREFIX_PATH=${CMAKE_PREFIX_PATH}:/home/jack/src/RoboTerrain/ros2_ws/install/rover_metrics:/home/jack/ros2_ws/install/unity_slam_example:/home/jack/ros2_ws/install/camera_subscriber:/home/jack/rover_workspace/install/roverrobotics_input_manager:/home/jack/rover_workspace/install/roverrobotics_gazebo:/home/jack/rover_workspace/install/roverrobotics_driver:/home/jack/rover_workspace/install/roverrobotics_description:/home/jack/rover_workspace/install/rover_metrics:/opt/ros/humble /usr/bin/cmake /home/jack/src/RoboTerrain/ros2_ws/src/roverrobotics_ros2/roverrobotics_description -DCMAKE_INSTALL_PREFIX=/home/jack/src/RoboTerrain/install/roverrobotics_description
[0.199s] -- The C compiler identification is GNU 11.4.0
[0.212s] -- The CXX compiler identification is GNU 11.4.0
[0.221s] -- Detecting C compiler ABI info
[0.273s] -- Detecting C compiler ABI info - done
[0.277s] -- Check for working C compiler: /usr/bin/cc - skipped
[0.278s] -- Detecting C compile features
[0.278s] -- Detecting C compile features - done
[0.281s] -- Detecting CXX compiler ABI info
[0.341s] -- Detecting CXX compiler ABI info - done
[0.345s] -- Check for working CXX compiler: /usr/bin/c++ - skipped
[0.346s] -- Detecting CXX compile features
[0.346s] -- Detecting CXX compile features - done
[0.350s] -- Found ament_cmake: 1.3.11 (/opt/ros/humble/share/ament_cmake/cmake)
[0.462s] -- Found Python3: /usr/bin/python3 (found version "3.10.12") found components: Interpreter 
[0.608s] -- Configuring done
[0.611s] -- Generating done
[0.612s] -- Build files have been written to: /home/jack/src/RoboTerrain/build/roverrobotics_description
[0.616s] Invoked command in '/home/jack/src/RoboTerrain/build/roverrobotics_description' returned '0': CMAKE_PREFIX_PATH=${CMAKE_PREFIX_PATH}:/home/jack/src/RoboTerrain/ros2_ws/install/rover_metrics:/home/jack/ros2_ws/install/unity_slam_example:/home/jack/ros2_ws/install/camera_subscriber:/home/jack/rover_workspace/install/roverrobotics_input_manager:/home/jack/rover_workspace/install/roverrobotics_gazebo:/home/jack/rover_workspace/install/roverrobotics_driver:/home/jack/rover_workspace/install/roverrobotics_description:/home/jack/rover_workspace/install/rover_metrics:/opt/ros/humble /usr/bin/cmake /home/jack/src/RoboTerrain/ros2_ws/src/roverrobotics_ros2/roverrobotics_description -DCMAKE_INSTALL_PREFIX=/home/jack/src/RoboTerrain/install/roverrobotics_description
[0.618s] Invoking command in '/home/jack/src/RoboTerrain/build/roverrobotics_description': CMAKE_PREFIX_PATH=${CMAKE_PREFIX_PATH}:/home/jack/src/RoboTerrain/ros2_ws/install/rover_metrics:/home/jack/ros2_ws/install/unity_slam_example:/home/jack/ros2_ws/install/camera_subscriber:/home/jack/rover_workspace/install/roverrobotics_input_manager:/home/jack/rover_workspace/install/roverrobotics_gazebo:/home/jack/rover_workspace/install/roverrobotics_driver:/home/jack/rover_workspace/install/roverrobotics_description:/home/jack/rover_workspace/install/rover_metrics:/opt/ros/humble /usr/bin/cmake --build /home/jack/src/RoboTerrain/build/roverrobotics_description -- -j24 -l24
[0.645s] Invoked command in '/home/jack/src/RoboTerrain/build/roverrobotics_description' returned '0': CMAKE_PREFIX_PATH=${CMAKE_PREFIX_PATH}:/home/jack/src/RoboTerrain/ros2_ws/install/rover_metrics:/home/jack/ros2_ws/install/unity_slam_example:/home/jack/ros2_ws/install/camera_subscriber:/home/jack/rover_workspace/install/roverrobotics_input_manager:/home/jack/rover_workspace/install/roverrobotics_gazebo:/home/jack/rover_workspace/install/roverrobotics_driver:/home/jack/rover_workspace/install/roverrobotics_description:/home/jack/rover_workspace/install/rover_metrics:/opt/ros/humble /usr/bin/cmake --build /home/jack/src/RoboTerrain/build/roverrobotics_description -- -j24 -l24
[0.653s] Invoking command in '/home/jack/src/RoboTerrain/build/roverrobotics_description': CMAKE_PREFIX_PATH=${CMAKE_PREFIX_PATH}:/home/jack/src/RoboTerrain/ros2_ws/install/rover_metrics:/home/jack/ros2_ws/install/unity_slam_example:/home/jack/ros2_ws/install/camera_subscriber:/home/jack/rover_workspace/install/roverrobotics_input_manager:/home/jack/rover_workspace/install/roverrobotics_gazebo:/home/jack/rover_workspace/install/roverrobotics_driver:/home/jack/rover_workspace/install/roverrobotics_description:/home/jack/rover_workspace/install/rover_metrics:/opt/ros/humble /usr/bin/cmake --install /home/jack/src/RoboTerrain/build/roverrobotics_description
[0.658s] -- Install configuration: ""
[0.658s] -- Installing: /home/jack/src/RoboTerrain/install/roverrobotics_description/share/roverrobotics_description/rviz
[0.658s] -- Installing: /home/jack/src/RoboTerrain/install/roverrobotics_description/share/roverrobotics_description/rviz/urdf.rviz
[0.658s] -- Installing: /home/jack/src/RoboTerrain/install/roverrobotics_description/share/roverrobotics_description/launch
[0.658s] -- Installing: /home/jack/src/RoboTerrain/install/roverrobotics_description/share/roverrobotics_description/launch/display_miti65.launch.py
[0.658s] -- Installing: /home/jack/src/RoboTerrain/install/roverrobotics_description/share/roverrobotics_description/launch/display_2wd_rover.launch.py
[0.658s] -- Installing: /home/jack/src/RoboTerrain/install/roverrobotics_description/share/roverrobotics_description/launch/display_4wd_rover.launch.py
[0.658s] -- Installing: /home/jack/src/RoboTerrain/install/roverrobotics_description/share/roverrobotics_description/launch/display_mini.launch.py
[0.659s] -- Installing: /home/jack/src/RoboTerrain/install/roverrobotics_description/share/roverrobotics_description/launch/display_flipper.launch.py
[0.659s] -- Installing: /home/jack/src/RoboTerrain/install/roverrobotics_description/share/roverrobotics_description/launch/display_max.launch.py
[0.659s] -- Installing: /home/jack/src/RoboTerrain/install/roverrobotics_description/share/roverrobotics_description/launch/display_miti.launch.py
[0.659s] -- Installing: /home/jack/src/RoboTerrain/install/roverrobotics_description/share/roverrobotics_description/meshes
[0.659s] -- Installing: /home/jack/src/RoboTerrain/install/roverrobotics_description/share/roverrobotics_description/meshes/rover_payload.dae
[0.679s] -- Installing: /home/jack/src/RoboTerrain/install/roverrobotics_description/share/roverrobotics_description/meshes/hub_6.5in.dae
[0.679s] -- Installing: /home/jack/src/RoboTerrain/install/roverrobotics_description/share/roverrobotics_description/meshes/castor.dae
[0.679s] -- Installing: /home/jack/src/RoboTerrain/install/roverrobotics_description/share/roverrobotics_description/meshes/mini_chassis.dae
[0.706s] -- Installing: /home/jack/src/RoboTerrain/install/roverrobotics_description/share/roverrobotics_description/meshes/pro_tire.dae
[0.706s] -- Installing: /home/jack/src/RoboTerrain/install/roverrobotics_description/share/roverrobotics_description/meshes/max_wheels.dae
[0.706s] -- Installing: /home/jack/src/RoboTerrain/install/roverrobotics_description/share/roverrobotics_description/meshes/max_chassis.dae
[0.720s] -- Installing: /home/jack/src/RoboTerrain/install/roverrobotics_description/share/roverrobotics_description/meshes/flipper.dae
[0.738s] -- Installing: /home/jack/src/RoboTerrain/install/roverrobotics_description/share/roverrobotics_description/meshes/flipper_chassis.dae
[0.758s] -- Installing: /home/jack/src/RoboTerrain/install/roverrobotics_description/share/roverrobotics_description/meshes/castor_housing.dae
[0.758s] -- Installing: /home/jack/src/RoboTerrain/install/roverrobotics_description/share/roverrobotics_description/meshes/rplidar_s2.dae
[0.760s] -- Installing: /home/jack/src/RoboTerrain/install/roverrobotics_description/share/roverrobotics_description/meshes/miti_chassis.dae
[0.787s] -- Installing: /home/jack/src/RoboTerrain/install/roverrobotics_description/share/roverrobotics_description/meshes/flipper_track.dae
[0.790s] -- Installing: /home/jack/src/RoboTerrain/install/roverrobotics_description/share/roverrobotics_description/meshes/hub_10in.dae
[0.790s] -- Installing: /home/jack/src/RoboTerrain/install/roverrobotics_description/share/roverrobotics_description/meshes/rover_2wd_core.dae
[0.805s] -- Installing: /home/jack/src/RoboTerrain/install/roverrobotics_description/share/roverrobotics_description/urdf
[0.805s] -- Installing: /home/jack/src/RoboTerrain/install/roverrobotics_description/share/roverrobotics_description/urdf/max.urdf
[0.805s] -- Installing: /home/jack/src/RoboTerrain/install/roverrobotics_description/share/roverrobotics_description/urdf/mini.urdf
[0.805s] -- Installing: /home/jack/src/RoboTerrain/install/roverrobotics_description/share/roverrobotics_description/urdf/accessories
[0.805s] -- Installing: /home/jack/src/RoboTerrain/install/roverrobotics_description/share/roverrobotics_description/urdf/accessories/rover_dev_payload.urdf
[0.806s] -- Installing: /home/jack/src/RoboTerrain/install/roverrobotics_description/share/roverrobotics_description/urdf/accessories/rplidar_s2.urdf
[0.806s] -- Installing: /home/jack/src/RoboTerrain/install/roverrobotics_description/share/roverrobotics_description/urdf/accessories/imu.urdf
[0.806s] -- Installing: /home/jack/src/RoboTerrain/install/roverrobotics_description/share/roverrobotics_description/urdf/accessories/rplidar_s2_orgin.urdf
[0.806s] -- Installing: /home/jack/src/RoboTerrain/install/roverrobotics_description/share/roverrobotics_description/urdf/accessories/rplidar_s2.urdf~
[0.806s] -- Installing: /home/jack/src/RoboTerrain/install/roverrobotics_description/share/roverrobotics_description/urdf/flipper.urdf
[0.806s] -- Installing: /home/jack/src/RoboTerrain/install/roverrobotics_description/share/roverrobotics_description/urdf/camera_rover_4wd.sdf
[0.806s] -- Installing: /home/jack/src/RoboTerrain/install/roverrobotics_description/share/roverrobotics_description/urdf/camera_rover_4wd.sdf~
[0.806s] -- Installing: /home/jack/src/RoboTerrain/install/roverrobotics_description/share/roverrobotics_description/urdf/miti65.urdf
[0.807s] -- Installing: /home/jack/src/RoboTerrain/install/roverrobotics_description/share/roverrobotics_description/urdf/rover_2wd.urdf
[0.807s] -- Installing: /home/jack/src/RoboTerrain/install/roverrobotics_description/share/roverrobotics_description/urdf/rover_4wd.urdf
[0.807s] -- Installing: /home/jack/src/RoboTerrain/install/roverrobotics_description/share/roverrobotics_description/urdf/miti.urdf
[0.807s] -- Installing: /home/jack/src/RoboTerrain/install/roverrobotics_description/share/ament_index/resource_index/package_run_dependencies/roverrobotics_description
[0.807s] -- Installing: /home/jack/src/RoboTerrain/install/roverrobotics_description/share/ament_index/resource_index/parent_prefix_path/roverrobotics_description
[0.808s] -- Installing: /home/jack/src/RoboTerrain/install/roverrobotics_description/share/roverrobotics_description/environment/ament_prefix_path.sh
[0.808s] -- Installing: /home/jack/src/RoboTerrain/install/roverrobotics_description/share/roverrobotics_description/environment/ament_prefix_path.dsv
[0.808s] -- Installing: /home/jack/src/RoboTerrain/install/roverrobotics_description/share/roverrobotics_description/environment/path.sh
[0.808s] -- Installing: /home/jack/src/RoboTerrain/install/roverrobotics_description/share/roverrobotics_description/environment/path.dsv
[0.808s] -- Installing: /home/jack/src/RoboTerrain/install/roverrobotics_description/share/roverrobotics_description/local_setup.bash
[0.808s] -- Installing: /home/jack/src/RoboTerrain/install/roverrobotics_description/share/roverrobotics_description/local_setup.sh
[0.809s] -- Installing: /home/jack/src/RoboTerrain/install/roverrobotics_description/share/roverrobotics_description/local_setup.zsh
[0.809s] -- Installing: /home/jack/src/RoboTerrain/install/roverrobotics_description/share/roverrobotics_description/local_setup.dsv
[0.809s] -- Installing: /home/jack/src/RoboTerrain/install/roverrobotics_description/share/roverrobotics_description/package.dsv
[0.809s] -- Installing: /home/jack/src/RoboTerrain/install/roverrobotics_description/share/ament_index/resource_index/packages/roverrobotics_description
[0.809s] -- Installing: /home/jack/src/RoboTerrain/install/roverrobotics_description/share/roverrobotics_description/cmake/roverrobotics_descriptionConfig.cmake
[0.809s] -- Installing: /home/jack/src/RoboTerrain/install/roverrobotics_description/share/roverrobotics_description/cmake/roverrobotics_descriptionConfig-version.cmake
[0.810s] -- Installing: /home/jack/src/RoboTerrain/install/roverrobotics_description/share/roverrobotics_description/package.xml
[0.812s] Invoked command in '/home/jack/src/RoboTerrain/build/roverrobotics_description' returned '0': CMAKE_PREFIX_PATH=${CMAKE_PREFIX_PATH}:/home/jack/src/RoboTerrain/ros2_ws/install/rover_metrics:/home/jack/ros2_ws/install/unity_slam_example:/home/jack/ros2_ws/install/camera_subscriber:/home/jack/rover_workspace/install/roverrobotics_input_manager:/home/jack/rover_workspace/install/roverrobotics_gazebo:/home/jack/rover_workspace/install/roverrobotics_driver:/home/jack/rover_workspace/install/roverrobotics_description:/home/jack/rover_workspace/install/rover_metrics:/opt/ros/humble /usr/bin/cmake --install /home/jack/src/RoboTerrain/build/roverrobotics_description
