[0.109s] DEBUG:colcon:Command line arguments: ['/usr/bin/colcon', 'build']
[0.109s] DEBUG:colcon:Parsed command line arguments: Namespace(log_base=None, log_level=None, verb_name='build', build_base='build', install_base='install', merge_install=False, symlink_install=False, test_result_base=None, continue_on_error=False, executor='parallel', parallel_workers=24, event_handlers=None, ignore_user_meta=False, metas=['./colcon.meta'], base_paths=['.'], packages_ignore=None, packages_ignore_regex=None, paths=None, packages_up_to=None, packages_up_to_regex=None, packages_above=None, packages_above_and_dependencies=None, packages_above_depth=None, packages_select_by_dep=None, packages_skip_by_dep=None, packages_skip_up_to=None, packages_select_build_failed=False, packages_skip_build_finished=False, packages_select_test_failures=False, packages_skip_test_passed=False, packages_select=None, packages_skip=None, packages_select_regex=None, packages_skip_regex=None, packages_start=None, packages_end=None, allow_overriding=[], cmake_args=None, cmake_target=None, cmake_target_skip_unavailable=False, cmake_clean_cache=False, cmake_clean_first=False, cmake_force_configure=False, ament_cmake_args=None, catkin_cmake_args=None, catkin_skip_building_tests=False, mixin_files=None, mixin=None, verb_parser=<colcon_mixin.mixin.mixin_argument.MixinArgumentDecorator object at 0x73c291312860>, verb_extension=<colcon_core.verb.build.BuildVerb object at 0x73c29140ef50>, main=<bound method BuildVerb.main of <colcon_core.verb.build.BuildVerb object at 0x73c29140ef50>>, mixin_verb=('build',))
[0.275s] Level 1:colcon.colcon_core.package_discovery:discover_packages(colcon_meta) check parameters
[0.275s] Level 1:colcon.colcon_core.package_discovery:discover_packages(recursive) check parameters
[0.275s] Level 1:colcon.colcon_core.package_discovery:discover_packages(ignore) check parameters
[0.275s] Level 1:colcon.colcon_core.package_discovery:discover_packages(path) check parameters
[0.275s] Level 1:colcon.colcon_core.package_discovery:discover_packages(colcon_meta) discover
[0.275s] Level 1:colcon.colcon_core.package_discovery:discover_packages(recursive) discover
[0.275s] INFO:colcon.colcon_core.package_discovery:Crawling recursively for packages in '/home/jack/src/RoboTerrain/ros2_ws'
[0.275s] Level 1:colcon.colcon_core.package_identification:_identify(.) by extensions ['ignore', 'ignore_ament_install']
[0.275s] Level 1:colcon.colcon_core.package_identification:_identify(.) by extension 'ignore'
[0.275s] Level 1:colcon.colcon_core.package_identification:_identify(.) by extension 'ignore_ament_install'
[0.275s] Level 1:colcon.colcon_core.package_identification:_identify(.) by extensions ['colcon_pkg']
[0.275s] Level 1:colcon.colcon_core.package_identification:_identify(.) by extension 'colcon_pkg'
[0.275s] Level 1:colcon.colcon_core.package_identification:_identify(.) by extensions ['colcon_meta']
[0.275s] Level 1:colcon.colcon_core.package_identification:_identify(.) by extension 'colcon_meta'
[0.275s] Level 1:colcon.colcon_core.package_identification:_identify(.) by extensions ['ros']
[0.275s] Level 1:colcon.colcon_core.package_identification:_identify(.) by extension 'ros'
[0.282s] Level 1:colcon.colcon_core.package_identification:_identify(.) by extensions ['cmake', 'python']
[0.282s] Level 1:colcon.colcon_core.package_identification:_identify(.) by extension 'cmake'
[0.282s] Level 1:colcon.colcon_core.package_identification:_identify(.) by extension 'python'
[0.282s] Level 1:colcon.colcon_core.package_identification:_identify(.) by extensions ['python_setup_py']
[0.282s] Level 1:colcon.colcon_core.package_identification:_identify(.) by extension 'python_setup_py'
[0.282s] Level 1:colcon.colcon_core.package_identification:_identify(build) by extensions ['ignore', 'ignore_ament_install']
[0.282s] Level 1:colcon.colcon_core.package_identification:_identify(build) by extension 'ignore'
[0.282s] Level 1:colcon.colcon_core.package_identification:_identify(build) ignored
[0.282s] Level 1:colcon.colcon_core.package_identification:_identify(install) by extensions ['ignore', 'ignore_ament_install']
[0.282s] Level 1:colcon.colcon_core.package_identification:_identify(install) by extension 'ignore'
[0.282s] Level 1:colcon.colcon_core.package_identification:_identify(install) ignored
[0.282s] Level 1:colcon.colcon_core.package_identification:_identify(log) by extensions ['ignore', 'ignore_ament_install']
[0.282s] Level 1:colcon.colcon_core.package_identification:_identify(log) by extension 'ignore'
[0.282s] Level 1:colcon.colcon_core.package_identification:_identify(log) ignored
[0.282s] Level 1:colcon.colcon_core.package_identification:_identify(src) by extensions ['ignore', 'ignore_ament_install']
[0.282s] Level 1:colcon.colcon_core.package_identification:_identify(src) by extension 'ignore'
[0.282s] Level 1:colcon.colcon_core.package_identification:_identify(src) by extension 'ignore_ament_install'
[0.283s] Level 1:colcon.colcon_core.package_identification:_identify(src) by extensions ['colcon_pkg']
[0.283s] Level 1:colcon.colcon_core.package_identification:_identify(src) by extension 'colcon_pkg'
[0.283s] Level 1:colcon.colcon_core.package_identification:_identify(src) by extensions ['colcon_meta']
[0.283s] Level 1:colcon.colcon_core.package_identification:_identify(src) by extension 'colcon_meta'
[0.283s] Level 1:colcon.colcon_core.package_identification:_identify(src) by extensions ['ros']
[0.283s] Level 1:colcon.colcon_core.package_identification:_identify(src) by extension 'ros'
[0.283s] Level 1:colcon.colcon_core.package_identification:_identify(src) by extensions ['cmake', 'python']
[0.283s] Level 1:colcon.colcon_core.package_identification:_identify(src) by extension 'cmake'
[0.283s] Level 1:colcon.colcon_core.package_identification:_identify(src) by extension 'python'
[0.283s] Level 1:colcon.colcon_core.package_identification:_identify(src) by extensions ['python_setup_py']
[0.283s] Level 1:colcon.colcon_core.package_identification:_identify(src) by extension 'python_setup_py'
[0.283s] Level 1:colcon.colcon_core.package_identification:_identify(src/dynamic_obstacles) by extensions ['ignore', 'ignore_ament_install']
[0.283s] Level 1:colcon.colcon_core.package_identification:_identify(src/dynamic_obstacles) by extension 'ignore'
[0.283s] Level 1:colcon.colcon_core.package_identification:_identify(src/dynamic_obstacles) by extension 'ignore_ament_install'
[0.283s] Level 1:colcon.colcon_core.package_identification:_identify(src/dynamic_obstacles) by extensions ['colcon_pkg']
[0.283s] Level 1:colcon.colcon_core.package_identification:_identify(src/dynamic_obstacles) by extension 'colcon_pkg'
[0.283s] Level 1:colcon.colcon_core.package_identification:_identify(src/dynamic_obstacles) by extensions ['colcon_meta']
[0.283s] Level 1:colcon.colcon_core.package_identification:_identify(src/dynamic_obstacles) by extension 'colcon_meta'
[0.283s] Level 1:colcon.colcon_core.package_identification:_identify(src/dynamic_obstacles) by extensions ['ros']
[0.283s] Level 1:colcon.colcon_core.package_identification:_identify(src/dynamic_obstacles) by extension 'ros'
[0.283s] Level 1:colcon.colcon_core.package_identification:_identify(src/dynamic_obstacles) by extensions ['cmake', 'python']
[0.283s] Level 1:colcon.colcon_core.package_identification:_identify(src/dynamic_obstacles) by extension 'cmake'
[0.283s] Level 1:colcon.colcon_core.package_identification:_identify(src/dynamic_obstacles) by extension 'python'
[0.283s] Level 1:colcon.colcon_core.package_identification:_identify(src/dynamic_obstacles) by extensions ['python_setup_py']
[0.283s] Level 1:colcon.colcon_core.package_identification:_identify(src/dynamic_obstacles) by extension 'python_setup_py'
[0.283s] Level 1:colcon.colcon_core.package_identification:_identify(src/rover_metrics) by extensions ['ignore', 'ignore_ament_install']
[0.283s] Level 1:colcon.colcon_core.package_identification:_identify(src/rover_metrics) by extension 'ignore'
[0.283s] Level 1:colcon.colcon_core.package_identification:_identify(src/rover_metrics) by extension 'ignore_ament_install'
[0.283s] Level 1:colcon.colcon_core.package_identification:_identify(src/rover_metrics) by extensions ['colcon_pkg']
[0.283s] Level 1:colcon.colcon_core.package_identification:_identify(src/rover_metrics) by extension 'colcon_pkg'
[0.283s] Level 1:colcon.colcon_core.package_identification:_identify(src/rover_metrics) by extensions ['colcon_meta']
[0.283s] Level 1:colcon.colcon_core.package_identification:_identify(src/rover_metrics) by extension 'colcon_meta'
[0.284s] Level 1:colcon.colcon_core.package_identification:_identify(src/rover_metrics) by extensions ['ros']
[0.284s] Level 1:colcon.colcon_core.package_identification:_identify(src/rover_metrics) by extension 'ros'
[0.285s] DEBUG:colcon.colcon_core.package_identification:Package 'src/rover_metrics' with type 'ros.ament_python' and name 'rover_metrics'
[0.285s] Level 1:colcon.colcon_core.package_identification:_identify(src/roverrobotics_ros2) by extensions ['ignore', 'ignore_ament_install']
[0.285s] Level 1:colcon.colcon_core.package_identification:_identify(src/roverrobotics_ros2) by extension 'ignore'
[0.285s] Level 1:colcon.colcon_core.package_identification:_identify(src/roverrobotics_ros2) by extension 'ignore_ament_install'
[0.285s] Level 1:colcon.colcon_core.package_identification:_identify(src/roverrobotics_ros2) by extensions ['colcon_pkg']
[0.285s] Level 1:colcon.colcon_core.package_identification:_identify(src/roverrobotics_ros2) by extension 'colcon_pkg'
[0.285s] Level 1:colcon.colcon_core.package_identification:_identify(src/roverrobotics_ros2) by extensions ['colcon_meta']
[0.285s] Level 1:colcon.colcon_core.package_identification:_identify(src/roverrobotics_ros2) by extension 'colcon_meta'
[0.285s] Level 1:colcon.colcon_core.package_identification:_identify(src/roverrobotics_ros2) by extensions ['ros']
[0.286s] Level 1:colcon.colcon_core.package_identification:_identify(src/roverrobotics_ros2) by extension 'ros'
[0.286s] Level 1:colcon.colcon_core.package_identification:_identify(src/roverrobotics_ros2) by extensions ['cmake', 'python']
[0.286s] Level 1:colcon.colcon_core.package_identification:_identify(src/roverrobotics_ros2) by extension 'cmake'
[0.286s] Level 1:colcon.colcon_core.package_identification:_identify(src/roverrobotics_ros2) by extension 'python'
[0.286s] Level 1:colcon.colcon_core.package_identification:_identify(src/roverrobotics_ros2) by extensions ['python_setup_py']
[0.286s] Level 1:colcon.colcon_core.package_identification:_identify(src/roverrobotics_ros2) by extension 'python_setup_py'
[0.286s] Level 1:colcon.colcon_core.package_identification:_identify(src/roverrobotics_ros2/roverrobotics_description) by extensions ['ignore', 'ignore_ament_install']
[0.286s] Level 1:colcon.colcon_core.package_identification:_identify(src/roverrobotics_ros2/roverrobotics_description) by extension 'ignore'
[0.286s] Level 1:colcon.colcon_core.package_identification:_identify(src/roverrobotics_ros2/roverrobotics_description) by extension 'ignore_ament_install'
[0.286s] Level 1:colcon.colcon_core.package_identification:_identify(src/roverrobotics_ros2/roverrobotics_description) by extensions ['colcon_pkg']
[0.286s] Level 1:colcon.colcon_core.package_identification:_identify(src/roverrobotics_ros2/roverrobotics_description) by extension 'colcon_pkg'
[0.286s] Level 1:colcon.colcon_core.package_identification:_identify(src/roverrobotics_ros2/roverrobotics_description) by extensions ['colcon_meta']
[0.286s] Level 1:colcon.colcon_core.package_identification:_identify(src/roverrobotics_ros2/roverrobotics_description) by extension 'colcon_meta'
[0.286s] Level 1:colcon.colcon_core.package_identification:_identify(src/roverrobotics_ros2/roverrobotics_description) by extensions ['ros']
[0.286s] Level 1:colcon.colcon_core.package_identification:_identify(src/roverrobotics_ros2/roverrobotics_description) by extension 'ros'
[0.286s] DEBUG:colcon.colcon_core.package_identification:Package 'src/roverrobotics_ros2/roverrobotics_description' with type 'ros.ament_cmake' and name 'roverrobotics_description'
[0.287s] Level 1:colcon.colcon_core.package_identification:_identify(src/roverrobotics_ros2/roverrobotics_driver) by extensions ['ignore', 'ignore_ament_install']
[0.287s] Level 1:colcon.colcon_core.package_identification:_identify(src/roverrobotics_ros2/roverrobotics_driver) by extension 'ignore'
[0.287s] Level 1:colcon.colcon_core.package_identification:_identify(src/roverrobotics_ros2/roverrobotics_driver) by extension 'ignore_ament_install'
[0.287s] Level 1:colcon.colcon_core.package_identification:_identify(src/roverrobotics_ros2/roverrobotics_driver) by extensions ['colcon_pkg']
[0.287s] Level 1:colcon.colcon_core.package_identification:_identify(src/roverrobotics_ros2/roverrobotics_driver) by extension 'colcon_pkg'
[0.287s] Level 1:colcon.colcon_core.package_identification:_identify(src/roverrobotics_ros2/roverrobotics_driver) by extensions ['colcon_meta']
[0.287s] Level 1:colcon.colcon_core.package_identification:_identify(src/roverrobotics_ros2/roverrobotics_driver) by extension 'colcon_meta'
[0.287s] Level 1:colcon.colcon_core.package_identification:_identify(src/roverrobotics_ros2/roverrobotics_driver) by extensions ['ros']
[0.287s] Level 1:colcon.colcon_core.package_identification:_identify(src/roverrobotics_ros2/roverrobotics_driver) by extension 'ros'
[0.287s] DEBUG:colcon.colcon_core.package_identification:Package 'src/roverrobotics_ros2/roverrobotics_driver' with type 'ros.ament_cmake' and name 'roverrobotics_driver'
[0.288s] Level 1:colcon.colcon_core.package_identification:_identify(src/roverrobotics_ros2/roverrobotics_gazebo) by extensions ['ignore', 'ignore_ament_install']
[0.288s] Level 1:colcon.colcon_core.package_identification:_identify(src/roverrobotics_ros2/roverrobotics_gazebo) by extension 'ignore'
[0.288s] Level 1:colcon.colcon_core.package_identification:_identify(src/roverrobotics_ros2/roverrobotics_gazebo) by extension 'ignore_ament_install'
[0.288s] Level 1:colcon.colcon_core.package_identification:_identify(src/roverrobotics_ros2/roverrobotics_gazebo) by extensions ['colcon_pkg']
[0.288s] Level 1:colcon.colcon_core.package_identification:_identify(src/roverrobotics_ros2/roverrobotics_gazebo) by extension 'colcon_pkg'
[0.288s] Level 1:colcon.colcon_core.package_identification:_identify(src/roverrobotics_ros2/roverrobotics_gazebo) by extensions ['colcon_meta']
[0.288s] Level 1:colcon.colcon_core.package_identification:_identify(src/roverrobotics_ros2/roverrobotics_gazebo) by extension 'colcon_meta'
[0.288s] Level 1:colcon.colcon_core.package_identification:_identify(src/roverrobotics_ros2/roverrobotics_gazebo) by extensions ['ros']
[0.288s] Level 1:colcon.colcon_core.package_identification:_identify(src/roverrobotics_ros2/roverrobotics_gazebo) by extension 'ros'
[0.288s] DEBUG:colcon.colcon_core.package_identification:Package 'src/roverrobotics_ros2/roverrobotics_gazebo' with type 'ros.ament_cmake' and name 'roverrobotics_gazebo'
[0.288s] Level 1:colcon.colcon_core.package_identification:_identify(src/roverrobotics_ros2/roverrobotics_input_manager) by extensions ['ignore', 'ignore_ament_install']
[0.288s] Level 1:colcon.colcon_core.package_identification:_identify(src/roverrobotics_ros2/roverrobotics_input_manager) by extension 'ignore'
[0.288s] Level 1:colcon.colcon_core.package_identification:_identify(src/roverrobotics_ros2/roverrobotics_input_manager) by extension 'ignore_ament_install'
[0.288s] Level 1:colcon.colcon_core.package_identification:_identify(src/roverrobotics_ros2/roverrobotics_input_manager) by extensions ['colcon_pkg']
[0.288s] Level 1:colcon.colcon_core.package_identification:_identify(src/roverrobotics_ros2/roverrobotics_input_manager) by extension 'colcon_pkg'
[0.289s] Level 1:colcon.colcon_core.package_identification:_identify(src/roverrobotics_ros2/roverrobotics_input_manager) by extensions ['colcon_meta']
[0.289s] Level 1:colcon.colcon_core.package_identification:_identify(src/roverrobotics_ros2/roverrobotics_input_manager) by extension 'colcon_meta'
[0.289s] Level 1:colcon.colcon_core.package_identification:_identify(src/roverrobotics_ros2/roverrobotics_input_manager) by extensions ['ros']
[0.289s] Level 1:colcon.colcon_core.package_identification:_identify(src/roverrobotics_ros2/roverrobotics_input_manager) by extension 'ros'
[0.289s] DEBUG:colcon.colcon_core.package_identification:Package 'src/roverrobotics_ros2/roverrobotics_input_manager' with type 'ros.ament_cmake' and name 'roverrobotics_input_manager'
[0.289s] Level 1:colcon.colcon_core.package_identification:_identify(src/sb3) by extensions ['ignore', 'ignore_ament_install']
[0.289s] Level 1:colcon.colcon_core.package_identification:_identify(src/sb3) by extension 'ignore'
[0.289s] Level 1:colcon.colcon_core.package_identification:_identify(src/sb3) by extension 'ignore_ament_install'
[0.289s] Level 1:colcon.colcon_core.package_identification:_identify(src/sb3) by extensions ['colcon_pkg']
[0.289s] Level 1:colcon.colcon_core.package_identification:_identify(src/sb3) by extension 'colcon_pkg'
[0.289s] Level 1:colcon.colcon_core.package_identification:_identify(src/sb3) by extensions ['colcon_meta']
[0.289s] Level 1:colcon.colcon_core.package_identification:_identify(src/sb3) by extension 'colcon_meta'
[0.289s] Level 1:colcon.colcon_core.package_identification:_identify(src/sb3) by extensions ['ros']
[0.289s] Level 1:colcon.colcon_core.package_identification:_identify(src/sb3) by extension 'ros'
[0.289s] Level 1:colcon.colcon_core.package_identification:_identify(src/sb3) by extensions ['cmake', 'python']
[0.289s] Level 1:colcon.colcon_core.package_identification:_identify(src/sb3) by extension 'cmake'
[0.290s] Level 1:colcon.colcon_core.package_identification:_identify(src/sb3) by extension 'python'
[0.290s] Level 1:colcon.colcon_core.package_identification:_identify(src/sb3) by extensions ['python_setup_py']
[0.290s] Level 1:colcon.colcon_core.package_identification:_identify(src/sb3) by extension 'python_setup_py'
[0.290s] Level 1:colcon.colcon_core.package_identification:_identify(src/sb3/environments) by extensions ['ignore', 'ignore_ament_install']
[0.290s] Level 1:colcon.colcon_core.package_identification:_identify(src/sb3/environments) by extension 'ignore'
[0.290s] Level 1:colcon.colcon_core.package_identification:_identify(src/sb3/environments) by extension 'ignore_ament_install'
[0.290s] Level 1:colcon.colcon_core.package_identification:_identify(src/sb3/environments) by extensions ['colcon_pkg']
[0.290s] Level 1:colcon.colcon_core.package_identification:_identify(src/sb3/environments) by extension 'colcon_pkg'
[0.290s] Level 1:colcon.colcon_core.package_identification:_identify(src/sb3/environments) by extensions ['colcon_meta']
[0.290s] Level 1:colcon.colcon_core.package_identification:_identify(src/sb3/environments) by extension 'colcon_meta'
[0.290s] Level 1:colcon.colcon_core.package_identification:_identify(src/sb3/environments) by extensions ['ros']
[0.290s] Level 1:colcon.colcon_core.package_identification:_identify(src/sb3/environments) by extension 'ros'
[0.290s] Level 1:colcon.colcon_core.package_identification:_identify(src/sb3/environments) by extensions ['cmake', 'python']
[0.290s] Level 1:colcon.colcon_core.package_identification:_identify(src/sb3/environments) by extension 'cmake'
[0.290s] Level 1:colcon.colcon_core.package_identification:_identify(src/sb3/environments) by extension 'python'
[0.290s] Level 1:colcon.colcon_core.package_identification:_identify(src/sb3/environments) by extensions ['python_setup_py']
[0.290s] Level 1:colcon.colcon_core.package_identification:_identify(src/sb3/environments) by extension 'python_setup_py'
[0.290s] Level 1:colcon.colcon_core.package_identification:_identify(src/sb3/environments/__pycache__) by extensions ['ignore', 'ignore_ament_install']
[0.290s] Level 1:colcon.colcon_core.package_identification:_identify(src/sb3/environments/__pycache__) by extension 'ignore'
[0.290s] Level 1:colcon.colcon_core.package_identification:_identify(src/sb3/environments/__pycache__) by extension 'ignore_ament_install'
[0.290s] Level 1:colcon.colcon_core.package_identification:_identify(src/sb3/environments/__pycache__) by extensions ['colcon_pkg']
[0.290s] Level 1:colcon.colcon_core.package_identification:_identify(src/sb3/environments/__pycache__) by extension 'colcon_pkg'
[0.290s] Level 1:colcon.colcon_core.package_identification:_identify(src/sb3/environments/__pycache__) by extensions ['colcon_meta']
[0.290s] Level 1:colcon.colcon_core.package_identification:_identify(src/sb3/environments/__pycache__) by extension 'colcon_meta'
[0.290s] Level 1:colcon.colcon_core.package_identification:_identify(src/sb3/environments/__pycache__) by extensions ['ros']
[0.290s] Level 1:colcon.colcon_core.package_identification:_identify(src/sb3/environments/__pycache__) by extension 'ros'
[0.290s] Level 1:colcon.colcon_core.package_identification:_identify(src/sb3/environments/__pycache__) by extensions ['cmake', 'python']
[0.290s] Level 1:colcon.colcon_core.package_identification:_identify(src/sb3/environments/__pycache__) by extension 'cmake'
[0.290s] Level 1:colcon.colcon_core.package_identification:_identify(src/sb3/environments/__pycache__) by extension 'python'
[0.290s] Level 1:colcon.colcon_core.package_identification:_identify(src/sb3/environments/__pycache__) by extensions ['python_setup_py']
[0.290s] Level 1:colcon.colcon_core.package_identification:_identify(src/sb3/environments/__pycache__) by extension 'python_setup_py'
[0.291s] Level 1:colcon.colcon_core.package_identification:_identify(src/worlds) by extensions ['ignore', 'ignore_ament_install']
[0.291s] Level 1:colcon.colcon_core.package_identification:_identify(src/worlds) by extension 'ignore'
[0.291s] Level 1:colcon.colcon_core.package_identification:_identify(src/worlds) by extension 'ignore_ament_install'
[0.291s] Level 1:colcon.colcon_core.package_identification:_identify(src/worlds) by extensions ['colcon_pkg']
[0.291s] Level 1:colcon.colcon_core.package_identification:_identify(src/worlds) by extension 'colcon_pkg'
[0.291s] Level 1:colcon.colcon_core.package_identification:_identify(src/worlds) by extensions ['colcon_meta']
[0.291s] Level 1:colcon.colcon_core.package_identification:_identify(src/worlds) by extension 'colcon_meta'
[0.291s] Level 1:colcon.colcon_core.package_identification:_identify(src/worlds) by extensions ['ros']
[0.291s] Level 1:colcon.colcon_core.package_identification:_identify(src/worlds) by extension 'ros'
[0.291s] Level 1:colcon.colcon_core.package_identification:_identify(src/worlds) by extensions ['cmake', 'python']
[0.291s] Level 1:colcon.colcon_core.package_identification:_identify(src/worlds) by extension 'cmake'
[0.291s] Level 1:colcon.colcon_core.package_identification:_identify(src/worlds) by extension 'python'
[0.291s] Level 1:colcon.colcon_core.package_identification:_identify(src/worlds) by extensions ['python_setup_py']
[0.291s] Level 1:colcon.colcon_core.package_identification:_identify(src/worlds) by extension 'python_setup_py'
[0.291s] Level 1:colcon.colcon_core.package_identification:_identify(temp) by extensions ['ignore', 'ignore_ament_install']
[0.291s] Level 1:colcon.colcon_core.package_identification:_identify(temp) by extension 'ignore'
[0.291s] Level 1:colcon.colcon_core.package_identification:_identify(temp) by extension 'ignore_ament_install'
[0.291s] Level 1:colcon.colcon_core.package_identification:_identify(temp) by extensions ['colcon_pkg']
[0.291s] Level 1:colcon.colcon_core.package_identification:_identify(temp) by extension 'colcon_pkg'
[0.291s] Level 1:colcon.colcon_core.package_identification:_identify(temp) by extensions ['colcon_meta']
[0.291s] Level 1:colcon.colcon_core.package_identification:_identify(temp) by extension 'colcon_meta'
[0.291s] Level 1:colcon.colcon_core.package_identification:_identify(temp) by extensions ['ros']
[0.291s] Level 1:colcon.colcon_core.package_identification:_identify(temp) by extension 'ros'
[0.291s] Level 1:colcon.colcon_core.package_identification:_identify(temp) by extensions ['cmake', 'python']
[0.291s] Level 1:colcon.colcon_core.package_identification:_identify(temp) by extension 'cmake'
[0.291s] Level 1:colcon.colcon_core.package_identification:_identify(temp) by extension 'python'
[0.291s] Level 1:colcon.colcon_core.package_identification:_identify(temp) by extensions ['python_setup_py']
[0.291s] Level 1:colcon.colcon_core.package_identification:_identify(temp) by extension 'python_setup_py'
[0.291s] Level 1:colcon.colcon_core.package_discovery:discover_packages(recursive) using defaults
[0.291s] Level 1:colcon.colcon_core.package_discovery:discover_packages(ignore) discover
[0.291s] Level 1:colcon.colcon_core.package_discovery:discover_packages(ignore) using defaults
[0.291s] Level 1:colcon.colcon_core.package_discovery:discover_packages(path) discover
[0.291s] Level 1:colcon.colcon_core.package_discovery:discover_packages(path) using defaults
[0.316s] Level 1:colcon.colcon_core.package_discovery:discover_packages(prefix_path) check parameters
[0.316s] Level 1:colcon.colcon_core.package_discovery:discover_packages(prefix_path) discover
[0.319s] DEBUG:colcon.colcon_installed_package_information.package_discovery:Found 5 installed packages in /home/jack/src/RoboTerrain/ros2_ws/install
[0.319s] DEBUG:colcon.colcon_installed_package_information.package_discovery:Found 5 installed packages in /home/jack/rover_workspace/install
[0.320s] DEBUG:colcon.colcon_installed_package_information.package_discovery:Found 3 installed packages in /home/jack/ros2_ws/install
[0.320s] DEBUG:colcon.colcon_installed_package_information.package_discovery:Found 242 installed packages in /opt/ros/humble
[0.321s] Level 1:colcon.colcon_core.package_discovery:discover_packages(prefix_path) using defaults
[0.343s] Level 5:colcon.colcon_core.verb:set package 'rover_metrics' build argument 'cmake_args' from command line to 'None'
[0.344s] Level 5:colcon.colcon_core.verb:set package 'rover_metrics' build argument 'cmake_target' from command line to 'None'
[0.344s] Level 5:colcon.colcon_core.verb:set package 'rover_metrics' build argument 'cmake_target_skip_unavailable' from command line to 'False'
[0.344s] Level 5:colcon.colcon_core.verb:set package 'rover_metrics' build argument 'cmake_clean_cache' from command line to 'False'
[0.344s] Level 5:colcon.colcon_core.verb:set package 'rover_metrics' build argument 'cmake_clean_first' from command line to 'False'
[0.344s] Level 5:colcon.colcon_core.verb:set package 'rover_metrics' build argument 'cmake_force_configure' from command line to 'False'
[0.344s] Level 5:colcon.colcon_core.verb:set package 'rover_metrics' build argument 'ament_cmake_args' from command line to 'None'
[0.344s] Level 5:colcon.colcon_core.verb:set package 'rover_metrics' build argument 'catkin_cmake_args' from command line to 'None'
[0.344s] Level 5:colcon.colcon_core.verb:set package 'rover_metrics' build argument 'catkin_skip_building_tests' from command line to 'False'
[0.344s] DEBUG:colcon.colcon_core.verb:Building package 'rover_metrics' with the following arguments: {'ament_cmake_args': None, 'build_base': '/home/jack/src/RoboTerrain/ros2_ws/build/rover_metrics', 'catkin_cmake_args': None, 'catkin_skip_building_tests': False, 'cmake_args': None, 'cmake_clean_cache': False, 'cmake_clean_first': False, 'cmake_force_configure': False, 'cmake_target': None, 'cmake_target_skip_unavailable': False, 'install_base': '/home/jack/src/RoboTerrain/ros2_ws/install/rover_metrics', 'merge_install': False, 'path': '/home/jack/src/RoboTerrain/ros2_ws/src/rover_metrics', 'symlink_install': False, 'test_result_base': None}
[0.344s] Level 5:colcon.colcon_core.verb:set package 'roverrobotics_description' build argument 'cmake_args' from command line to 'None'
[0.344s] Level 5:colcon.colcon_core.verb:set package 'roverrobotics_description' build argument 'cmake_target' from command line to 'None'
[0.344s] Level 5:colcon.colcon_core.verb:set package 'roverrobotics_description' build argument 'cmake_target_skip_unavailable' from command line to 'False'
[0.344s] Level 5:colcon.colcon_core.verb:set package 'roverrobotics_description' build argument 'cmake_clean_cache' from command line to 'False'
[0.344s] Level 5:colcon.colcon_core.verb:set package 'roverrobotics_description' build argument 'cmake_clean_first' from command line to 'False'
[0.344s] Level 5:colcon.colcon_core.verb:set package 'roverrobotics_description' build argument 'cmake_force_configure' from command line to 'False'
[0.344s] Level 5:colcon.colcon_core.verb:set package 'roverrobotics_description' build argument 'ament_cmake_args' from command line to 'None'
[0.344s] Level 5:colcon.colcon_core.verb:set package 'roverrobotics_description' build argument 'catkin_cmake_args' from command line to 'None'
[0.344s] Level 5:colcon.colcon_core.verb:set package 'roverrobotics_description' build argument 'catkin_skip_building_tests' from command line to 'False'
[0.344s] DEBUG:colcon.colcon_core.verb:Building package 'roverrobotics_description' with the following arguments: {'ament_cmake_args': None, 'build_base': '/home/jack/src/RoboTerrain/ros2_ws/build/roverrobotics_description', 'catkin_cmake_args': None, 'catkin_skip_building_tests': False, 'cmake_args': None, 'cmake_clean_cache': False, 'cmake_clean_first': False, 'cmake_force_configure': False, 'cmake_target': None, 'cmake_target_skip_unavailable': False, 'install_base': '/home/jack/src/RoboTerrain/ros2_ws/install/roverrobotics_description', 'merge_install': False, 'path': '/home/jack/src/RoboTerrain/ros2_ws/src/roverrobotics_ros2/roverrobotics_description', 'symlink_install': False, 'test_result_base': None}
[0.344s] Level 5:colcon.colcon_core.verb:set package 'roverrobotics_driver' build argument 'cmake_args' from command line to 'None'
[0.344s] Level 5:colcon.colcon_core.verb:set package 'roverrobotics_driver' build argument 'cmake_target' from command line to 'None'
[0.344s] Level 5:colcon.colcon_core.verb:set package 'roverrobotics_driver' build argument 'cmake_target_skip_unavailable' from command line to 'False'
[0.344s] Level 5:colcon.colcon_core.verb:set package 'roverrobotics_driver' build argument 'cmake_clean_cache' from command line to 'False'
[0.344s] Level 5:colcon.colcon_core.verb:set package 'roverrobotics_driver' build argument 'cmake_clean_first' from command line to 'False'
[0.344s] Level 5:colcon.colcon_core.verb:set package 'roverrobotics_driver' build argument 'cmake_force_configure' from command line to 'False'
[0.344s] Level 5:colcon.colcon_core.verb:set package 'roverrobotics_driver' build argument 'ament_cmake_args' from command line to 'None'
[0.344s] Level 5:colcon.colcon_core.verb:set package 'roverrobotics_driver' build argument 'catkin_cmake_args' from command line to 'None'
[0.344s] Level 5:colcon.colcon_core.verb:set package 'roverrobotics_driver' build argument 'catkin_skip_building_tests' from command line to 'False'
[0.344s] DEBUG:colcon.colcon_core.verb:Building package 'roverrobotics_driver' with the following arguments: {'ament_cmake_args': None, 'build_base': '/home/jack/src/RoboTerrain/ros2_ws/build/roverrobotics_driver', 'catkin_cmake_args': None, 'catkin_skip_building_tests': False, 'cmake_args': None, 'cmake_clean_cache': False, 'cmake_clean_first': False, 'cmake_force_configure': False, 'cmake_target': None, 'cmake_target_skip_unavailable': False, 'install_base': '/home/jack/src/RoboTerrain/ros2_ws/install/roverrobotics_driver', 'merge_install': False, 'path': '/home/jack/src/RoboTerrain/ros2_ws/src/roverrobotics_ros2/roverrobotics_driver', 'symlink_install': False, 'test_result_base': None}
[0.345s] Level 5:colcon.colcon_core.verb:set package 'roverrobotics_input_manager' build argument 'cmake_args' from command line to 'None'
[0.345s] Level 5:colcon.colcon_core.verb:set package 'roverrobotics_input_manager' build argument 'cmake_target' from command line to 'None'
[0.345s] Level 5:colcon.colcon_core.verb:set package 'roverrobotics_input_manager' build argument 'cmake_target_skip_unavailable' from command line to 'False'
[0.345s] Level 5:colcon.colcon_core.verb:set package 'roverrobotics_input_manager' build argument 'cmake_clean_cache' from command line to 'False'
[0.345s] Level 5:colcon.colcon_core.verb:set package 'roverrobotics_input_manager' build argument 'cmake_clean_first' from command line to 'False'
[0.345s] Level 5:colcon.colcon_core.verb:set package 'roverrobotics_input_manager' build argument 'cmake_force_configure' from command line to 'False'
[0.345s] Level 5:colcon.colcon_core.verb:set package 'roverrobotics_input_manager' build argument 'ament_cmake_args' from command line to 'None'
[0.345s] Level 5:colcon.colcon_core.verb:set package 'roverrobotics_input_manager' build argument 'catkin_cmake_args' from command line to 'None'
[0.345s] Level 5:colcon.colcon_core.verb:set package 'roverrobotics_input_manager' build argument 'catkin_skip_building_tests' from command line to 'False'
[0.345s] DEBUG:colcon.colcon_core.verb:Building package 'roverrobotics_input_manager' with the following arguments: {'ament_cmake_args': None, 'build_base': '/home/jack/src/RoboTerrain/ros2_ws/build/roverrobotics_input_manager', 'catkin_cmake_args': None, 'catkin_skip_building_tests': False, 'cmake_args': None, 'cmake_clean_cache': False, 'cmake_clean_first': False, 'cmake_force_configure': False, 'cmake_target': None, 'cmake_target_skip_unavailable': False, 'install_base': '/home/jack/src/RoboTerrain/ros2_ws/install/roverrobotics_input_manager', 'merge_install': False, 'path': '/home/jack/src/RoboTerrain/ros2_ws/src/roverrobotics_ros2/roverrobotics_input_manager', 'symlink_install': False, 'test_result_base': None}
[0.345s] Level 5:colcon.colcon_core.verb:set package 'roverrobotics_gazebo' build argument 'cmake_args' from command line to 'None'
[0.345s] Level 5:colcon.colcon_core.verb:set package 'roverrobotics_gazebo' build argument 'cmake_target' from command line to 'None'
[0.345s] Level 5:colcon.colcon_core.verb:set package 'roverrobotics_gazebo' build argument 'cmake_target_skip_unavailable' from command line to 'False'
[0.345s] Level 5:colcon.colcon_core.verb:set package 'roverrobotics_gazebo' build argument 'cmake_clean_cache' from command line to 'False'
[0.345s] Level 5:colcon.colcon_core.verb:set package 'roverrobotics_gazebo' build argument 'cmake_clean_first' from command line to 'False'
[0.345s] Level 5:colcon.colcon_core.verb:set package 'roverrobotics_gazebo' build argument 'cmake_force_configure' from command line to 'False'
[0.345s] Level 5:colcon.colcon_core.verb:set package 'roverrobotics_gazebo' build argument 'ament_cmake_args' from command line to 'None'
[0.345s] Level 5:colcon.colcon_core.verb:set package 'roverrobotics_gazebo' build argument 'catkin_cmake_args' from command line to 'None'
[0.345s] Level 5:colcon.colcon_core.verb:set package 'roverrobotics_gazebo' build argument 'catkin_skip_building_tests' from command line to 'False'
[0.345s] DEBUG:colcon.colcon_core.verb:Building package 'roverrobotics_gazebo' with the following arguments: {'ament_cmake_args': None, 'build_base': '/home/jack/src/RoboTerrain/ros2_ws/build/roverrobotics_gazebo', 'catkin_cmake_args': None, 'catkin_skip_building_tests': False, 'cmake_args': None, 'cmake_clean_cache': False, 'cmake_clean_first': False, 'cmake_force_configure': False, 'cmake_target': None, 'cmake_target_skip_unavailable': False, 'install_base': '/home/jack/src/RoboTerrain/ros2_ws/install/roverrobotics_gazebo', 'merge_install': False, 'path': '/home/jack/src/RoboTerrain/ros2_ws/src/roverrobotics_ros2/roverrobotics_gazebo', 'symlink_install': False, 'test_result_base': None}
[0.345s] INFO:colcon.colcon_core.executor:Executing jobs using 'parallel' executor
[0.346s] DEBUG:colcon.colcon_parallel_executor.executor.parallel:run_until_complete
[0.346s] INFO:colcon.colcon_ros.task.ament_cmake.build:Building ROS package in '/home/jack/src/RoboTerrain/ros2_ws/src/roverrobotics_ros2/roverrobotics_description' with build type 'ament_cmake'
[0.346s] INFO:colcon.colcon_cmake.task.cmake.build:Building CMake package in '/home/jack/src/RoboTerrain/ros2_ws/src/roverrobotics_ros2/roverrobotics_description'
[0.349s] INFO:colcon.colcon_core.plugin_system:Skipping extension 'colcon_core.shell.bat': Not used on non-Windows systems
[0.350s] INFO:colcon.colcon_core.shell:Skip shell extension 'powershell' for command environment: Not usable outside of PowerShell
[0.350s] DEBUG:colcon.colcon_core.shell:Skip shell extension 'dsv' for command environment
[0.353s] INFO:colcon.colcon_ros.task.ament_python.build:Building ROS package in '/home/jack/src/RoboTerrain/ros2_ws/src/rover_metrics' with build type 'ament_python'
[0.353s] Level 1:colcon.colcon_core.shell:create_environment_hook('rover_metrics', 'ament_prefix_path')
[0.353s] INFO:colcon.colcon_core.shell:Creating environment hook '/home/jack/src/RoboTerrain/ros2_ws/install/rover_metrics/share/rover_metrics/hook/ament_prefix_path.ps1'
[0.354s] INFO:colcon.colcon_core.shell:Creating environment descriptor '/home/jack/src/RoboTerrain/ros2_ws/install/rover_metrics/share/rover_metrics/hook/ament_prefix_path.dsv'
[0.354s] INFO:colcon.colcon_core.shell:Creating environment hook '/home/jack/src/RoboTerrain/ros2_ws/install/rover_metrics/share/rover_metrics/hook/ament_prefix_path.sh'
[0.355s] INFO:colcon.colcon_core.shell:Skip shell extension 'powershell' for command environment: Not usable outside of PowerShell
[0.355s] DEBUG:colcon.colcon_core.shell:Skip shell extension 'dsv' for command environment
[0.357s] INFO:colcon.colcon_ros.task.ament_cmake.build:Building ROS package in '/home/jack/src/RoboTerrain/ros2_ws/src/roverrobotics_ros2/roverrobotics_driver' with build type 'ament_cmake'
[0.357s] INFO:colcon.colcon_cmake.task.cmake.build:Building CMake package in '/home/jack/src/RoboTerrain/ros2_ws/src/roverrobotics_ros2/roverrobotics_driver'
[0.358s] INFO:colcon.colcon_core.shell:Skip shell extension 'powershell' for command environment: Not usable outside of PowerShell
[0.358s] DEBUG:colcon.colcon_core.shell:Skip shell extension 'dsv' for command environment
[0.360s] INFO:colcon.colcon_ros.task.ament_cmake.build:Building ROS package in '/home/jack/src/RoboTerrain/ros2_ws/src/roverrobotics_ros2/roverrobotics_input_manager' with build type 'ament_cmake'
[0.360s] INFO:colcon.colcon_cmake.task.cmake.build:Building CMake package in '/home/jack/src/RoboTerrain/ros2_ws/src/roverrobotics_ros2/roverrobotics_input_manager'
[0.360s] INFO:colcon.colcon_core.shell:Skip shell extension 'powershell' for command environment: Not usable outside of PowerShell
[0.360s] DEBUG:colcon.colcon_core.shell:Skip shell extension 'dsv' for command environment
[0.368s] DEBUG:colcon.colcon_core.event_handler.log_command:Invoking command in '/home/jack/src/RoboTerrain/ros2_ws/build/roverrobotics_description': CMAKE_PREFIX_PATH=${CMAKE_PREFIX_PATH}:/home/jack/src/RoboTerrain/ros2_ws/install/rover_metrics:/home/jack/ros2_ws/install/unity_slam_example:/home/jack/ros2_ws/install/camera_subscriber:/home/jack/rover_workspace/install/roverrobotics_input_manager:/home/jack/rover_workspace/install/roverrobotics_gazebo:/home/jack/rover_workspace/install/roverrobotics_driver:/home/jack/rover_workspace/install/roverrobotics_description:/home/jack/rover_workspace/install/rover_metrics:/opt/ros/humble /usr/bin/cmake --build /home/jack/src/RoboTerrain/ros2_ws/build/roverrobotics_description -- -j24 -l24
[0.535s] INFO:colcon.colcon_core.task.python.build:Building Python package in '/home/jack/src/RoboTerrain/ros2_ws/src/rover_metrics'
[0.535s] INFO:colcon.colcon_core.shell:Skip shell extension 'powershell' for command environment: Not usable outside of PowerShell
[0.535s] DEBUG:colcon.colcon_core.shell:Skip shell extension 'dsv' for command environment
[0.540s] DEBUG:colcon.colcon_core.event_handler.log_command:Invoking command in '/home/jack/src/RoboTerrain/ros2_ws/build/roverrobotics_driver': CMAKE_PREFIX_PATH=${CMAKE_PREFIX_PATH}:/home/jack/src/RoboTerrain/ros2_ws/install/rover_metrics:/home/jack/ros2_ws/install/unity_slam_example:/home/jack/ros2_ws/install/camera_subscriber:/home/jack/rover_workspace/install/roverrobotics_input_manager:/home/jack/rover_workspace/install/roverrobotics_gazebo:/home/jack/rover_workspace/install/roverrobotics_driver:/home/jack/rover_workspace/install/roverrobotics_description:/home/jack/rover_workspace/install/rover_metrics:/opt/ros/humble /usr/bin/cmake --build /home/jack/src/RoboTerrain/ros2_ws/build/roverrobotics_driver -- -j24 -l24
[0.541s] DEBUG:colcon.colcon_core.event_handler.log_command:Invoked command in '/home/jack/src/RoboTerrain/ros2_ws/build/roverrobotics_description' returned '0': CMAKE_PREFIX_PATH=${CMAKE_PREFIX_PATH}:/home/jack/src/RoboTerrain/ros2_ws/install/rover_metrics:/home/jack/ros2_ws/install/unity_slam_example:/home/jack/ros2_ws/install/camera_subscriber:/home/jack/rover_workspace/install/roverrobotics_input_manager:/home/jack/rover_workspace/install/roverrobotics_gazebo:/home/jack/rover_workspace/install/roverrobotics_driver:/home/jack/rover_workspace/install/roverrobotics_description:/home/jack/rover_workspace/install/rover_metrics:/opt/ros/humble /usr/bin/cmake --build /home/jack/src/RoboTerrain/ros2_ws/build/roverrobotics_description -- -j24 -l24
[0.544s] DEBUG:colcon.colcon_core.event_handler.log_command:Invoking command in '/home/jack/src/RoboTerrain/ros2_ws/build/roverrobotics_input_manager': CMAKE_PREFIX_PATH=${CMAKE_PREFIX_PATH}:/home/jack/src/RoboTerrain/ros2_ws/install/rover_metrics:/home/jack/ros2_ws/install/unity_slam_example:/home/jack/ros2_ws/install/camera_subscriber:/home/jack/rover_workspace/install/roverrobotics_input_manager:/home/jack/rover_workspace/install/roverrobotics_gazebo:/home/jack/rover_workspace/install/roverrobotics_driver:/home/jack/rover_workspace/install/roverrobotics_description:/home/jack/rover_workspace/install/rover_metrics:/opt/ros/humble /usr/bin/cmake --build /home/jack/src/RoboTerrain/ros2_ws/build/roverrobotics_input_manager -- -j24 -l24
[0.565s] DEBUG:colcon.colcon_core.event_handler.log_command:Invoking command in '/home/jack/src/RoboTerrain/ros2_ws/build/roverrobotics_description': CMAKE_PREFIX_PATH=${CMAKE_PREFIX_PATH}:/home/jack/src/RoboTerrain/ros2_ws/install/rover_metrics:/home/jack/ros2_ws/install/unity_slam_example:/home/jack/ros2_ws/install/camera_subscriber:/home/jack/rover_workspace/install/roverrobotics_input_manager:/home/jack/rover_workspace/install/roverrobotics_gazebo:/home/jack/rover_workspace/install/roverrobotics_driver:/home/jack/rover_workspace/install/roverrobotics_description:/home/jack/rover_workspace/install/rover_metrics:/opt/ros/humble /usr/bin/cmake --install /home/jack/src/RoboTerrain/ros2_ws/build/roverrobotics_description
[0.570s] DEBUG:colcon.colcon_core.event_handler.log_command:Invoked command in '/home/jack/src/RoboTerrain/ros2_ws/build/roverrobotics_input_manager' returned '0': CMAKE_PREFIX_PATH=${CMAKE_PREFIX_PATH}:/home/jack/src/RoboTerrain/ros2_ws/install/rover_metrics:/home/jack/ros2_ws/install/unity_slam_example:/home/jack/ros2_ws/install/camera_subscriber:/home/jack/rover_workspace/install/roverrobotics_input_manager:/home/jack/rover_workspace/install/roverrobotics_gazebo:/home/jack/rover_workspace/install/roverrobotics_driver:/home/jack/rover_workspace/install/roverrobotics_description:/home/jack/rover_workspace/install/rover_metrics:/opt/ros/humble /usr/bin/cmake --build /home/jack/src/RoboTerrain/ros2_ws/build/roverrobotics_input_manager -- -j24 -l24
[0.574s] Level 1:colcon.colcon_core.environment:create_environment_scripts_only(roverrobotics_description)
[0.574s] DEBUG:colcon.colcon_core.event_handler.log_command:Invoked command in '/home/jack/src/RoboTerrain/ros2_ws/build/roverrobotics_description' returned '0': CMAKE_PREFIX_PATH=${CMAKE_PREFIX_PATH}:/home/jack/src/RoboTerrain/ros2_ws/install/rover_metrics:/home/jack/ros2_ws/install/unity_slam_example:/home/jack/ros2_ws/install/camera_subscriber:/home/jack/rover_workspace/install/roverrobotics_input_manager:/home/jack/rover_workspace/install/roverrobotics_gazebo:/home/jack/rover_workspace/install/roverrobotics_driver:/home/jack/rover_workspace/install/roverrobotics_description:/home/jack/rover_workspace/install/rover_metrics:/opt/ros/humble /usr/bin/cmake --install /home/jack/src/RoboTerrain/ros2_ws/build/roverrobotics_description
[0.579s] Level 1:colcon.colcon_core.environment:checking '/home/jack/src/RoboTerrain/ros2_ws/install/roverrobotics_description' for CMake module files
[0.579s] Level 1:colcon.colcon_core.environment:checking '/home/jack/src/RoboTerrain/ros2_ws/install/roverrobotics_description' for CMake config files
[0.580s] Level 1:colcon.colcon_core.shell:create_environment_hook('roverrobotics_description', 'cmake_prefix_path')
[0.580s] INFO:colcon.colcon_core.shell:Creating environment hook '/home/jack/src/RoboTerrain/ros2_ws/install/roverrobotics_description/share/roverrobotics_description/hook/cmake_prefix_path.ps1'
[0.580s] INFO:colcon.colcon_core.shell:Creating environment descriptor '/home/jack/src/RoboTerrain/ros2_ws/install/roverrobotics_description/share/roverrobotics_description/hook/cmake_prefix_path.dsv'
[0.580s] INFO:colcon.colcon_core.shell:Creating environment hook '/home/jack/src/RoboTerrain/ros2_ws/install/roverrobotics_description/share/roverrobotics_description/hook/cmake_prefix_path.sh'
[0.581s] Level 1:colcon.colcon_core.environment:checking '/home/jack/src/RoboTerrain/ros2_ws/install/roverrobotics_description/bin'
[0.581s] Level 1:colcon.colcon_core.environment:checking '/home/jack/src/RoboTerrain/ros2_ws/install/roverrobotics_description/lib/pkgconfig/roverrobotics_description.pc'
[0.581s] Level 1:colcon.colcon_core.environment:checking '/home/jack/src/RoboTerrain/ros2_ws/install/roverrobotics_description/lib/python3.10/site-packages'
[0.581s] Level 1:colcon.colcon_core.environment:checking '/home/jack/src/RoboTerrain/ros2_ws/install/roverrobotics_description/bin'
[0.581s] INFO:colcon.colcon_core.shell:Creating package script '/home/jack/src/RoboTerrain/ros2_ws/install/roverrobotics_description/share/roverrobotics_description/package.ps1'
[0.582s] INFO:colcon.colcon_core.shell:Creating package descriptor '/home/jack/src/RoboTerrain/ros2_ws/install/roverrobotics_description/share/roverrobotics_description/package.dsv'
[0.582s] INFO:colcon.colcon_core.shell:Creating package script '/home/jack/src/RoboTerrain/ros2_ws/install/roverrobotics_description/share/roverrobotics_description/package.sh'
[0.583s] INFO:colcon.colcon_core.shell:Creating package script '/home/jack/src/RoboTerrain/ros2_ws/install/roverrobotics_description/share/roverrobotics_description/package.bash'
[0.584s] INFO:colcon.colcon_core.shell:Creating package script '/home/jack/src/RoboTerrain/ros2_ws/install/roverrobotics_description/share/roverrobotics_description/package.zsh'
[0.584s] Level 1:colcon.colcon_core.environment:create_file_with_runtime_dependencies(/home/jack/src/RoboTerrain/ros2_ws/install/roverrobotics_description/share/colcon-core/packages/roverrobotics_description)
[0.586s] DEBUG:colcon.colcon_core.event_handler.log_command:Invoking command in '/home/jack/src/RoboTerrain/ros2_ws/build/roverrobotics_input_manager': CMAKE_PREFIX_PATH=${CMAKE_PREFIX_PATH}:/home/jack/src/RoboTerrain/ros2_ws/install/rover_metrics:/home/jack/ros2_ws/install/unity_slam_example:/home/jack/ros2_ws/install/camera_subscriber:/home/jack/rover_workspace/install/roverrobotics_input_manager:/home/jack/rover_workspace/install/roverrobotics_gazebo:/home/jack/rover_workspace/install/roverrobotics_driver:/home/jack/rover_workspace/install/roverrobotics_description:/home/jack/rover_workspace/install/rover_metrics:/opt/ros/humble /usr/bin/cmake --install /home/jack/src/RoboTerrain/ros2_ws/build/roverrobotics_input_manager
[0.594s] Level 1:colcon.colcon_core.environment:create_environment_scripts_only(roverrobotics_input_manager)
[0.594s] Level 1:colcon.colcon_core.environment:checking '/home/jack/src/RoboTerrain/ros2_ws/install/roverrobotics_input_manager' for CMake module files
[0.594s] DEBUG:colcon.colcon_core.event_handler.log_command:Invoked command in '/home/jack/src/RoboTerrain/ros2_ws/build/roverrobotics_input_manager' returned '0': CMAKE_PREFIX_PATH=${CMAKE_PREFIX_PATH}:/home/jack/src/RoboTerrain/ros2_ws/install/rover_metrics:/home/jack/ros2_ws/install/unity_slam_example:/home/jack/ros2_ws/install/camera_subscriber:/home/jack/rover_workspace/install/roverrobotics_input_manager:/home/jack/rover_workspace/install/roverrobotics_gazebo:/home/jack/rover_workspace/install/roverrobotics_driver:/home/jack/rover_workspace/install/roverrobotics_description:/home/jack/rover_workspace/install/rover_metrics:/opt/ros/humble /usr/bin/cmake --install /home/jack/src/RoboTerrain/ros2_ws/build/roverrobotics_input_manager
[0.595s] Level 1:colcon.colcon_core.environment:checking '/home/jack/src/RoboTerrain/ros2_ws/install/roverrobotics_input_manager' for CMake config files
[0.595s] Level 1:colcon.colcon_core.shell:create_environment_hook('roverrobotics_input_manager', 'cmake_prefix_path')
[0.595s] INFO:colcon.colcon_core.shell:Creating environment hook '/home/jack/src/RoboTerrain/ros2_ws/install/roverrobotics_input_manager/share/roverrobotics_input_manager/hook/cmake_prefix_path.ps1'
[0.595s] INFO:colcon.colcon_core.shell:Creating environment descriptor '/home/jack/src/RoboTerrain/ros2_ws/install/roverrobotics_input_manager/share/roverrobotics_input_manager/hook/cmake_prefix_path.dsv'
[0.595s] INFO:colcon.colcon_core.shell:Creating environment hook '/home/jack/src/RoboTerrain/ros2_ws/install/roverrobotics_input_manager/share/roverrobotics_input_manager/hook/cmake_prefix_path.sh'
[0.596s] Level 1:colcon.colcon_core.environment:checking '/home/jack/src/RoboTerrain/ros2_ws/install/roverrobotics_input_manager/lib'
[0.596s] Level 1:colcon.colcon_core.environment:checking '/home/jack/src/RoboTerrain/ros2_ws/install/roverrobotics_input_manager/bin'
[0.596s] Level 1:colcon.colcon_core.environment:checking '/home/jack/src/RoboTerrain/ros2_ws/install/roverrobotics_input_manager/lib/pkgconfig/roverrobotics_input_manager.pc'
[0.596s] Level 1:colcon.colcon_core.environment:checking '/home/jack/src/RoboTerrain/ros2_ws/install/roverrobotics_input_manager/lib/python3.10/site-packages'
[0.596s] Level 1:colcon.colcon_core.environment:checking '/home/jack/src/RoboTerrain/ros2_ws/install/roverrobotics_input_manager/bin'
[0.596s] INFO:colcon.colcon_core.shell:Creating package script '/home/jack/src/RoboTerrain/ros2_ws/install/roverrobotics_input_manager/share/roverrobotics_input_manager/package.ps1'
[0.597s] INFO:colcon.colcon_core.shell:Creating package descriptor '/home/jack/src/RoboTerrain/ros2_ws/install/roverrobotics_input_manager/share/roverrobotics_input_manager/package.dsv'
[0.597s] INFO:colcon.colcon_core.shell:Creating package script '/home/jack/src/RoboTerrain/ros2_ws/install/roverrobotics_input_manager/share/roverrobotics_input_manager/package.sh'
[0.597s] INFO:colcon.colcon_core.shell:Creating package script '/home/jack/src/RoboTerrain/ros2_ws/install/roverrobotics_input_manager/share/roverrobotics_input_manager/package.bash'
[0.597s] INFO:colcon.colcon_core.shell:Creating package script '/home/jack/src/RoboTerrain/ros2_ws/install/roverrobotics_input_manager/share/roverrobotics_input_manager/package.zsh'
[0.597s] Level 1:colcon.colcon_core.environment:create_file_with_runtime_dependencies(/home/jack/src/RoboTerrain/ros2_ws/install/roverrobotics_input_manager/share/colcon-core/packages/roverrobotics_input_manager)
[0.599s] Level 1:colcon.colcon_core.environment:create_environment_scripts_only(roverrobotics_description)
[0.600s] Level 1:colcon.colcon_core.environment:checking '/home/jack/src/RoboTerrain/ros2_ws/install/roverrobotics_description' for CMake module files
[0.600s] Level 1:colcon.colcon_core.environment:checking '/home/jack/src/RoboTerrain/ros2_ws/install/roverrobotics_description' for CMake config files
[0.600s] Level 1:colcon.colcon_core.shell:create_environment_hook('roverrobotics_description', 'cmake_prefix_path')
[0.600s] INFO:colcon.colcon_core.shell:Creating environment hook '/home/jack/src/RoboTerrain/ros2_ws/install/roverrobotics_description/share/roverrobotics_description/hook/cmake_prefix_path.ps1'
[0.600s] INFO:colcon.colcon_core.shell:Creating environment descriptor '/home/jack/src/RoboTerrain/ros2_ws/install/roverrobotics_description/share/roverrobotics_description/hook/cmake_prefix_path.dsv'
[0.601s] INFO:colcon.colcon_core.shell:Creating environment hook '/home/jack/src/RoboTerrain/ros2_ws/install/roverrobotics_description/share/roverrobotics_description/hook/cmake_prefix_path.sh'
[0.601s] Level 1:colcon.colcon_core.environment:checking '/home/jack/src/RoboTerrain/ros2_ws/install/roverrobotics_description/bin'
[0.601s] Level 1:colcon.colcon_core.environment:checking '/home/jack/src/RoboTerrain/ros2_ws/install/roverrobotics_description/lib/pkgconfig/roverrobotics_description.pc'
[0.601s] Level 1:colcon.colcon_core.environment:checking '/home/jack/src/RoboTerrain/ros2_ws/install/roverrobotics_description/lib/python3.10/site-packages'
[0.601s] Level 1:colcon.colcon_core.environment:checking '/home/jack/src/RoboTerrain/ros2_ws/install/roverrobotics_description/bin'
[0.602s] INFO:colcon.colcon_core.shell:Creating package script '/home/jack/src/RoboTerrain/ros2_ws/install/roverrobotics_description/share/roverrobotics_description/package.ps1'
[0.602s] INFO:colcon.colcon_core.shell:Creating package descriptor '/home/jack/src/RoboTerrain/ros2_ws/install/roverrobotics_description/share/roverrobotics_description/package.dsv'
[0.602s] INFO:colcon.colcon_core.shell:Creating package script '/home/jack/src/RoboTerrain/ros2_ws/install/roverrobotics_description/share/roverrobotics_description/package.sh'
[0.602s] INFO:colcon.colcon_core.shell:Creating package script '/home/jack/src/RoboTerrain/ros2_ws/install/roverrobotics_description/share/roverrobotics_description/package.bash'
[0.603s] INFO:colcon.colcon_core.shell:Creating package script '/home/jack/src/RoboTerrain/ros2_ws/install/roverrobotics_description/share/roverrobotics_description/package.zsh'
[0.603s] Level 1:colcon.colcon_core.environment:create_file_with_runtime_dependencies(/home/jack/src/RoboTerrain/ros2_ws/install/roverrobotics_description/share/colcon-core/packages/roverrobotics_description)
[0.603s] INFO:colcon.colcon_ros.task.ament_cmake.build:Building ROS package in '/home/jack/src/RoboTerrain/ros2_ws/src/roverrobotics_ros2/roverrobotics_gazebo' with build type 'ament_cmake'
[0.603s] INFO:colcon.colcon_cmake.task.cmake.build:Building CMake package in '/home/jack/src/RoboTerrain/ros2_ws/src/roverrobotics_ros2/roverrobotics_gazebo'
[0.603s] INFO:colcon.colcon_core.shell:Skip shell extension 'powershell' for command environment: Not usable outside of PowerShell
[0.603s] DEBUG:colcon.colcon_core.shell:Skip shell extension 'dsv' for command environment
[0.611s] DEBUG:colcon.colcon_core.event_handler.log_command:Invoking command in '/home/jack/src/RoboTerrain/ros2_ws/build/roverrobotics_gazebo': CMAKE_PREFIX_PATH=/home/jack/src/RoboTerrain/ros2_ws/install/roverrobotics_description:/home/jack/src/RoboTerrain/ros2_ws/install/roverrobotics_input_manager:/home/jack/src/RoboTerrain/ros2_ws/install/roverrobotics_gazebo:/home/jack/src/RoboTerrain/ros2_ws/install/roverrobotics_driver:/home/jack/ros2_ws/install/custom_turtlebot4_bringup:/home/jack/src/RoboTerrain/ros2_ws/install/rover_metrics:/home/jack/ros2_ws/install/unity_slam_example:/home/jack/ros2_ws/install/camera_subscriber:/home/jack/rover_workspace/install/roverrobotics_input_manager:/home/jack/rover_workspace/install/roverrobotics_gazebo:/home/jack/rover_workspace/install/roverrobotics_driver:/home/jack/rover_workspace/install/roverrobotics_description:/home/jack/rover_workspace/install/rover_metrics:/opt/ros/humble /usr/bin/cmake --build /home/jack/src/RoboTerrain/ros2_ws/build/roverrobotics_gazebo -- -j24 -l24
[0.613s] Level 1:colcon.colcon_core.environment:create_environment_scripts_only(roverrobotics_input_manager)
[0.613s] Level 1:colcon.colcon_core.environment:checking '/home/jack/src/RoboTerrain/ros2_ws/install/roverrobotics_input_manager' for CMake module files
[0.614s] Level 1:colcon.colcon_core.environment:checking '/home/jack/src/RoboTerrain/ros2_ws/install/roverrobotics_input_manager' for CMake config files
[0.614s] Level 1:colcon.colcon_core.shell:create_environment_hook('roverrobotics_input_manager', 'cmake_prefix_path')
[0.614s] INFO:colcon.colcon_core.shell:Creating environment hook '/home/jack/src/RoboTerrain/ros2_ws/install/roverrobotics_input_manager/share/roverrobotics_input_manager/hook/cmake_prefix_path.ps1'
[0.614s] INFO:colcon.colcon_core.shell:Creating environment descriptor '/home/jack/src/RoboTerrain/ros2_ws/install/roverrobotics_input_manager/share/roverrobotics_input_manager/hook/cmake_prefix_path.dsv'
[0.615s] INFO:colcon.colcon_core.shell:Creating environment hook '/home/jack/src/RoboTerrain/ros2_ws/install/roverrobotics_input_manager/share/roverrobotics_input_manager/hook/cmake_prefix_path.sh'
[0.615s] Level 1:colcon.colcon_core.environment:checking '/home/jack/src/RoboTerrain/ros2_ws/install/roverrobotics_input_manager/lib'
[0.615s] Level 1:colcon.colcon_core.environment:checking '/home/jack/src/RoboTerrain/ros2_ws/install/roverrobotics_input_manager/bin'
[0.615s] Level 1:colcon.colcon_core.environment:checking '/home/jack/src/RoboTerrain/ros2_ws/install/roverrobotics_input_manager/lib/pkgconfig/roverrobotics_input_manager.pc'
[0.615s] Level 1:colcon.colcon_core.environment:checking '/home/jack/src/RoboTerrain/ros2_ws/install/roverrobotics_input_manager/lib/python3.10/site-packages'
[0.615s] Level 1:colcon.colcon_core.environment:checking '/home/jack/src/RoboTerrain/ros2_ws/install/roverrobotics_input_manager/bin'
[0.616s] INFO:colcon.colcon_core.shell:Creating package script '/home/jack/src/RoboTerrain/ros2_ws/install/roverrobotics_input_manager/share/roverrobotics_input_manager/package.ps1'
[0.616s] INFO:colcon.colcon_core.shell:Creating package descriptor '/home/jack/src/RoboTerrain/ros2_ws/install/roverrobotics_input_manager/share/roverrobotics_input_manager/package.dsv'
[0.616s] INFO:colcon.colcon_core.shell:Creating package script '/home/jack/src/RoboTerrain/ros2_ws/install/roverrobotics_input_manager/share/roverrobotics_input_manager/package.sh'
[0.617s] INFO:colcon.colcon_core.shell:Creating package script '/home/jack/src/RoboTerrain/ros2_ws/install/roverrobotics_input_manager/share/roverrobotics_input_manager/package.bash'
[0.617s] INFO:colcon.colcon_core.shell:Creating package script '/home/jack/src/RoboTerrain/ros2_ws/install/roverrobotics_input_manager/share/roverrobotics_input_manager/package.zsh'
[0.617s] Level 1:colcon.colcon_core.environment:create_file_with_runtime_dependencies(/home/jack/src/RoboTerrain/ros2_ws/install/roverrobotics_input_manager/share/colcon-core/packages/roverrobotics_input_manager)
[0.639s] DEBUG:colcon.colcon_core.event_handler.log_command:Invoked command in '/home/jack/src/RoboTerrain/ros2_ws/build/roverrobotics_driver' returned '0': CMAKE_PREFIX_PATH=${CMAKE_PREFIX_PATH}:/home/jack/src/RoboTerrain/ros2_ws/install/rover_metrics:/home/jack/ros2_ws/install/unity_slam_example:/home/jack/ros2_ws/install/camera_subscriber:/home/jack/rover_workspace/install/roverrobotics_input_manager:/home/jack/rover_workspace/install/roverrobotics_gazebo:/home/jack/rover_workspace/install/roverrobotics_driver:/home/jack/rover_workspace/install/roverrobotics_description:/home/jack/rover_workspace/install/rover_metrics:/opt/ros/humble /usr/bin/cmake --build /home/jack/src/RoboTerrain/ros2_ws/build/roverrobotics_driver -- -j24 -l24
[0.640s] DEBUG:colcon.colcon_core.event_handler.log_command:Invoked command in '/home/jack/src/RoboTerrain/ros2_ws/build/roverrobotics_gazebo' returned '0': CMAKE_PREFIX_PATH=/home/jack/src/RoboTerrain/ros2_ws/install/roverrobotics_description:/home/jack/src/RoboTerrain/ros2_ws/install/roverrobotics_input_manager:/home/jack/src/RoboTerrain/ros2_ws/install/roverrobotics_gazebo:/home/jack/src/RoboTerrain/ros2_ws/install/roverrobotics_driver:/home/jack/ros2_ws/install/custom_turtlebot4_bringup:/home/jack/src/RoboTerrain/ros2_ws/install/rover_metrics:/home/jack/ros2_ws/install/unity_slam_example:/home/jack/ros2_ws/install/camera_subscriber:/home/jack/rover_workspace/install/roverrobotics_input_manager:/home/jack/rover_workspace/install/roverrobotics_gazebo:/home/jack/rover_workspace/install/roverrobotics_driver:/home/jack/rover_workspace/install/roverrobotics_description:/home/jack/rover_workspace/install/rover_metrics:/opt/ros/humble /usr/bin/cmake --build /home/jack/src/RoboTerrain/ros2_ws/build/roverrobotics_gazebo -- -j24 -l24
[0.655s] DEBUG:colcon.colcon_core.event_handler.log_command:Invoking command in '/home/jack/src/RoboTerrain/ros2_ws/build/roverrobotics_gazebo': CMAKE_PREFIX_PATH=/home/jack/src/RoboTerrain/ros2_ws/install/roverrobotics_description:/home/jack/src/RoboTerrain/ros2_ws/install/roverrobotics_input_manager:/home/jack/src/RoboTerrain/ros2_ws/install/roverrobotics_gazebo:/home/jack/src/RoboTerrain/ros2_ws/install/roverrobotics_driver:/home/jack/ros2_ws/install/custom_turtlebot4_bringup:/home/jack/src/RoboTerrain/ros2_ws/install/rover_metrics:/home/jack/ros2_ws/install/unity_slam_example:/home/jack/ros2_ws/install/camera_subscriber:/home/jack/rover_workspace/install/roverrobotics_input_manager:/home/jack/rover_workspace/install/roverrobotics_gazebo:/home/jack/rover_workspace/install/roverrobotics_driver:/home/jack/rover_workspace/install/roverrobotics_description:/home/jack/rover_workspace/install/rover_metrics:/opt/ros/humble /usr/bin/cmake --install /home/jack/src/RoboTerrain/ros2_ws/build/roverrobotics_gazebo
[0.662s] Level 1:colcon.colcon_core.environment:create_environment_scripts_only(roverrobotics_gazebo)
[0.663s] Level 1:colcon.colcon_core.environment:checking '/home/jack/src/RoboTerrain/ros2_ws/install/roverrobotics_gazebo' for CMake module files
[0.663s] DEBUG:colcon.colcon_core.event_handler.log_command:Invoked command in '/home/jack/src/RoboTerrain/ros2_ws/build/roverrobotics_gazebo' returned '0': CMAKE_PREFIX_PATH=/home/jack/src/RoboTerrain/ros2_ws/install/roverrobotics_description:/home/jack/src/RoboTerrain/ros2_ws/install/roverrobotics_input_manager:/home/jack/src/RoboTerrain/ros2_ws/install/roverrobotics_gazebo:/home/jack/src/RoboTerrain/ros2_ws/install/roverrobotics_driver:/home/jack/ros2_ws/install/custom_turtlebot4_bringup:/home/jack/src/RoboTerrain/ros2_ws/install/rover_metrics:/home/jack/ros2_ws/install/unity_slam_example:/home/jack/ros2_ws/install/camera_subscriber:/home/jack/rover_workspace/install/roverrobotics_input_manager:/home/jack/rover_workspace/install/roverrobotics_gazebo:/home/jack/rover_workspace/install/roverrobotics_driver:/home/jack/rover_workspace/install/roverrobotics_description:/home/jack/rover_workspace/install/rover_metrics:/opt/ros/humble /usr/bin/cmake --install /home/jack/src/RoboTerrain/ros2_ws/build/roverrobotics_gazebo
[0.663s] Level 1:colcon.colcon_core.environment:checking '/home/jack/src/RoboTerrain/ros2_ws/install/roverrobotics_gazebo' for CMake config files
[0.663s] Level 1:colcon.colcon_core.shell:create_environment_hook('roverrobotics_gazebo', 'cmake_prefix_path')
[0.663s] INFO:colcon.colcon_core.shell:Creating environment hook '/home/jack/src/RoboTerrain/ros2_ws/install/roverrobotics_gazebo/share/roverrobotics_gazebo/hook/cmake_prefix_path.ps1'
[0.664s] INFO:colcon.colcon_core.shell:Creating environment descriptor '/home/jack/src/RoboTerrain/ros2_ws/install/roverrobotics_gazebo/share/roverrobotics_gazebo/hook/cmake_prefix_path.dsv'
[0.664s] INFO:colcon.colcon_core.shell:Creating environment hook '/home/jack/src/RoboTerrain/ros2_ws/install/roverrobotics_gazebo/share/roverrobotics_gazebo/hook/cmake_prefix_path.sh'
[0.664s] Level 1:colcon.colcon_core.environment:checking '/home/jack/src/RoboTerrain/ros2_ws/install/roverrobotics_gazebo/bin'
[0.664s] Level 1:colcon.colcon_core.environment:checking '/home/jack/src/RoboTerrain/ros2_ws/install/roverrobotics_gazebo/lib/pkgconfig/roverrobotics_gazebo.pc'
[0.664s] Level 1:colcon.colcon_core.environment:checking '/home/jack/src/RoboTerrain/ros2_ws/install/roverrobotics_gazebo/lib/python3.10/site-packages'
[0.665s] Level 1:colcon.colcon_core.environment:checking '/home/jack/src/RoboTerrain/ros2_ws/install/roverrobotics_gazebo/bin'
[0.665s] INFO:colcon.colcon_core.shell:Creating package script '/home/jack/src/RoboTerrain/ros2_ws/install/roverrobotics_gazebo/share/roverrobotics_gazebo/package.ps1'
[0.665s] INFO:colcon.colcon_core.shell:Creating package descriptor '/home/jack/src/RoboTerrain/ros2_ws/install/roverrobotics_gazebo/share/roverrobotics_gazebo/package.dsv'
[0.665s] INFO:colcon.colcon_core.shell:Creating package script '/home/jack/src/RoboTerrain/ros2_ws/install/roverrobotics_gazebo/share/roverrobotics_gazebo/package.sh'
[0.665s] INFO:colcon.colcon_core.shell:Creating package script '/home/jack/src/RoboTerrain/ros2_ws/install/roverrobotics_gazebo/share/roverrobotics_gazebo/package.bash'
[0.666s] INFO:colcon.colcon_core.shell:Creating package script '/home/jack/src/RoboTerrain/ros2_ws/install/roverrobotics_gazebo/share/roverrobotics_gazebo/package.zsh'
[0.666s] Level 1:colcon.colcon_core.environment:create_file_with_runtime_dependencies(/home/jack/src/RoboTerrain/ros2_ws/install/roverrobotics_gazebo/share/colcon-core/packages/roverrobotics_gazebo)
[0.671s] DEBUG:colcon.colcon_core.event_handler.log_command:Invoking command in '/home/jack/src/RoboTerrain/ros2_ws/build/roverrobotics_driver': CMAKE_PREFIX_PATH=${CMAKE_PREFIX_PATH}:/home/jack/src/RoboTerrain/ros2_ws/install/rover_metrics:/home/jack/ros2_ws/install/unity_slam_example:/home/jack/ros2_ws/install/camera_subscriber:/home/jack/rover_workspace/install/roverrobotics_input_manager:/home/jack/rover_workspace/install/roverrobotics_gazebo:/home/jack/rover_workspace/install/roverrobotics_driver:/home/jack/rover_workspace/install/roverrobotics_description:/home/jack/rover_workspace/install/rover_metrics:/opt/ros/humble /usr/bin/cmake --install /home/jack/src/RoboTerrain/ros2_ws/build/roverrobotics_driver
[0.680s] Level 1:colcon.colcon_core.environment:create_environment_scripts_only(roverrobotics_driver)
[0.680s] Level 1:colcon.colcon_core.environment:checking '/home/jack/src/RoboTerrain/ros2_ws/install/roverrobotics_driver' for CMake module files
[0.681s] DEBUG:colcon.colcon_core.event_handler.log_command:Invoked command in '/home/jack/src/RoboTerrain/ros2_ws/build/roverrobotics_driver' returned '0': CMAKE_PREFIX_PATH=${CMAKE_PREFIX_PATH}:/home/jack/src/RoboTerrain/ros2_ws/install/rover_metrics:/home/jack/ros2_ws/install/unity_slam_example:/home/jack/ros2_ws/install/camera_subscriber:/home/jack/rover_workspace/install/roverrobotics_input_manager:/home/jack/rover_workspace/install/roverrobotics_gazebo:/home/jack/rover_workspace/install/roverrobotics_driver:/home/jack/rover_workspace/install/roverrobotics_description:/home/jack/rover_workspace/install/rover_metrics:/opt/ros/humble /usr/bin/cmake --install /home/jack/src/RoboTerrain/ros2_ws/build/roverrobotics_driver
[0.681s] Level 1:colcon.colcon_core.environment:checking '/home/jack/src/RoboTerrain/ros2_ws/install/roverrobotics_driver' for CMake config files
[0.681s] Level 1:colcon.colcon_core.shell:create_environment_hook('roverrobotics_driver', 'cmake_prefix_path')
[0.681s] INFO:colcon.colcon_core.shell:Creating environment hook '/home/jack/src/RoboTerrain/ros2_ws/install/roverrobotics_driver/share/roverrobotics_driver/hook/cmake_prefix_path.ps1'
[0.682s] INFO:colcon.colcon_core.shell:Creating environment descriptor '/home/jack/src/RoboTerrain/ros2_ws/install/roverrobotics_driver/share/roverrobotics_driver/hook/cmake_prefix_path.dsv'
[0.682s] INFO:colcon.colcon_core.shell:Creating environment hook '/home/jack/src/RoboTerrain/ros2_ws/install/roverrobotics_driver/share/roverrobotics_driver/hook/cmake_prefix_path.sh'
[0.682s] Level 1:colcon.colcon_core.environment:checking '/home/jack/src/RoboTerrain/ros2_ws/install/roverrobotics_driver/lib'
[0.682s] Level 1:colcon.colcon_core.environment:checking '/home/jack/src/RoboTerrain/ros2_ws/install/roverrobotics_driver/bin'
[0.682s] Level 1:colcon.colcon_core.environment:checking '/home/jack/src/RoboTerrain/ros2_ws/install/roverrobotics_driver/lib/pkgconfig/roverrobotics_driver.pc'
[0.683s] Level 1:colcon.colcon_core.environment:checking '/home/jack/src/RoboTerrain/ros2_ws/install/roverrobotics_driver/lib/python3.10/site-packages'
[0.683s] Level 1:colcon.colcon_core.environment:checking '/home/jack/src/RoboTerrain/ros2_ws/install/roverrobotics_driver/bin'
[0.683s] INFO:colcon.colcon_core.shell:Creating package script '/home/jack/src/RoboTerrain/ros2_ws/install/roverrobotics_driver/share/roverrobotics_driver/package.ps1'
[0.683s] INFO:colcon.colcon_core.shell:Creating package descriptor '/home/jack/src/RoboTerrain/ros2_ws/install/roverrobotics_driver/share/roverrobotics_driver/package.dsv'
[0.683s] INFO:colcon.colcon_core.shell:Creating package script '/home/jack/src/RoboTerrain/ros2_ws/install/roverrobotics_driver/share/roverrobotics_driver/package.sh'
[0.684s] INFO:colcon.colcon_core.shell:Creating package script '/home/jack/src/RoboTerrain/ros2_ws/install/roverrobotics_driver/share/roverrobotics_driver/package.bash'
[0.684s] INFO:colcon.colcon_core.shell:Creating package script '/home/jack/src/RoboTerrain/ros2_ws/install/roverrobotics_driver/share/roverrobotics_driver/package.zsh'
[0.684s] Level 1:colcon.colcon_core.environment:create_file_with_runtime_dependencies(/home/jack/src/RoboTerrain/ros2_ws/install/roverrobotics_driver/share/colcon-core/packages/roverrobotics_driver)
[0.685s] Level 1:colcon.colcon_core.environment:create_environment_scripts_only(roverrobotics_gazebo)
[0.685s] Level 1:colcon.colcon_core.environment:checking '/home/jack/src/RoboTerrain/ros2_ws/install/roverrobotics_gazebo' for CMake module files
[0.685s] Level 1:colcon.colcon_core.environment:checking '/home/jack/src/RoboTerrain/ros2_ws/install/roverrobotics_gazebo' for CMake config files
[0.685s] Level 1:colcon.colcon_core.shell:create_environment_hook('roverrobotics_gazebo', 'cmake_prefix_path')
[0.686s] INFO:colcon.colcon_core.shell:Creating environment hook '/home/jack/src/RoboTerrain/ros2_ws/install/roverrobotics_gazebo/share/roverrobotics_gazebo/hook/cmake_prefix_path.ps1'
[0.686s] INFO:colcon.colcon_core.shell:Creating environment descriptor '/home/jack/src/RoboTerrain/ros2_ws/install/roverrobotics_gazebo/share/roverrobotics_gazebo/hook/cmake_prefix_path.dsv'
[0.686s] INFO:colcon.colcon_core.shell:Creating environment hook '/home/jack/src/RoboTerrain/ros2_ws/install/roverrobotics_gazebo/share/roverrobotics_gazebo/hook/cmake_prefix_path.sh'
[0.686s] Level 1:colcon.colcon_core.environment:checking '/home/jack/src/RoboTerrain/ros2_ws/install/roverrobotics_gazebo/bin'
[0.686s] Level 1:colcon.colcon_core.environment:checking '/home/jack/src/RoboTerrain/ros2_ws/install/roverrobotics_gazebo/lib/pkgconfig/roverrobotics_gazebo.pc'
[0.686s] Level 1:colcon.colcon_core.environment:checking '/home/jack/src/RoboTerrain/ros2_ws/install/roverrobotics_gazebo/lib/python3.10/site-packages'
[0.687s] Level 1:colcon.colcon_core.environment:checking '/home/jack/src/RoboTerrain/ros2_ws/install/roverrobotics_gazebo/bin'
[0.687s] INFO:colcon.colcon_core.shell:Creating package script '/home/jack/src/RoboTerrain/ros2_ws/install/roverrobotics_gazebo/share/roverrobotics_gazebo/package.ps1'
[0.687s] INFO:colcon.colcon_core.shell:Creating package descriptor '/home/jack/src/RoboTerrain/ros2_ws/install/roverrobotics_gazebo/share/roverrobotics_gazebo/package.dsv'
[0.687s] INFO:colcon.colcon_core.shell:Creating package script '/home/jack/src/RoboTerrain/ros2_ws/install/roverrobotics_gazebo/share/roverrobotics_gazebo/package.sh'
[0.688s] INFO:colcon.colcon_core.shell:Creating package script '/home/jack/src/RoboTerrain/ros2_ws/install/roverrobotics_gazebo/share/roverrobotics_gazebo/package.bash'
[0.688s] INFO:colcon.colcon_core.shell:Creating package script '/home/jack/src/RoboTerrain/ros2_ws/install/roverrobotics_gazebo/share/roverrobotics_gazebo/package.zsh'
[0.688s] Level 1:colcon.colcon_core.environment:create_file_with_runtime_dependencies(/home/jack/src/RoboTerrain/ros2_ws/install/roverrobotics_gazebo/share/colcon-core/packages/roverrobotics_gazebo)
[0.717s] Level 1:colcon.colcon_core.environment:create_environment_scripts_only(roverrobotics_driver)
[0.717s] Level 1:colcon.colcon_core.environment:checking '/home/jack/src/RoboTerrain/ros2_ws/install/roverrobotics_driver' for CMake module files
[0.718s] Level 1:colcon.colcon_core.environment:checking '/home/jack/src/RoboTerrain/ros2_ws/install/roverrobotics_driver' for CMake config files
[0.718s] Level 1:colcon.colcon_core.shell:create_environment_hook('roverrobotics_driver', 'cmake_prefix_path')
[0.718s] INFO:colcon.colcon_core.shell:Creating environment hook '/home/jack/src/RoboTerrain/ros2_ws/install/roverrobotics_driver/share/roverrobotics_driver/hook/cmake_prefix_path.ps1'
[0.718s] INFO:colcon.colcon_core.shell:Creating environment descriptor '/home/jack/src/RoboTerrain/ros2_ws/install/roverrobotics_driver/share/roverrobotics_driver/hook/cmake_prefix_path.dsv'
[0.719s] INFO:colcon.colcon_core.shell:Creating environment hook '/home/jack/src/RoboTerrain/ros2_ws/install/roverrobotics_driver/share/roverrobotics_driver/hook/cmake_prefix_path.sh'
[0.719s] Level 1:colcon.colcon_core.environment:checking '/home/jack/src/RoboTerrain/ros2_ws/install/roverrobotics_driver/lib'
[0.719s] Level 1:colcon.colcon_core.environment:checking '/home/jack/src/RoboTerrain/ros2_ws/install/roverrobotics_driver/bin'
[0.719s] Level 1:colcon.colcon_core.environment:checking '/home/jack/src/RoboTerrain/ros2_ws/install/roverrobotics_driver/lib/pkgconfig/roverrobotics_driver.pc'
[0.719s] Level 1:colcon.colcon_core.environment:checking '/home/jack/src/RoboTerrain/ros2_ws/install/roverrobotics_driver/lib/python3.10/site-packages'
[0.719s] Level 1:colcon.colcon_core.environment:checking '/home/jack/src/RoboTerrain/ros2_ws/install/roverrobotics_driver/bin'
[0.720s] INFO:colcon.colcon_core.shell:Creating package script '/home/jack/src/RoboTerrain/ros2_ws/install/roverrobotics_driver/share/roverrobotics_driver/package.ps1'
[0.720s] INFO:colcon.colcon_core.shell:Creating package descriptor '/home/jack/src/RoboTerrain/ros2_ws/install/roverrobotics_driver/share/roverrobotics_driver/package.dsv'
[0.720s] INFO:colcon.colcon_core.shell:Creating package script '/home/jack/src/RoboTerrain/ros2_ws/install/roverrobotics_driver/share/roverrobotics_driver/package.sh'
[0.721s] INFO:colcon.colcon_core.shell:Creating package script '/home/jack/src/RoboTerrain/ros2_ws/install/roverrobotics_driver/share/roverrobotics_driver/package.bash'
[0.721s] INFO:colcon.colcon_core.shell:Creating package script '/home/jack/src/RoboTerrain/ros2_ws/install/roverrobotics_driver/share/roverrobotics_driver/package.zsh'
[0.721s] Level 1:colcon.colcon_core.environment:create_file_with_runtime_dependencies(/home/jack/src/RoboTerrain/ros2_ws/install/roverrobotics_driver/share/colcon-core/packages/roverrobotics_driver)
[0.797s] DEBUG:colcon.colcon_core.event_handler.log_command:Invoking command in '/home/jack/src/RoboTerrain/ros2_ws/src/rover_metrics': PYTHONPATH=/home/jack/src/RoboTerrain/ros2_ws/build/rover_metrics/prefix_override:/usr/lib/python3/dist-packages/colcon_core/task/python/colcon_distutils_commands:/home/jack/src/RoboTerrain/ros2_ws/install/rover_metrics/lib/python3.10/site-packages:${PYTHONPATH} /usr/bin/python3 -W ignore:setup.py install is deprecated setup.py egg_info --egg-base ../../build/rover_metrics build --build-base /home/jack/src/RoboTerrain/ros2_ws/build/rover_metrics/build install --record /home/jack/src/RoboTerrain/ros2_ws/build/rover_metrics/install.log --single-version-externally-managed install_data
[0.991s] Level 1:colcon.colcon_core.environment:checking '/home/jack/src/RoboTerrain/ros2_ws/install/rover_metrics' for CMake module files
[0.992s] DEBUG:colcon.colcon_core.event_handler.log_command:Invoked command in '/home/jack/src/RoboTerrain/ros2_ws/src/rover_metrics' returned '0': PYTHONPATH=/home/jack/src/RoboTerrain/ros2_ws/build/rover_metrics/prefix_override:/usr/lib/python3/dist-packages/colcon_core/task/python/colcon_distutils_commands:/home/jack/src/RoboTerrain/ros2_ws/install/rover_metrics/lib/python3.10/site-packages:${PYTHONPATH} /usr/bin/python3 -W ignore:setup.py install is deprecated setup.py egg_info --egg-base ../../build/rover_metrics build --build-base /home/jack/src/RoboTerrain/ros2_ws/build/rover_metrics/build install --record /home/jack/src/RoboTerrain/ros2_ws/build/rover_metrics/install.log --single-version-externally-managed install_data
[0.992s] Level 1:colcon.colcon_core.environment:checking '/home/jack/src/RoboTerrain/ros2_ws/install/rover_metrics' for CMake config files
[0.992s] Level 1:colcon.colcon_core.environment:checking '/home/jack/src/RoboTerrain/ros2_ws/install/rover_metrics/lib'
[0.993s] Level 1:colcon.colcon_core.environment:checking '/home/jack/src/RoboTerrain/ros2_ws/install/rover_metrics/bin'
[0.993s] Level 1:colcon.colcon_core.environment:checking '/home/jack/src/RoboTerrain/ros2_ws/install/rover_metrics/lib/pkgconfig/rover_metrics.pc'
[0.993s] Level 1:colcon.colcon_core.environment:checking '/home/jack/src/RoboTerrain/ros2_ws/install/rover_metrics/lib/python3.10/site-packages'
[0.993s] Level 1:colcon.colcon_core.shell:create_environment_hook('rover_metrics', 'pythonpath')
[0.993s] INFO:colcon.colcon_core.shell:Creating environment hook '/home/jack/src/RoboTerrain/ros2_ws/install/rover_metrics/share/rover_metrics/hook/pythonpath.ps1'
[0.993s] INFO:colcon.colcon_core.shell:Creating environment descriptor '/home/jack/src/RoboTerrain/ros2_ws/install/rover_metrics/share/rover_metrics/hook/pythonpath.dsv'
[0.994s] INFO:colcon.colcon_core.shell:Creating environment hook '/home/jack/src/RoboTerrain/ros2_ws/install/rover_metrics/share/rover_metrics/hook/pythonpath.sh'
[0.994s] Level 1:colcon.colcon_core.environment:checking '/home/jack/src/RoboTerrain/ros2_ws/install/rover_metrics/bin'
[0.994s] Level 1:colcon.colcon_core.environment:create_environment_scripts_only(rover_metrics)
[0.995s] INFO:colcon.colcon_core.shell:Creating package script '/home/jack/src/RoboTerrain/ros2_ws/install/rover_metrics/share/rover_metrics/package.ps1'
[0.995s] INFO:colcon.colcon_core.shell:Creating package descriptor '/home/jack/src/RoboTerrain/ros2_ws/install/rover_metrics/share/rover_metrics/package.dsv'
[0.995s] INFO:colcon.colcon_core.shell:Creating package script '/home/jack/src/RoboTerrain/ros2_ws/install/rover_metrics/share/rover_metrics/package.sh'
[0.996s] INFO:colcon.colcon_core.shell:Creating package script '/home/jack/src/RoboTerrain/ros2_ws/install/rover_metrics/share/rover_metrics/package.bash'
[0.996s] INFO:colcon.colcon_core.shell:Creating package script '/home/jack/src/RoboTerrain/ros2_ws/install/rover_metrics/share/rover_metrics/package.zsh'
[0.996s] Level 1:colcon.colcon_core.environment:create_file_with_runtime_dependencies(/home/jack/src/RoboTerrain/ros2_ws/install/rover_metrics/share/colcon-core/packages/rover_metrics)
[0.997s] DEBUG:colcon.colcon_parallel_executor.executor.parallel:closing loop
[0.997s] DEBUG:colcon.colcon_parallel_executor.executor.parallel:loop closed
[0.997s] DEBUG:colcon.colcon_parallel_executor.executor.parallel:run_until_complete finished with '0'
[0.997s] DEBUG:colcon.colcon_core.event_reactor:joining thread
[1.002s] INFO:colcon.colcon_core.plugin_system:Skipping extension 'colcon_notification.desktop_notification.terminal_notifier': Not used on non-Darwin systems
[1.002s] INFO:colcon.colcon_core.plugin_system:Skipping extension 'colcon_notification.desktop_notification.win32': Not used on non-Windows systems
[1.002s] INFO:colcon.colcon_notification.desktop_notification:Sending desktop notification using 'notify2'
[1.020s] DEBUG:colcon.colcon_core.event_reactor:joined thread
[1.020s] INFO:colcon.colcon_core.shell:Creating prefix script '/home/jack/src/RoboTerrain/ros2_ws/install/local_setup.ps1'
[1.021s] INFO:colcon.colcon_core.shell:Creating prefix util module '/home/jack/src/RoboTerrain/ros2_ws/install/_local_setup_util_ps1.py'
[1.022s] INFO:colcon.colcon_core.shell:Creating prefix chain script '/home/jack/src/RoboTerrain/ros2_ws/install/setup.ps1'
[1.023s] INFO:colcon.colcon_core.shell:Creating prefix script '/home/jack/src/RoboTerrain/ros2_ws/install/local_setup.sh'
[1.023s] INFO:colcon.colcon_core.shell:Creating prefix util module '/home/jack/src/RoboTerrain/ros2_ws/install/_local_setup_util_sh.py'
[1.024s] INFO:colcon.colcon_core.shell:Creating prefix chain script '/home/jack/src/RoboTerrain/ros2_ws/install/setup.sh'
[1.025s] INFO:colcon.colcon_core.shell:Creating prefix script '/home/jack/src/RoboTerrain/ros2_ws/install/local_setup.bash'
[1.025s] INFO:colcon.colcon_core.shell:Creating prefix chain script '/home/jack/src/RoboTerrain/ros2_ws/install/setup.bash'
[1.026s] INFO:colcon.colcon_core.shell:Creating prefix script '/home/jack/src/RoboTerrain/ros2_ws/install/local_setup.zsh'
[1.026s] INFO:colcon.colcon_core.shell:Creating prefix chain script '/home/jack/src/RoboTerrain/ros2_ws/install/setup.zsh'
