[0.189s] Invoking command in '/home/jack/src/RoboTerrain/build/roverrobotics_input_manager': CMAKE_PREFIX_PATH=${CMAKE_PREFIX_PATH}:/home/jack/src/RoboTerrain/ros2_ws/install/rover_metrics:/home/jack/ros2_ws/install/unity_slam_example:/home/jack/ros2_ws/install/camera_subscriber:/home/jack/rover_workspace/install/roverrobotics_input_manager:/home/jack/rover_workspace/install/roverrobotics_gazebo:/home/jack/rover_workspace/install/roverrobotics_driver:/home/jack/rover_workspace/install/roverrobotics_description:/home/jack/rover_workspace/install/rover_metrics:/opt/ros/humble /usr/bin/cmake /home/jack/src/RoboTerrain/ros2_ws/src/roverrobotics_ros2/roverrobotics_input_manager -DCMAKE_INSTALL_PREFIX=/home/jack/src/RoboTerrain/install/roverrobotics_input_manager
[0.229s] -- The C compiler identification is GNU 11.4.0
[0.268s] -- The CXX compiler identification is GNU 11.4.0
[0.273s] -- Detecting C compiler ABI info
[0.322s] -- Detecting C compiler ABI info - done
[0.326s] -- Check for working C compiler: /usr/bin/cc - skipped
[0.327s] -- Detecting C compile features
[0.327s] -- Detecting C compile features - done
[0.329s] -- Detecting CXX compiler ABI info
[0.387s] -- Detecting CXX compiler ABI info - done
[0.392s] -- Check for working CXX compiler: /usr/bin/c++ - skipped
[0.392s] -- Detecting CXX compile features
[0.393s] -- Detecting CXX compile features - done
[0.395s] -- Found ament_cmake: 1.3.11 (/opt/ros/humble/share/ament_cmake/cmake)
[0.505s] -- Found Python3: /usr/bin/python3 (found version "3.10.12") found components: Interpreter 
[0.638s] -- Configuring done
[0.641s] -- Generating done
[0.641s] -- Build files have been written to: /home/jack/src/RoboTerrain/build/roverrobotics_input_manager
[0.650s] Invoked command in '/home/jack/src/RoboTerrain/build/roverrobotics_input_manager' returned '0': CMAKE_PREFIX_PATH=${CMAKE_PREFIX_PATH}:/home/jack/src/RoboTerrain/ros2_ws/install/rover_metrics:/home/jack/ros2_ws/install/unity_slam_example:/home/jack/ros2_ws/install/camera_subscriber:/home/jack/rover_workspace/install/roverrobotics_input_manager:/home/jack/rover_workspace/install/roverrobotics_gazebo:/home/jack/rover_workspace/install/roverrobotics_driver:/home/jack/rover_workspace/install/roverrobotics_description:/home/jack/rover_workspace/install/rover_metrics:/opt/ros/humble /usr/bin/cmake /home/jack/src/RoboTerrain/ros2_ws/src/roverrobotics_ros2/roverrobotics_input_manager -DCMAKE_INSTALL_PREFIX=/home/jack/src/RoboTerrain/install/roverrobotics_input_manager
[0.650s] Invoking command in '/home/jack/src/RoboTerrain/build/roverrobotics_input_manager': CMAKE_PREFIX_PATH=${CMAKE_PREFIX_PATH}:/home/jack/src/RoboTerrain/ros2_ws/install/rover_metrics:/home/jack/ros2_ws/install/unity_slam_example:/home/jack/ros2_ws/install/camera_subscriber:/home/jack/rover_workspace/install/roverrobotics_input_manager:/home/jack/rover_workspace/install/roverrobotics_gazebo:/home/jack/rover_workspace/install/roverrobotics_driver:/home/jack/rover_workspace/install/roverrobotics_description:/home/jack/rover_workspace/install/rover_metrics:/opt/ros/humble /usr/bin/cmake --build /home/jack/src/RoboTerrain/build/roverrobotics_input_manager -- -j24 -l24
[0.678s] Invoked command in '/home/jack/src/RoboTerrain/build/roverrobotics_input_manager' returned '0': CMAKE_PREFIX_PATH=${CMAKE_PREFIX_PATH}:/home/jack/src/RoboTerrain/ros2_ws/install/rover_metrics:/home/jack/ros2_ws/install/unity_slam_example:/home/jack/ros2_ws/install/camera_subscriber:/home/jack/rover_workspace/install/roverrobotics_input_manager:/home/jack/rover_workspace/install/roverrobotics_gazebo:/home/jack/rover_workspace/install/roverrobotics_driver:/home/jack/rover_workspace/install/roverrobotics_description:/home/jack/rover_workspace/install/rover_metrics:/opt/ros/humble /usr/bin/cmake --build /home/jack/src/RoboTerrain/build/roverrobotics_input_manager -- -j24 -l24
[0.679s] Invoking command in '/home/jack/src/RoboTerrain/build/roverrobotics_input_manager': CMAKE_PREFIX_PATH=${CMAKE_PREFIX_PATH}:/home/jack/src/RoboTerrain/ros2_ws/install/rover_metrics:/home/jack/ros2_ws/install/unity_slam_example:/home/jack/ros2_ws/install/camera_subscriber:/home/jack/rover_workspace/install/roverrobotics_input_manager:/home/jack/rover_workspace/install/roverrobotics_gazebo:/home/jack/rover_workspace/install/roverrobotics_driver:/home/jack/rover_workspace/install/roverrobotics_description:/home/jack/rover_workspace/install/rover_metrics:/opt/ros/humble /usr/bin/cmake --install /home/jack/src/RoboTerrain/build/roverrobotics_input_manager
[0.684s] -- Install configuration: ""
[0.684s] -- Installing: /home/jack/src/RoboTerrain/install/roverrobotics_input_manager/lib/roverrobotics_input_manager/modules
[0.684s] -- Installing: /home/jack/src/RoboTerrain/install/roverrobotics_input_manager/lib/roverrobotics_input_manager/modules/Controller.py
[0.684s] -- Installing: /home/jack/src/RoboTerrain/install/roverrobotics_input_manager/lib/roverrobotics_input_manager/modules/__pycache__
[0.684s] -- Installing: /home/jack/src/RoboTerrain/install/roverrobotics_input_manager/lib/roverrobotics_input_manager/modules/__pycache__/Controller.cpython-310.pyc
[0.684s] -- Installing: /home/jack/src/RoboTerrain/install/roverrobotics_input_manager/lib/roverrobotics_input_manager/modules/__pycache__/Topics.cpython-310.pyc
[0.684s] -- Installing: /home/jack/src/RoboTerrain/install/roverrobotics_input_manager/lib/roverrobotics_input_manager/modules/__pycache__/Controller.cpython-38.pyc
[0.684s] -- Installing: /home/jack/src/RoboTerrain/install/roverrobotics_input_manager/lib/roverrobotics_input_manager/modules/__pycache__/Topics.cpython-38.pyc
[0.685s] -- Installing: /home/jack/src/RoboTerrain/install/roverrobotics_input_manager/lib/roverrobotics_input_manager/modules/Topics.py
[0.685s] -- Installing: /home/jack/src/RoboTerrain/install/roverrobotics_input_manager/lib/roverrobotics_input_manager/joys_manager.py
[0.685s] -- Installing: /home/jack/src/RoboTerrain/install/roverrobotics_input_manager/share/ament_index/resource_index/package_run_dependencies/roverrobotics_input_manager
[0.685s] -- Installing: /home/jack/src/RoboTerrain/install/roverrobotics_input_manager/share/ament_index/resource_index/parent_prefix_path/roverrobotics_input_manager
[0.685s] -- Installing: /home/jack/src/RoboTerrain/install/roverrobotics_input_manager/share/roverrobotics_input_manager/environment/ament_prefix_path.sh
[0.686s] -- Installing: /home/jack/src/RoboTerrain/install/roverrobotics_input_manager/share/roverrobotics_input_manager/environment/ament_prefix_path.dsv
[0.686s] -- Installing: /home/jack/src/RoboTerrain/install/roverrobotics_input_manager/share/roverrobotics_input_manager/environment/path.sh
[0.686s] -- Installing: /home/jack/src/RoboTerrain/install/roverrobotics_input_manager/share/roverrobotics_input_manager/environment/path.dsv
[0.686s] -- Installing: /home/jack/src/RoboTerrain/install/roverrobotics_input_manager/share/roverrobotics_input_manager/local_setup.bash
[0.686s] -- Installing: /home/jack/src/RoboTerrain/install/roverrobotics_input_manager/share/roverrobotics_input_manager/local_setup.sh
[0.686s] -- Installing: /home/jack/src/RoboTerrain/install/roverrobotics_input_manager/share/roverrobotics_input_manager/local_setup.zsh
[0.686s] -- Installing: /home/jack/src/RoboTerrain/install/roverrobotics_input_manager/share/roverrobotics_input_manager/local_setup.dsv
[0.686s] -- Installing: /home/jack/src/RoboTerrain/install/roverrobotics_input_manager/share/roverrobotics_input_manager/package.dsv
[0.687s] -- Installing: /home/jack/src/RoboTerrain/install/roverrobotics_input_manager/share/ament_index/resource_index/packages/roverrobotics_input_manager
[0.687s] -- Installing: /home/jack/src/RoboTerrain/install/roverrobotics_input_manager/share/roverrobotics_input_manager/cmake/roverrobotics_input_managerConfig.cmake
[0.687s] -- Installing: /home/jack/src/RoboTerrain/install/roverrobotics_input_manager/share/roverrobotics_input_manager/cmake/roverrobotics_input_managerConfig-version.cmake
[0.687s] -- Installing: /home/jack/src/RoboTerrain/install/roverrobotics_input_manager/share/roverrobotics_input_manager/package.xml
[0.689s] Invoked command in '/home/jack/src/RoboTerrain/build/roverrobotics_input_manager' returned '0': CMAKE_PREFIX_PATH=${CMAKE_PREFIX_PATH}:/home/jack/src/RoboTerrain/ros2_ws/install/rover_metrics:/home/jack/ros2_ws/install/unity_slam_example:/home/jack/ros2_ws/install/camera_subscriber:/home/jack/rover_workspace/install/roverrobotics_input_manager:/home/jack/rover_workspace/install/roverrobotics_gazebo:/home/jack/rover_workspace/install/roverrobotics_driver:/home/jack/rover_workspace/install/roverrobotics_description:/home/jack/rover_workspace/install/rover_metrics:/opt/ros/humble /usr/bin/cmake --install /home/jack/src/RoboTerrain/build/roverrobotics_input_manager
