[0.192s] Invoking command in '/home/jack/src/RoboTerrain/ros2_ws/build/roverrobotics_driver': CMAKE_PREFIX_PATH=${CMAKE_PREFIX_PATH}:/home/jack/ros2_ws/install/unity_slam_example:/home/jack/ros2_ws/install/camera_subscriber:/home/jack/rover_workspace/install/rover_metrics:/opt/ros/humble /usr/bin/cmake --build /home/jack/src/RoboTerrain/ros2_ws/build/roverrobotics_driver -- -j24 -l24
[0.222s] [35m[1mConsolidate compiler generated dependencies of target roverrobotics_driver[0m
[0.241s] [  9%] [32mBuilding CXX object CMakeFiles/roverrobotics_driver.dir/library/librover/src/vesc.cpp.o[0m
[0.523s] [ 18%] [32m[1mLinking CXX executable roverrobotics_driver[0m
[1.151s] [100%] Built target roverrobotics_driver
[1.161s] Invoked command in '/home/jack/src/RoboTerrain/ros2_ws/build/roverrobotics_driver' returned '0': CMAKE_PREFIX_PATH=${CMAKE_PREFIX_PATH}:/home/jack/ros2_ws/install/unity_slam_example:/home/jack/ros2_ws/install/camera_subscriber:/home/jack/rover_workspace/install/rover_metrics:/opt/ros/humble /usr/bin/cmake --build /home/jack/src/RoboTerrain/ros2_ws/build/roverrobotics_driver -- -j24 -l24
[1.194s] Invoking command in '/home/jack/src/RoboTerrain/ros2_ws/build/roverrobotics_driver': CMAKE_PREFIX_PATH=${CMAKE_PREFIX_PATH}:/home/jack/ros2_ws/install/unity_slam_example:/home/jack/ros2_ws/install/camera_subscriber:/home/jack/rover_workspace/install/rover_metrics:/opt/ros/humble /usr/bin/cmake --install /home/jack/src/RoboTerrain/ros2_ws/build/roverrobotics_driver
[1.199s] -- Install configuration: ""
[1.199s] -- Up-to-date: /home/jack/src/RoboTerrain/ros2_ws/install/roverrobotics_driver/share/roverrobotics_driver/launch
[1.199s] -- Up-to-date: /home/jack/src/RoboTerrain/ros2_ws/install/roverrobotics_driver/share/roverrobotics_driver/launch/pro_teleop.launch.py
[1.199s] -- Up-to-date: /home/jack/src/RoboTerrain/ros2_ws/install/roverrobotics_driver/share/roverrobotics_driver/launch/miti.launch.py
[1.199s] -- Up-to-date: /home/jack/src/RoboTerrain/ros2_ws/install/roverrobotics_driver/share/roverrobotics_driver/launch/slam_launch.py
[1.199s] -- Up-to-date: /home/jack/src/RoboTerrain/ros2_ws/install/roverrobotics_driver/share/roverrobotics_driver/launch/navigation_launch.py
[1.199s] -- Up-to-date: /home/jack/src/RoboTerrain/ros2_ws/install/roverrobotics_driver/share/roverrobotics_driver/launch/max.launch.py
[1.199s] -- Up-to-date: /home/jack/src/RoboTerrain/ros2_ws/install/roverrobotics_driver/share/roverrobotics_driver/launch/mini_teleop.launch.py
[1.199s] -- Up-to-date: /home/jack/src/RoboTerrain/ros2_ws/install/roverrobotics_driver/share/roverrobotics_driver/launch/nav2_backend.py
[1.199s] -- Up-to-date: /home/jack/src/RoboTerrain/ros2_ws/install/roverrobotics_driver/share/roverrobotics_driver/launch/mini.launch.py
[1.199s] -- Up-to-date: /home/jack/src/RoboTerrain/ros2_ws/install/roverrobotics_driver/share/roverrobotics_driver/launch/zero.launch.py
[1.199s] -- Up-to-date: /home/jack/src/RoboTerrain/ros2_ws/install/roverrobotics_driver/share/roverrobotics_driver/launch/miti65_teleop.launch.py
[1.199s] -- Up-to-date: /home/jack/src/RoboTerrain/ros2_ws/install/roverrobotics_driver/share/roverrobotics_driver/launch/miti_teleop.launch.py
[1.199s] -- Up-to-date: /home/jack/src/RoboTerrain/ros2_ws/install/roverrobotics_driver/share/roverrobotics_driver/launch/accessories.launch.py
[1.199s] -- Up-to-date: /home/jack/src/RoboTerrain/ros2_ws/install/roverrobotics_driver/share/roverrobotics_driver/launch/ps4_controller.launch.py
[1.199s] -- Up-to-date: /home/jack/src/RoboTerrain/ros2_ws/install/roverrobotics_driver/share/roverrobotics_driver/launch/pro.launch.py
[1.199s] -- Up-to-date: /home/jack/src/RoboTerrain/ros2_ws/install/roverrobotics_driver/share/roverrobotics_driver/launch/miti65.launch.py
[1.199s] -- Up-to-date: /home/jack/src/RoboTerrain/ros2_ws/install/roverrobotics_driver/share/roverrobotics_driver/launch/robot_localizer.launch.py
[1.200s] -- Up-to-date: /home/jack/src/RoboTerrain/ros2_ws/install/roverrobotics_driver/share/roverrobotics_driver/launch/max_teleop.launch.py
[1.200s] -- Up-to-date: /home/jack/src/RoboTerrain/ros2_ws/install/roverrobotics_driver/share/roverrobotics_driver/launch/zero_teleop.launch.py
[1.200s] -- Up-to-date: /home/jack/src/RoboTerrain/ros2_ws/install/roverrobotics_driver/share/roverrobotics_driver/config
[1.200s] -- Up-to-date: /home/jack/src/RoboTerrain/ros2_ws/install/roverrobotics_driver/share/roverrobotics_driver/config/zero_config.yaml
[1.200s] -- Up-to-date: /home/jack/src/RoboTerrain/ros2_ws/install/roverrobotics_driver/share/roverrobotics_driver/config/realsense_config.yaml
[1.200s] -- Up-to-date: /home/jack/src/RoboTerrain/ros2_ws/install/roverrobotics_driver/share/roverrobotics_driver/config/slam_configs
[1.200s] -- Up-to-date: /home/jack/src/RoboTerrain/ros2_ws/install/roverrobotics_driver/share/roverrobotics_driver/config/slam_configs/mapper_params_lifelong.yaml
[1.200s] -- Up-to-date: /home/jack/src/RoboTerrain/ros2_ws/install/roverrobotics_driver/share/roverrobotics_driver/config/slam_configs/mapper_params_online_sync.yaml
[1.200s] -- Up-to-date: /home/jack/src/RoboTerrain/ros2_ws/install/roverrobotics_driver/share/roverrobotics_driver/config/slam_configs/mapper_params_localization.yaml
[1.200s] -- Up-to-date: /home/jack/src/RoboTerrain/ros2_ws/install/roverrobotics_driver/share/roverrobotics_driver/config/slam_configs/mapper_params_online_async.yaml
[1.200s] -- Up-to-date: /home/jack/src/RoboTerrain/ros2_ws/install/roverrobotics_driver/share/roverrobotics_driver/config/slam_configs/mapper_params_offline.yaml
[1.200s] -- Up-to-date: /home/jack/src/RoboTerrain/ros2_ws/install/roverrobotics_driver/share/roverrobotics_driver/config/rviz_configs
[1.200s] -- Up-to-date: /home/jack/src/RoboTerrain/ros2_ws/install/roverrobotics_driver/share/roverrobotics_driver/config/rviz_configs/nav2_default_view.rviz
[1.200s] -- Up-to-date: /home/jack/src/RoboTerrain/ros2_ws/install/roverrobotics_driver/share/roverrobotics_driver/config/rviz_configs/realsense_rviz_layout.rviz
[1.200s] -- Up-to-date: /home/jack/src/RoboTerrain/ros2_ws/install/roverrobotics_driver/share/roverrobotics_driver/config/rviz_configs/slam_rviz_layout.rviz
[1.200s] -- Up-to-date: /home/jack/src/RoboTerrain/ros2_ws/install/roverrobotics_driver/share/roverrobotics_driver/config/controller_config.yaml
[1.200s] -- Up-to-date: /home/jack/src/RoboTerrain/ros2_ws/install/roverrobotics_driver/share/roverrobotics_driver/config/mini_config.yaml
[1.200s] -- Up-to-date: /home/jack/src/RoboTerrain/ros2_ws/install/roverrobotics_driver/share/roverrobotics_driver/config/topics.yaml
[1.200s] -- Up-to-date: /home/jack/src/RoboTerrain/ros2_ws/install/roverrobotics_driver/share/roverrobotics_driver/config/max_config.yaml
[1.200s] -- Up-to-date: /home/jack/src/RoboTerrain/ros2_ws/install/roverrobotics_driver/share/roverrobotics_driver/config/miti_config.yaml
[1.200s] -- Up-to-date: /home/jack/src/RoboTerrain/ros2_ws/install/roverrobotics_driver/share/roverrobotics_driver/config/pro_config.yaml
[1.200s] -- Up-to-date: /home/jack/src/RoboTerrain/ros2_ws/install/roverrobotics_driver/share/roverrobotics_driver/config/controller_config_jp6.yaml
[1.200s] -- Up-to-date: /home/jack/src/RoboTerrain/ros2_ws/install/roverrobotics_driver/share/roverrobotics_driver/config/miti65_config.yaml
[1.200s] -- Up-to-date: /home/jack/src/RoboTerrain/ros2_ws/install/roverrobotics_driver/share/roverrobotics_driver/config/accessories.yaml
[1.200s] -- Up-to-date: /home/jack/src/RoboTerrain/ros2_ws/install/roverrobotics_driver/share/roverrobotics_driver/config/localization_ekf.yaml
[1.201s] -- Up-to-date: /home/jack/src/RoboTerrain/ros2_ws/install/roverrobotics_driver/share/roverrobotics_driver/config/nav2_params.yaml
[1.201s] -- Up-to-date: /home/jack/src/RoboTerrain/ros2_ws/install/roverrobotics_driver/share/roverrobotics_driver/maps
[1.201s] -- Up-to-date: /home/jack/src/RoboTerrain/ros2_ws/install/roverrobotics_driver/share/roverrobotics_driver/maps/maze_map.data
[1.201s] -- Up-to-date: /home/jack/src/RoboTerrain/ros2_ws/install/roverrobotics_driver/share/roverrobotics_driver/maps/maze_map.posegraph
[1.201s] -- Up-to-date: /home/jack/src/RoboTerrain/ros2_ws/install/roverrobotics_driver/share/roverrobotics_driver/maps/maze_map.pgm
[1.201s] -- Up-to-date: /home/jack/src/RoboTerrain/ros2_ws/install/roverrobotics_driver/share/roverrobotics_driver/maps/maze_map.yaml
[1.201s] -- Installing: /home/jack/src/RoboTerrain/ros2_ws/install/roverrobotics_driver/lib/roverrobotics_driver/roverrobotics_driver
[1.227s] -- Set runtime path of "/home/jack/src/RoboTerrain/ros2_ws/install/roverrobotics_driver/lib/roverrobotics_driver/roverrobotics_driver" to ""
[1.227s] -- Up-to-date: /home/jack/src/RoboTerrain/ros2_ws/install/roverrobotics_driver/share/ament_index/resource_index/package_run_dependencies/roverrobotics_driver
[1.227s] -- Up-to-date: /home/jack/src/RoboTerrain/ros2_ws/install/roverrobotics_driver/share/ament_index/resource_index/parent_prefix_path/roverrobotics_driver
[1.227s] -- Up-to-date: /home/jack/src/RoboTerrain/ros2_ws/install/roverrobotics_driver/share/roverrobotics_driver/environment/ament_prefix_path.sh
[1.227s] -- Up-to-date: /home/jack/src/RoboTerrain/ros2_ws/install/roverrobotics_driver/share/roverrobotics_driver/environment/ament_prefix_path.dsv
[1.227s] -- Up-to-date: /home/jack/src/RoboTerrain/ros2_ws/install/roverrobotics_driver/share/roverrobotics_driver/environment/path.sh
[1.227s] -- Up-to-date: /home/jack/src/RoboTerrain/ros2_ws/install/roverrobotics_driver/share/roverrobotics_driver/environment/path.dsv
[1.227s] -- Up-to-date: /home/jack/src/RoboTerrain/ros2_ws/install/roverrobotics_driver/share/roverrobotics_driver/local_setup.bash
[1.227s] -- Up-to-date: /home/jack/src/RoboTerrain/ros2_ws/install/roverrobotics_driver/share/roverrobotics_driver/local_setup.sh
[1.227s] -- Up-to-date: /home/jack/src/RoboTerrain/ros2_ws/install/roverrobotics_driver/share/roverrobotics_driver/local_setup.zsh
[1.227s] -- Up-to-date: /home/jack/src/RoboTerrain/ros2_ws/install/roverrobotics_driver/share/roverrobotics_driver/local_setup.dsv
[1.227s] -- Installing: /home/jack/src/RoboTerrain/ros2_ws/install/roverrobotics_driver/share/roverrobotics_driver/package.dsv
[1.227s] -- Up-to-date: /home/jack/src/RoboTerrain/ros2_ws/install/roverrobotics_driver/share/ament_index/resource_index/packages/roverrobotics_driver
[1.227s] -- Up-to-date: /home/jack/src/RoboTerrain/ros2_ws/install/roverrobotics_driver/share/roverrobotics_driver/cmake/roverrobotics_driverConfig.cmake
[1.227s] -- Up-to-date: /home/jack/src/RoboTerrain/ros2_ws/install/roverrobotics_driver/share/roverrobotics_driver/cmake/roverrobotics_driverConfig-version.cmake
[1.227s] -- Up-to-date: /home/jack/src/RoboTerrain/ros2_ws/install/roverrobotics_driver/share/roverrobotics_driver/package.xml
[1.230s] Invoked command in '/home/jack/src/RoboTerrain/ros2_ws/build/roverrobotics_driver' returned '0': CMAKE_PREFIX_PATH=${CMAKE_PREFIX_PATH}:/home/jack/ros2_ws/install/unity_slam_example:/home/jack/ros2_ws/install/camera_subscriber:/home/jack/rover_workspace/install/rover_metrics:/opt/ros/humble /usr/bin/cmake --install /home/jack/src/RoboTerrain/ros2_ws/build/roverrobotics_driver
