-- Install configuration: ""
-- Up-to-date: /home/jack/src/RoboTerrain/install/roverrobotics_gazebo/share/roverrobotics_gazebo/launch
-- Up-to-date: /home/jack/src/RoboTerrain/install/roverrobotics_gazebo/share/roverrobotics_gazebo/launch/4wd_rover_gazebo.launch.py
-- Up-to-date: /home/jack/src/RoboTerrain/install/roverrobotics_gazebo/share/roverrobotics_gazebo/launch/max_gazebo.launch.py
-- Up-to-date: /home/jack/src/RoboTerrain/install/roverrobotics_gazebo/share/roverrobotics_gazebo/launch/origin_4wd_rover_gazebo.launch.py
-- Up-to-date: /home/jack/src/RoboTerrain/install/roverrobotics_gazebo/share/roverrobotics_gazebo/launch/flipper_gazebo.launch.py
-- Up-to-date: /home/jack/src/RoboTerrain/install/roverrobotics_gazebo/share/roverrobotics_gazebo/launch/origin_4wd_rover_gazebo.launch.py~
-- Up-to-date: /home/jack/src/RoboTerrain/install/roverrobotics_gazebo/share/roverrobotics_gazebo/launch/miti_gazebo.launch.py
-- Up-to-date: /home/jack/src/RoboTerrain/install/roverrobotics_gazebo/share/roverrobotics_gazebo/launch/4wd_rover_gazebo.launch.py~
-- Up-to-date: /home/jack/src/RoboTerrain/install/roverrobotics_gazebo/share/roverrobotics_gazebo/launch/mini_gazebo.launch.py
-- Up-to-date: /home/jack/src/RoboTerrain/install/roverrobotics_gazebo/share/roverrobotics_gazebo/launch/2wd_rover_gazebo.launch.py
-- Up-to-date: /home/jack/src/RoboTerrain/install/roverrobotics_gazebo/share/roverrobotics_gazebo/launch/indoor_miti_gazebo.launch.py
-- Up-to-date: /home/jack/src/RoboTerrain/install/roverrobotics_gazebo/share/roverrobotics_gazebo/worlds
-- Up-to-date: /home/jack/src/RoboTerrain/install/roverrobotics_gazebo/share/roverrobotics_gazebo/worlds/maze.sdf
-- Up-to-date: /home/jack/src/RoboTerrain/install/roverrobotics_gazebo/share/roverrobotics_gazebo/worlds/too_big
-- Up-to-date: /home/jack/src/RoboTerrain/install/roverrobotics_gazebo/share/roverrobotics_gazebo/worlds/too_big/moon_garden.sdf
-- Up-to-date: /home/jack/src/RoboTerrain/install/roverrobotics_gazebo/share/roverrobotics_gazebo/worlds/island.sdf
-- Up-to-date: /home/jack/src/RoboTerrain/install/roverrobotics_gazebo/share/roverrobotics_gazebo/worlds/fortress.sdf
-- Up-to-date: /home/jack/src/RoboTerrain/install/roverrobotics_gazebo/share/roverrobotics_gazebo/worlds/inspection_simple.world~
-- Up-to-date: /home/jack/src/RoboTerrain/install/roverrobotics_gazebo/share/roverrobotics_gazebo/worlds/office_cpr_construction.sdf
-- Up-to-date: /home/jack/src/RoboTerrain/install/roverrobotics_gazebo/share/roverrobotics_gazebo/worlds/warehouse.sdf
-- Up-to-date: /home/jack/src/RoboTerrain/install/roverrobotics_gazebo/share/roverrobotics_gazebo/worlds/simplecave3.sdf
-- Up-to-date: /home/jack/src/RoboTerrain/install/roverrobotics_gazebo/share/roverrobotics_gazebo/worlds/rubicon.sdf
-- Up-to-date: /home/jack/src/RoboTerrain/install/roverrobotics_gazebo/share/roverrobotics_gazebo/worlds/maze_clean.sdf~
-- Installing: /home/jack/src/RoboTerrain/install/roverrobotics_gazebo/share/roverrobotics_gazebo/worlds/maze_pillars.sdf
-- Up-to-date: /home/jack/src/RoboTerrain/install/roverrobotics_gazebo/share/roverrobotics_gazebo/worlds/office_cpr_construction.world
-- Up-to-date: /home/jack/src/RoboTerrain/install/roverrobotics_gazebo/share/roverrobotics_gazebo/worlds/simple_40m2.world
-- Up-to-date: /home/jack/src/RoboTerrain/install/roverrobotics_gazebo/share/roverrobotics_gazebo/worlds/maze_simple.sdf~
-- Up-to-date: /home/jack/src/RoboTerrain/install/roverrobotics_gazebo/share/roverrobotics_gazebo/worlds/inspection.world
-- Up-to-date: /home/jack/src/RoboTerrain/install/roverrobotics_gazebo/share/roverrobotics_gazebo/worlds/simple_40m2.world~
-- Up-to-date: /home/jack/src/RoboTerrain/install/roverrobotics_gazebo/share/roverrobotics_gazebo/worlds/broken
-- Up-to-date: /home/jack/src/RoboTerrain/install/roverrobotics_gazebo/share/roverrobotics_gazebo/worlds/broken/harmonic.sdf
-- Up-to-date: /home/jack/src/RoboTerrain/install/roverrobotics_gazebo/share/roverrobotics_gazebo/worlds/random_pillars.py
-- Up-to-date: /home/jack/src/RoboTerrain/install/roverrobotics_gazebo/share/roverrobotics_gazebo/worlds/agriculture.world
-- Up-to-date: /home/jack/src/RoboTerrain/install/roverrobotics_gazebo/share/roverrobotics_gazebo/worlds/yosemite.world
-- Up-to-date: /home/jack/src/RoboTerrain/install/roverrobotics_gazebo/share/roverrobotics_gazebo/worlds/inspection_simple.world
-- Up-to-date: /home/jack/src/RoboTerrain/install/roverrobotics_gazebo/share/roverrobotics_gazebo/worlds/pillars.sdf
-- Up-to-date: /home/jack/src/RoboTerrain/install/roverrobotics_gazebo/share/roverrobotics_gazebo/worlds/clearpath_LICENSE.txt
-- Up-to-date: /home/jack/src/RoboTerrain/install/roverrobotics_gazebo/share/roverrobotics_gazebo/worlds/maze_and_person.sdf
-- Up-to-date: /home/jack/src/RoboTerrain/install/roverrobotics_gazebo/share/roverrobotics_gazebo/worlds/maze_clean.sdf
-- Up-to-date: /home/jack/src/RoboTerrain/install/roverrobotics_gazebo/share/roverrobotics_gazebo/worlds/depot.sdf
-- Up-to-date: /home/jack/src/RoboTerrain/install/roverrobotics_gazebo/share/roverrobotics_gazebo/worlds/harmonic.sdf~
-- Up-to-date: /home/jack/src/RoboTerrain/install/roverrobotics_gazebo/share/roverrobotics_gazebo/worlds/office_cpr_construction.world~
-- Installing: /home/jack/src/RoboTerrain/install/roverrobotics_gazebo/share/roverrobotics_gazebo/worlds/maze_pillars.sdf~
-- Up-to-date: /home/jack/src/RoboTerrain/install/roverrobotics_gazebo/share/roverrobotics_gazebo/worlds/maze_simple.sdf
-- Up-to-date: /home/jack/src/RoboTerrain/install/roverrobotics_gazebo/share/roverrobotics_gazebo/worlds/upb12.sdf
-- Up-to-date: /home/jack/src/RoboTerrain/install/roverrobotics_gazebo/share/ament_index/resource_index/package_run_dependencies/roverrobotics_gazebo
-- Up-to-date: /home/jack/src/RoboTerrain/install/roverrobotics_gazebo/share/ament_index/resource_index/parent_prefix_path/roverrobotics_gazebo
-- Up-to-date: /home/jack/src/RoboTerrain/install/roverrobotics_gazebo/share/roverrobotics_gazebo/environment/ament_prefix_path.sh
-- Up-to-date: /home/jack/src/RoboTerrain/install/roverrobotics_gazebo/share/roverrobotics_gazebo/environment/ament_prefix_path.dsv
-- Up-to-date: /home/jack/src/RoboTerrain/install/roverrobotics_gazebo/share/roverrobotics_gazebo/environment/path.sh
-- Up-to-date: /home/jack/src/RoboTerrain/install/roverrobotics_gazebo/share/roverrobotics_gazebo/environment/path.dsv
-- Up-to-date: /home/jack/src/RoboTerrain/install/roverrobotics_gazebo/share/roverrobotics_gazebo/local_setup.bash
-- Up-to-date: /home/jack/src/RoboTerrain/install/roverrobotics_gazebo/share/roverrobotics_gazebo/local_setup.sh
-- Up-to-date: /home/jack/src/RoboTerrain/install/roverrobotics_gazebo/share/roverrobotics_gazebo/local_setup.zsh
-- Up-to-date: /home/jack/src/RoboTerrain/install/roverrobotics_gazebo/share/roverrobotics_gazebo/local_setup.dsv
-- Installing: /home/jack/src/RoboTerrain/install/roverrobotics_gazebo/share/roverrobotics_gazebo/package.dsv
-- Up-to-date: /home/jack/src/RoboTerrain/install/roverrobotics_gazebo/share/ament_index/resource_index/packages/roverrobotics_gazebo
-- Up-to-date: /home/jack/src/RoboTerrain/install/roverrobotics_gazebo/share/roverrobotics_gazebo/cmake/roverrobotics_gazeboConfig.cmake
-- Up-to-date: /home/jack/src/RoboTerrain/install/roverrobotics_gazebo/share/roverrobotics_gazebo/cmake/roverrobotics_gazeboConfig-version.cmake
-- Up-to-date: /home/jack/src/RoboTerrain/install/roverrobotics_gazebo/share/roverrobotics_gazebo/package.xml
