[0.195s] Invoking command in '/home/jack/src/RoboTerrain/ros2_ws/build/roverrobotics_driver': CMAKE_PREFIX_PATH=${CMAKE_PREFIX_PATH}:/home/jack/ros2_ws/install/unity_slam_example:/home/jack/ros2_ws/install/camera_subscriber:/home/jack/rover_workspace/install/rover_metrics:/opt/ros/humble /usr/bin/cmake /home/jack/src/RoboTerrain/ros2_ws/src/roverrobotics_ros2/roverrobotics_driver -DCMAKE_INSTALL_PREFIX=/home/jack/src/RoboTerrain/ros2_ws/install/roverrobotics_driver
[0.233s] -- The C compiler identification is GNU 11.4.0
[0.272s] -- The CXX compiler identification is GNU 11.4.0
[0.277s] -- Detecting C compiler ABI info
[0.327s] -- Detecting C compiler ABI info - done
[0.332s] -- Check for working C compiler: /usr/bin/cc - skipped
[0.332s] -- Detecting C compile features
[0.332s] -- Detecting C compile features - done
[0.334s] -- Detecting CXX compiler ABI info
[0.393s] -- Detecting CXX compiler ABI info - done
[0.397s] -- Check for working CXX compiler: /usr/bin/c++ - skipped
[0.398s] -- Detecting CXX compile features
[0.398s] -- Detecting CXX compile features - done
[0.400s] -- Found ament_cmake: 1.3.10 (/opt/ros/humble/share/ament_cmake/cmake)
[0.510s] -- Found Python3: /usr/bin/python3 (found version "3.10.12") found components: Interpreter 
[0.602s] -- Found rclcpp: 16.0.10 (/opt/ros/humble/share/rclcpp/cmake)
[0.640s] -- Found rosidl_generator_c: 3.1.5 (/opt/ros/humble/share/rosidl_generator_c/cmake)
[0.645s] -- Found rosidl_adapter: 3.1.5 (/opt/ros/humble/share/rosidl_adapter/cmake)
[0.652s] -- Found rosidl_generator_cpp: 3.1.5 (/opt/ros/humble/share/rosidl_generator_cpp/cmake)
[0.663s] -- Using all available rosidl_typesupport_c: rosidl_typesupport_fastrtps_c;rosidl_typesupport_introspection_c
[0.676s] -- Using all available rosidl_typesupport_cpp: rosidl_typesupport_fastrtps_cpp;rosidl_typesupport_introspection_cpp
[0.712s] -- Found rmw_implementation_cmake: 6.1.2 (/opt/ros/humble/share/rmw_implementation_cmake/cmake)
[0.715s] -- Found rmw_fastrtps_cpp: 6.2.7 (/opt/ros/humble/share/rmw_fastrtps_cpp/cmake)
[0.792s] -- Found OpenSSL: /usr/lib/x86_64-linux-gnu/libcrypto.so (found version "3.0.2")  
[0.816s] -- Found FastRTPS: /opt/ros/humble/include  
[0.852s] -- Using RMW implementation 'rmw_fastrtps_cpp' as default
[0.860s] -- Looking for pthread.h
[0.920s] -- Looking for pthread.h - found
[0.920s] -- Performing Test CMAKE_HAVE_LIBC_PTHREAD
[0.977s] -- Performing Test CMAKE_HAVE_LIBC_PTHREAD - Success
[0.977s] -- Found Threads: TRUE  
[1.018s] -- Found geometry_msgs: 4.2.4 (/opt/ros/humble/share/geometry_msgs/cmake)
[1.029s] -- Found nav_msgs: 4.2.4 (/opt/ros/humble/share/nav_msgs/cmake)
[1.041s] -- Found tf2_geometry_msgs: 0.25.8 (/opt/ros/humble/share/tf2_geometry_msgs/cmake)
[1.049s] -- Found eigen3_cmake_module: 0.1.1 (/opt/ros/humble/share/eigen3_cmake_module/cmake)
[1.050s] -- Found Eigen3: TRUE (found version "3.4.0") 
[1.050s] -- Ensuring Eigen3 include directory is part of orocos-kdl CMake target
[1.130s] -- Found sensor_msgs: 4.2.4 (/opt/ros/humble/share/sensor_msgs/cmake)
[1.187s] -- Configuring done
[1.197s] -- Generating done
[1.198s] -- Build files have been written to: /home/jack/src/RoboTerrain/ros2_ws/build/roverrobotics_driver
[1.209s] Invoked command in '/home/jack/src/RoboTerrain/ros2_ws/build/roverrobotics_driver' returned '0': CMAKE_PREFIX_PATH=${CMAKE_PREFIX_PATH}:/home/jack/ros2_ws/install/unity_slam_example:/home/jack/ros2_ws/install/camera_subscriber:/home/jack/rover_workspace/install/rover_metrics:/opt/ros/humble /usr/bin/cmake /home/jack/src/RoboTerrain/ros2_ws/src/roverrobotics_ros2/roverrobotics_driver -DCMAKE_INSTALL_PREFIX=/home/jack/src/RoboTerrain/ros2_ws/install/roverrobotics_driver
[1.210s] Invoking command in '/home/jack/src/RoboTerrain/ros2_ws/build/roverrobotics_driver': CMAKE_PREFIX_PATH=${CMAKE_PREFIX_PATH}:/home/jack/ros2_ws/install/unity_slam_example:/home/jack/ros2_ws/install/camera_subscriber:/home/jack/rover_workspace/install/rover_metrics:/opt/ros/humble /usr/bin/cmake --build /home/jack/src/RoboTerrain/ros2_ws/build/roverrobotics_driver -- -j24 -l24
[1.248s] [  9%] [32mBuilding CXX object CMakeFiles/roverrobotics_driver.dir/library/librover/src/utils.cpp.o[0m
[1.248s] [ 18%] [32mBuilding CXX object CMakeFiles/roverrobotics_driver.dir/library/librover/src/vesc.cpp.o[0m
[1.248s] [ 27%] [32mBuilding CXX object CMakeFiles/roverrobotics_driver.dir/library/librover/src/control.cpp.o[0m
[1.248s] [ 54%] [32mBuilding CXX object CMakeFiles/roverrobotics_driver.dir/library/librover/src/protocol_pro.cpp.o[0m
[1.249s] [ 54%] [32mBuilding CXX object CMakeFiles/roverrobotics_driver.dir/library/librover/src/comm_serial.cpp.o[0m
[1.249s] [ 54%] [32mBuilding CXX object CMakeFiles/roverrobotics_driver.dir/src/roverrobotics_ros2_driver.cpp.o[0m
[1.249s] [ 72%] [32mBuilding CXX object CMakeFiles/roverrobotics_driver.dir/library/librover/src/utilities.cpp.o[0m
[1.249s] [ 72%] [32mBuilding CXX object CMakeFiles/roverrobotics_driver.dir/library/librover/src/protocol_zero_2.cpp.o[0m
[1.249s] [ 81%] [32mBuilding CXX object CMakeFiles/roverrobotics_driver.dir/library/librover/src/comm_can.cpp.o[0m
[1.249s] [ 90%] [32mBuilding CXX object CMakeFiles/roverrobotics_driver.dir/library/librover/src/differential_robot.cpp.o[0m
[1.513s] [01m[K/home/jack/src/RoboTerrain/ros2_ws/src/roverrobotics_ros2/roverrobotics_driver/library/librover/src/vesc.cpp:[m[K In member function ‘[01m[Kvesc::vescChannelStatus vesc::BridgedVescArray::parseReceivedMessage(std::vector<unsigned char>)[m[K’:
[1.513s] [01m[K/home/jack/src/RoboTerrain/ros2_ws/src/roverrobotics_ros2/roverrobotics_driver/library/librover/src/vesc.cpp:76:5:[m[K [01;35m[Kwarning: [m[Kcontrol reaches end of non-void function [[01;35m[K]8;;https://gcc.gnu.org/onlinedocs/gcc/Warning-Options.html#index-Wreturn-type-Wreturn-type]8;;[m[K]
[1.513s]    76 |     [01;35m[K}[m[K
[1.513s]       |     [01;35m[K^[m[K
[14.312s] [100%] [32m[1mLinking CXX executable roverrobotics_driver[0m
[14.935s] [100%] Built target roverrobotics_driver
[14.944s] Invoked command in '/home/jack/src/RoboTerrain/ros2_ws/build/roverrobotics_driver' returned '0': CMAKE_PREFIX_PATH=${CMAKE_PREFIX_PATH}:/home/jack/ros2_ws/install/unity_slam_example:/home/jack/ros2_ws/install/camera_subscriber:/home/jack/rover_workspace/install/rover_metrics:/opt/ros/humble /usr/bin/cmake --build /home/jack/src/RoboTerrain/ros2_ws/build/roverrobotics_driver -- -j24 -l24
[14.988s] Invoking command in '/home/jack/src/RoboTerrain/ros2_ws/build/roverrobotics_driver': CMAKE_PREFIX_PATH=${CMAKE_PREFIX_PATH}:/home/jack/ros2_ws/install/unity_slam_example:/home/jack/ros2_ws/install/camera_subscriber:/home/jack/rover_workspace/install/rover_metrics:/opt/ros/humble /usr/bin/cmake --install /home/jack/src/RoboTerrain/ros2_ws/build/roverrobotics_driver
[14.992s] -- Install configuration: ""
[14.992s] -- Installing: /home/jack/src/RoboTerrain/ros2_ws/install/roverrobotics_driver/share/roverrobotics_driver/launch
[14.992s] -- Installing: /home/jack/src/RoboTerrain/ros2_ws/install/roverrobotics_driver/share/roverrobotics_driver/launch/pro_teleop.launch.py
[14.992s] -- Installing: /home/jack/src/RoboTerrain/ros2_ws/install/roverrobotics_driver/share/roverrobotics_driver/launch/miti.launch.py
[14.993s] -- Installing: /home/jack/src/RoboTerrain/ros2_ws/install/roverrobotics_driver/share/roverrobotics_driver/launch/slam_launch.py
[14.993s] -- Installing: /home/jack/src/RoboTerrain/ros2_ws/install/roverrobotics_driver/share/roverrobotics_driver/launch/navigation_launch.py
[14.993s] -- Installing: /home/jack/src/RoboTerrain/ros2_ws/install/roverrobotics_driver/share/roverrobotics_driver/launch/max.launch.py
[14.993s] -- Installing: /home/jack/src/RoboTerrain/ros2_ws/install/roverrobotics_driver/share/roverrobotics_driver/launch/mini_teleop.launch.py
[14.993s] -- Installing: /home/jack/src/RoboTerrain/ros2_ws/install/roverrobotics_driver/share/roverrobotics_driver/launch/nav2_backend.py
[14.993s] -- Installing: /home/jack/src/RoboTerrain/ros2_ws/install/roverrobotics_driver/share/roverrobotics_driver/launch/mini.launch.py
[14.993s] -- Installing: /home/jack/src/RoboTerrain/ros2_ws/install/roverrobotics_driver/share/roverrobotics_driver/launch/zero.launch.py
[14.993s] -- Installing: /home/jack/src/RoboTerrain/ros2_ws/install/roverrobotics_driver/share/roverrobotics_driver/launch/miti65_teleop.launch.py
[14.993s] -- Installing: /home/jack/src/RoboTerrain/ros2_ws/install/roverrobotics_driver/share/roverrobotics_driver/launch/miti_teleop.launch.py
[14.993s] -- Installing: /home/jack/src/RoboTerrain/ros2_ws/install/roverrobotics_driver/share/roverrobotics_driver/launch/accessories.launch.py
[14.994s] -- Installing: /home/jack/src/RoboTerrain/ros2_ws/install/roverrobotics_driver/share/roverrobotics_driver/launch/ps4_controller.launch.py
[14.994s] -- Installing: /home/jack/src/RoboTerrain/ros2_ws/install/roverrobotics_driver/share/roverrobotics_driver/launch/pro.launch.py
[14.994s] -- Installing: /home/jack/src/RoboTerrain/ros2_ws/install/roverrobotics_driver/share/roverrobotics_driver/launch/miti65.launch.py
[14.994s] -- Installing: /home/jack/src/RoboTerrain/ros2_ws/install/roverrobotics_driver/share/roverrobotics_driver/launch/robot_localizer.launch.py
[14.994s] -- Installing: /home/jack/src/RoboTerrain/ros2_ws/install/roverrobotics_driver/share/roverrobotics_driver/launch/max_teleop.launch.py
[14.994s] -- Installing: /home/jack/src/RoboTerrain/ros2_ws/install/roverrobotics_driver/share/roverrobotics_driver/launch/zero_teleop.launch.py
[14.994s] -- Installing: /home/jack/src/RoboTerrain/ros2_ws/install/roverrobotics_driver/share/roverrobotics_driver/config
[14.994s] -- Installing: /home/jack/src/RoboTerrain/ros2_ws/install/roverrobotics_driver/share/roverrobotics_driver/config/zero_config.yaml
[14.994s] -- Installing: /home/jack/src/RoboTerrain/ros2_ws/install/roverrobotics_driver/share/roverrobotics_driver/config/realsense_config.yaml
[14.994s] -- Installing: /home/jack/src/RoboTerrain/ros2_ws/install/roverrobotics_driver/share/roverrobotics_driver/config/slam_configs
[14.994s] -- Installing: /home/jack/src/RoboTerrain/ros2_ws/install/roverrobotics_driver/share/roverrobotics_driver/config/slam_configs/mapper_params_lifelong.yaml
[14.995s] -- Installing: /home/jack/src/RoboTerrain/ros2_ws/install/roverrobotics_driver/share/roverrobotics_driver/config/slam_configs/mapper_params_online_sync.yaml
[14.995s] -- Installing: /home/jack/src/RoboTerrain/ros2_ws/install/roverrobotics_driver/share/roverrobotics_driver/config/slam_configs/mapper_params_localization.yaml
[14.995s] -- Installing: /home/jack/src/RoboTerrain/ros2_ws/install/roverrobotics_driver/share/roverrobotics_driver/config/slam_configs/mapper_params_online_async.yaml
[14.995s] -- Installing: /home/jack/src/RoboTerrain/ros2_ws/install/roverrobotics_driver/share/roverrobotics_driver/config/slam_configs/mapper_params_offline.yaml
[14.995s] -- Installing: /home/jack/src/RoboTerrain/ros2_ws/install/roverrobotics_driver/share/roverrobotics_driver/config/rviz_configs
[14.995s] -- Installing: /home/jack/src/RoboTerrain/ros2_ws/install/roverrobotics_driver/share/roverrobotics_driver/config/rviz_configs/nav2_default_view.rviz
[14.995s] -- Installing: /home/jack/src/RoboTerrain/ros2_ws/install/roverrobotics_driver/share/roverrobotics_driver/config/rviz_configs/realsense_rviz_layout.rviz
[14.995s] -- Installing: /home/jack/src/RoboTerrain/ros2_ws/install/roverrobotics_driver/share/roverrobotics_driver/config/rviz_configs/slam_rviz_layout.rviz
[14.995s] -- Installing: /home/jack/src/RoboTerrain/ros2_ws/install/roverrobotics_driver/share/roverrobotics_driver/config/controller_config.yaml
[14.995s] -- Installing: /home/jack/src/RoboTerrain/ros2_ws/install/roverrobotics_driver/share/roverrobotics_driver/config/mini_config.yaml
[14.996s] -- Installing: /home/jack/src/RoboTerrain/ros2_ws/install/roverrobotics_driver/share/roverrobotics_driver/config/topics.yaml
[14.996s] -- Installing: /home/jack/src/RoboTerrain/ros2_ws/install/roverrobotics_driver/share/roverrobotics_driver/config/max_config.yaml
[14.996s] -- Installing: /home/jack/src/RoboTerrain/ros2_ws/install/roverrobotics_driver/share/roverrobotics_driver/config/miti_config.yaml
[14.996s] -- Installing: /home/jack/src/RoboTerrain/ros2_ws/install/roverrobotics_driver/share/roverrobotics_driver/config/pro_config.yaml
[14.996s] -- Installing: /home/jack/src/RoboTerrain/ros2_ws/install/roverrobotics_driver/share/roverrobotics_driver/config/controller_config_jp6.yaml
[14.996s] -- Installing: /home/jack/src/RoboTerrain/ros2_ws/install/roverrobotics_driver/share/roverrobotics_driver/config/miti65_config.yaml
[14.996s] -- Installing: /home/jack/src/RoboTerrain/ros2_ws/install/roverrobotics_driver/share/roverrobotics_driver/config/accessories.yaml
[14.996s] -- Installing: /home/jack/src/RoboTerrain/ros2_ws/install/roverrobotics_driver/share/roverrobotics_driver/config/localization_ekf.yaml
[14.996s] -- Installing: /home/jack/src/RoboTerrain/ros2_ws/install/roverrobotics_driver/share/roverrobotics_driver/config/nav2_params.yaml
[14.996s] -- Installing: /home/jack/src/RoboTerrain/ros2_ws/install/roverrobotics_driver/share/roverrobotics_driver/maps
[14.997s] -- Installing: /home/jack/src/RoboTerrain/ros2_ws/install/roverrobotics_driver/share/roverrobotics_driver/maps/maze_map.data
[15.008s] -- Installing: /home/jack/src/RoboTerrain/ros2_ws/install/roverrobotics_driver/share/roverrobotics_driver/maps/maze_map.posegraph
[15.027s] -- Installing: /home/jack/src/RoboTerrain/ros2_ws/install/roverrobotics_driver/share/roverrobotics_driver/maps/maze_map.pgm
[15.027s] -- Installing: /home/jack/src/RoboTerrain/ros2_ws/install/roverrobotics_driver/share/roverrobotics_driver/maps/maze_map.yaml
[15.028s] -- Installing: /home/jack/src/RoboTerrain/ros2_ws/install/roverrobotics_driver/lib/roverrobotics_driver/roverrobotics_driver
[15.050s] -- Set runtime path of "/home/jack/src/RoboTerrain/ros2_ws/install/roverrobotics_driver/lib/roverrobotics_driver/roverrobotics_driver" to ""
[15.050s] -- Installing: /home/jack/src/RoboTerrain/ros2_ws/install/roverrobotics_driver/share/ament_index/resource_index/package_run_dependencies/roverrobotics_driver
[15.051s] -- Installing: /home/jack/src/RoboTerrain/ros2_ws/install/roverrobotics_driver/share/ament_index/resource_index/parent_prefix_path/roverrobotics_driver
[15.051s] -- Installing: /home/jack/src/RoboTerrain/ros2_ws/install/roverrobotics_driver/share/roverrobotics_driver/environment/ament_prefix_path.sh
[15.051s] -- Installing: /home/jack/src/RoboTerrain/ros2_ws/install/roverrobotics_driver/share/roverrobotics_driver/environment/ament_prefix_path.dsv
[15.051s] -- Installing: /home/jack/src/RoboTerrain/ros2_ws/install/roverrobotics_driver/share/roverrobotics_driver/environment/path.sh
[15.051s] -- Installing: /home/jack/src/RoboTerrain/ros2_ws/install/roverrobotics_driver/share/roverrobotics_driver/environment/path.dsv
[15.051s] -- Installing: /home/jack/src/RoboTerrain/ros2_ws/install/roverrobotics_driver/share/roverrobotics_driver/local_setup.bash
[15.051s] -- Installing: /home/jack/src/RoboTerrain/ros2_ws/install/roverrobotics_driver/share/roverrobotics_driver/local_setup.sh
[15.051s] -- Installing: /home/jack/src/RoboTerrain/ros2_ws/install/roverrobotics_driver/share/roverrobotics_driver/local_setup.zsh
[15.052s] -- Installing: /home/jack/src/RoboTerrain/ros2_ws/install/roverrobotics_driver/share/roverrobotics_driver/local_setup.dsv
[15.052s] -- Installing: /home/jack/src/RoboTerrain/ros2_ws/install/roverrobotics_driver/share/roverrobotics_driver/package.dsv
[15.052s] -- Installing: /home/jack/src/RoboTerrain/ros2_ws/install/roverrobotics_driver/share/ament_index/resource_index/packages/roverrobotics_driver
[15.052s] -- Installing: /home/jack/src/RoboTerrain/ros2_ws/install/roverrobotics_driver/share/roverrobotics_driver/cmake/roverrobotics_driverConfig.cmake
[15.052s] -- Installing: /home/jack/src/RoboTerrain/ros2_ws/install/roverrobotics_driver/share/roverrobotics_driver/cmake/roverrobotics_driverConfig-version.cmake
[15.052s] -- Installing: /home/jack/src/RoboTerrain/ros2_ws/install/roverrobotics_driver/share/roverrobotics_driver/package.xml
[15.054s] Invoked command in '/home/jack/src/RoboTerrain/ros2_ws/build/roverrobotics_driver' returned '0': CMAKE_PREFIX_PATH=${CMAKE_PREFIX_PATH}:/home/jack/ros2_ws/install/unity_slam_example:/home/jack/ros2_ws/install/camera_subscriber:/home/jack/rover_workspace/install/rover_metrics:/opt/ros/humble /usr/bin/cmake --install /home/jack/src/RoboTerrain/ros2_ws/build/roverrobotics_driver
