running egg_info
creating ../../build/rover_metrics/rover_metrics.egg-info
writing ../../build/rover_metrics/rover_metrics.egg-info/PKG-INFO
writing dependency_links to ../../build/rover_metrics/rover_metrics.egg-info/dependency_links.txt
writing entry points to ../../build/rover_metrics/rover_metrics.egg-info/entry_points.txt
writing requirements to ../../build/rover_metrics/rover_metrics.egg-info/requires.txt
writing top-level names to ../../build/rover_metrics/rover_metrics.egg-info/top_level.txt
writing manifest file '../../build/rover_metrics/rover_metrics.egg-info/SOURCES.txt'
reading manifest file '../../build/rover_metrics/rover_metrics.egg-info/SOURCES.txt'
writing manifest file '../../build/rover_metrics/rover_metrics.egg-info/SOURCES.txt'
running build
running build_py
creating /home/jack/src/RoboTerrain/ros2_ws/build/rover_metrics/build
creating /home/jack/src/RoboTerrain/ros2_ws/build/rover_metrics/build/lib
creating /home/jack/src/RoboTerrain/ros2_ws/build/rover_metrics/build/lib/rover_metrics
copying rover_metrics/metrics_node.py -> /home/jack/src/RoboTerrain/ros2_ws/build/rover_metrics/build/lib/rover_metrics
copying rover_metrics/__init__.py -> /home/jack/src/RoboTerrain/ros2_ws/build/rover_metrics/build/lib/rover_metrics
running install
running install_lib
creating /home/jack/src/RoboTerrain/ros2_ws/install/rover_metrics/lib/python3.10/site-packages/rover_metrics
copying /home/jack/src/RoboTerrain/ros2_ws/build/rover_metrics/build/lib/rover_metrics/metrics_node.py -> /home/jack/src/RoboTerrain/ros2_ws/install/rover_metrics/lib/python3.10/site-packages/rover_metrics
copying /home/jack/src/RoboTerrain/ros2_ws/build/rover_metrics/build/lib/rover_metrics/__init__.py -> /home/jack/src/RoboTerrain/ros2_ws/install/rover_metrics/lib/python3.10/site-packages/rover_metrics
byte-compiling /home/jack/src/RoboTerrain/ros2_ws/install/rover_metrics/lib/python3.10/site-packages/rover_metrics/metrics_node.py to metrics_node.cpython-310.pyc
byte-compiling /home/jack/src/RoboTerrain/ros2_ws/install/rover_metrics/lib/python3.10/site-packages/rover_metrics/__init__.py to __init__.cpython-310.pyc
running install_data
creating /home/jack/src/RoboTerrain/ros2_ws/install/rover_metrics/share/ament_index
creating /home/jack/src/RoboTerrain/ros2_ws/install/rover_metrics/share/ament_index/resource_index
creating /home/jack/src/RoboTerrain/ros2_ws/install/rover_metrics/share/ament_index/resource_index/packages
copying resource/rover_metrics -> /home/jack/src/RoboTerrain/ros2_ws/install/rover_metrics/share/ament_index/resource_index/packages
copying package.xml -> /home/jack/src/RoboTerrain/ros2_ws/install/rover_metrics/share/rover_metrics
running install_egg_info
Copying ../../build/rover_metrics/rover_metrics.egg-info to /home/jack/src/RoboTerrain/ros2_ws/install/rover_metrics/lib/python3.10/site-packages/rover_metrics-0.0.0-py3.10.egg-info
running install_scripts
Installing metrics_node script to /home/jack/src/RoboTerrain/ros2_ws/install/rover_metrics/lib/rover_metrics
writing list of installed files to '/home/jack/src/RoboTerrain/ros2_ws/build/rover_metrics/install.log'
