[0.193s] Invoking command in '/home/jack/src/RoboTerrain/ros2_ws/build/roverrobotics_input_manager': CMAKE_PREFIX_PATH=${CMAKE_PREFIX_PATH}:/home/jack/ros2_ws/install/unity_slam_example:/home/jack/ros2_ws/install/camera_subscriber:/home/jack/rover_workspace/install/rover_metrics:/opt/ros/humble /usr/bin/cmake /home/jack/src/RoboTerrain/ros2_ws/src/roverrobotics_ros2/roverrobotics_input_manager -DCMAKE_INSTALL_PREFIX=/home/jack/src/RoboTerrain/ros2_ws/install/roverrobotics_input_manager
[0.230s] -- The C compiler identification is GNU 11.4.0
[0.269s] -- The CXX compiler identification is GNU 11.4.0
[0.275s] -- Detecting C compiler ABI info
[0.326s] -- Detecting C compiler ABI info - done
[0.330s] -- Check for working C compiler: /usr/bin/cc - skipped
[0.331s] -- Detecting C compile features
[0.331s] -- Detecting C compile features - done
[0.333s] -- Detecting CXX compiler ABI info
[0.391s] -- Detecting CXX compiler ABI info - done
[0.396s] -- Check for working CXX compiler: /usr/bin/c++ - skipped
[0.396s] -- Detecting CXX compile features
[0.397s] -- Detecting CXX compile features - done
[0.399s] -- Found ament_cmake: 1.3.10 (/opt/ros/humble/share/ament_cmake/cmake)
[0.509s] -- Found Python3: /usr/bin/python3 (found version "3.10.12") found components: Interpreter 
[0.634s] -- Configuring done
[0.637s] -- Generating done
[0.637s] -- Build files have been written to: /home/jack/src/RoboTerrain/ros2_ws/build/roverrobotics_input_manager
[0.643s] Invoked command in '/home/jack/src/RoboTerrain/ros2_ws/build/roverrobotics_input_manager' returned '0': CMAKE_PREFIX_PATH=${CMAKE_PREFIX_PATH}:/home/jack/ros2_ws/install/unity_slam_example:/home/jack/ros2_ws/install/camera_subscriber:/home/jack/rover_workspace/install/rover_metrics:/opt/ros/humble /usr/bin/cmake /home/jack/src/RoboTerrain/ros2_ws/src/roverrobotics_ros2/roverrobotics_input_manager -DCMAKE_INSTALL_PREFIX=/home/jack/src/RoboTerrain/ros2_ws/install/roverrobotics_input_manager
[0.644s] Invoking command in '/home/jack/src/RoboTerrain/ros2_ws/build/roverrobotics_input_manager': CMAKE_PREFIX_PATH=${CMAKE_PREFIX_PATH}:/home/jack/ros2_ws/install/unity_slam_example:/home/jack/ros2_ws/install/camera_subscriber:/home/jack/rover_workspace/install/rover_metrics:/opt/ros/humble /usr/bin/cmake --build /home/jack/src/RoboTerrain/ros2_ws/build/roverrobotics_input_manager -- -j24 -l24
[0.673s] Invoked command in '/home/jack/src/RoboTerrain/ros2_ws/build/roverrobotics_input_manager' returned '0': CMAKE_PREFIX_PATH=${CMAKE_PREFIX_PATH}:/home/jack/ros2_ws/install/unity_slam_example:/home/jack/ros2_ws/install/camera_subscriber:/home/jack/rover_workspace/install/rover_metrics:/opt/ros/humble /usr/bin/cmake --build /home/jack/src/RoboTerrain/ros2_ws/build/roverrobotics_input_manager -- -j24 -l24
[0.689s] Invoking command in '/home/jack/src/RoboTerrain/ros2_ws/build/roverrobotics_input_manager': CMAKE_PREFIX_PATH=${CMAKE_PREFIX_PATH}:/home/jack/ros2_ws/install/unity_slam_example:/home/jack/ros2_ws/install/camera_subscriber:/home/jack/rover_workspace/install/rover_metrics:/opt/ros/humble /usr/bin/cmake --install /home/jack/src/RoboTerrain/ros2_ws/build/roverrobotics_input_manager
[0.696s] -- Install configuration: ""
[0.696s] -- Installing: /home/jack/src/RoboTerrain/ros2_ws/install/roverrobotics_input_manager/lib/roverrobotics_input_manager/modules
[0.696s] -- Installing: /home/jack/src/RoboTerrain/ros2_ws/install/roverrobotics_input_manager/lib/roverrobotics_input_manager/modules/Controller.py
[0.696s] -- Installing: /home/jack/src/RoboTerrain/ros2_ws/install/roverrobotics_input_manager/lib/roverrobotics_input_manager/modules/__pycache__
[0.696s] -- Installing: /home/jack/src/RoboTerrain/ros2_ws/install/roverrobotics_input_manager/lib/roverrobotics_input_manager/modules/__pycache__/Controller.cpython-310.pyc
[0.696s] -- Installing: /home/jack/src/RoboTerrain/ros2_ws/install/roverrobotics_input_manager/lib/roverrobotics_input_manager/modules/__pycache__/Topics.cpython-310.pyc
[0.696s] -- Installing: /home/jack/src/RoboTerrain/ros2_ws/install/roverrobotics_input_manager/lib/roverrobotics_input_manager/modules/__pycache__/Controller.cpython-38.pyc
[0.696s] -- Installing: /home/jack/src/RoboTerrain/ros2_ws/install/roverrobotics_input_manager/lib/roverrobotics_input_manager/modules/__pycache__/Topics.cpython-38.pyc
[0.696s] -- Installing: /home/jack/src/RoboTerrain/ros2_ws/install/roverrobotics_input_manager/lib/roverrobotics_input_manager/modules/Topics.py
[0.697s] -- Installing: /home/jack/src/RoboTerrain/ros2_ws/install/roverrobotics_input_manager/lib/roverrobotics_input_manager/joys_manager.py
[0.697s] -- Installing: /home/jack/src/RoboTerrain/ros2_ws/install/roverrobotics_input_manager/share/ament_index/resource_index/package_run_dependencies/roverrobotics_input_manager
[0.697s] -- Installing: /home/jack/src/RoboTerrain/ros2_ws/install/roverrobotics_input_manager/share/ament_index/resource_index/parent_prefix_path/roverrobotics_input_manager
[0.697s] -- Installing: /home/jack/src/RoboTerrain/ros2_ws/install/roverrobotics_input_manager/share/roverrobotics_input_manager/environment/ament_prefix_path.sh
[0.697s] -- Installing: /home/jack/src/RoboTerrain/ros2_ws/install/roverrobotics_input_manager/share/roverrobotics_input_manager/environment/ament_prefix_path.dsv
[0.697s] -- Installing: /home/jack/src/RoboTerrain/ros2_ws/install/roverrobotics_input_manager/share/roverrobotics_input_manager/environment/path.sh
[0.697s] -- Installing: /home/jack/src/RoboTerrain/ros2_ws/install/roverrobotics_input_manager/share/roverrobotics_input_manager/environment/path.dsv
[0.698s] -- Installing: /home/jack/src/RoboTerrain/ros2_ws/install/roverrobotics_input_manager/share/roverrobotics_input_manager/local_setup.bash
[0.698s] -- Installing: /home/jack/src/RoboTerrain/ros2_ws/install/roverrobotics_input_manager/share/roverrobotics_input_manager/local_setup.sh
[0.698s] -- Installing: /home/jack/src/RoboTerrain/ros2_ws/install/roverrobotics_input_manager/share/roverrobotics_input_manager/local_setup.zsh
[0.698s] -- Installing: /home/jack/src/RoboTerrain/ros2_ws/install/roverrobotics_input_manager/share/roverrobotics_input_manager/local_setup.dsv
[0.698s] -- Installing: /home/jack/src/RoboTerrain/ros2_ws/install/roverrobotics_input_manager/share/roverrobotics_input_manager/package.dsv
[0.698s] -- Installing: /home/jack/src/RoboTerrain/ros2_ws/install/roverrobotics_input_manager/share/ament_index/resource_index/packages/roverrobotics_input_manager
[0.698s] -- Installing: /home/jack/src/RoboTerrain/ros2_ws/install/roverrobotics_input_manager/share/roverrobotics_input_manager/cmake/roverrobotics_input_managerConfig.cmake
[0.698s] -- Installing: /home/jack/src/RoboTerrain/ros2_ws/install/roverrobotics_input_manager/share/roverrobotics_input_manager/cmake/roverrobotics_input_managerConfig-version.cmake
[0.699s] -- Installing: /home/jack/src/RoboTerrain/ros2_ws/install/roverrobotics_input_manager/share/roverrobotics_input_manager/package.xml
[0.700s] Invoked command in '/home/jack/src/RoboTerrain/ros2_ws/build/roverrobotics_input_manager' returned '0': CMAKE_PREFIX_PATH=${CMAKE_PREFIX_PATH}:/home/jack/ros2_ws/install/unity_slam_example:/home/jack/ros2_ws/install/camera_subscriber:/home/jack/rover_workspace/install/rover_metrics:/opt/ros/humble /usr/bin/cmake --install /home/jack/src/RoboTerrain/ros2_ws/build/roverrobotics_input_manager
