[0.007s] Invoking command in '/home/jack/src/RoboTerrain/build/roverrobotics_gazebo': AMENT_PREFIX_PATH=/home/jack/src/RoboTerrain/install/roverrobotics_description:${AMENT_PREFIX_PATH} CMAKE_PREFIX_PATH=/home/jack/src/RoboTerrain/install/roverrobotics_description:/home/jack/src/RoboTerrain/ros2_ws/install/roverrobotics_input_manager:/home/jack/src/RoboTerrain/ros2_ws/install/roverrobotics_gazebo:/home/jack/src/RoboTerrain/ros2_ws/install/roverrobotics_driver:/home/jack/src/RoboTerrain/ros2_ws/install/roverrobotics_description:/home/jack/ros2_ws/install/custom_turtlebot4_bringup:/home/jack/src/RoboTerrain/ros2_ws/install/rover_metrics:/home/jack/ros2_ws/install/unity_slam_example:/home/jack/ros2_ws/install/camera_subscriber:/home/jack/rover_workspace/install/roverrobotics_input_manager:/home/jack/rover_workspace/install/roverrobotics_gazebo:/home/jack/rover_workspace/install/roverrobotics_driver:/home/jack/rover_workspace/install/roverrobotics_description:/home/jack/rover_workspace/install/rover_metrics:/opt/ros/humble /usr/bin/cmake /home/jack/src/RoboTerrain/ros2_ws/src/roverrobotics_ros2/roverrobotics_gazebo -DCMAKE_INSTALL_PREFIX=/home/jack/src/RoboTerrain/install/roverrobotics_gazebo
[0.046s] -- The C compiler identification is GNU 11.4.0
[0.085s] -- The CXX compiler identification is GNU 11.4.0
[0.090s] -- Detecting C compiler ABI info
[0.138s] -- Detecting C compiler ABI info - done
[0.142s] -- Check for working C compiler: /usr/bin/cc - skipped
[0.142s] -- Detecting C compile features
[0.143s] -- Detecting C compile features - done
[0.145s] -- Detecting CXX compiler ABI info
[0.200s] -- Detecting CXX compiler ABI info - done
[0.205s] -- Check for working CXX compiler: /usr/bin/c++ - skipped
[0.205s] -- Detecting CXX compile features
[0.206s] -- Detecting CXX compile features - done
[0.208s] -- Found ament_cmake: 1.3.11 (/opt/ros/humble/share/ament_cmake/cmake)
[0.315s] -- Found Python3: /usr/bin/python3 (found version "3.10.12") found components: Interpreter 
[0.394s] -- Found ament_lint_auto: 0.12.11 (/opt/ros/humble/share/ament_lint_auto/cmake)
[0.462s] -- Added test 'copyright' to check source files copyright and LICENSE
[0.467s] -- Added test 'flake8' to check Python code syntax and style conventions
[0.468s] -- Added test 'lint_cmake' to check CMake code style
[0.469s] -- Added test 'pep257' to check Python code against some of the docstring style conventions in PEP 257
[0.472s] -- Added test 'xmllint' to check XML markup files
[0.473s] -- Configuring done
[0.476s] -- Generating done
[0.477s] -- Build files have been written to: /home/jack/src/RoboTerrain/build/roverrobotics_gazebo
[0.481s] Invoked command in '/home/jack/src/RoboTerrain/build/roverrobotics_gazebo' returned '0': AMENT_PREFIX_PATH=/home/jack/src/RoboTerrain/install/roverrobotics_description:${AMENT_PREFIX_PATH} CMAKE_PREFIX_PATH=/home/jack/src/RoboTerrain/install/roverrobotics_description:/home/jack/src/RoboTerrain/ros2_ws/install/roverrobotics_input_manager:/home/jack/src/RoboTerrain/ros2_ws/install/roverrobotics_gazebo:/home/jack/src/RoboTerrain/ros2_ws/install/roverrobotics_driver:/home/jack/src/RoboTerrain/ros2_ws/install/roverrobotics_description:/home/jack/ros2_ws/install/custom_turtlebot4_bringup:/home/jack/src/RoboTerrain/ros2_ws/install/rover_metrics:/home/jack/ros2_ws/install/unity_slam_example:/home/jack/ros2_ws/install/camera_subscriber:/home/jack/rover_workspace/install/roverrobotics_input_manager:/home/jack/rover_workspace/install/roverrobotics_gazebo:/home/jack/rover_workspace/install/roverrobotics_driver:/home/jack/rover_workspace/install/roverrobotics_description:/home/jack/rover_workspace/install/rover_metrics:/opt/ros/humble /usr/bin/cmake /home/jack/src/RoboTerrain/ros2_ws/src/roverrobotics_ros2/roverrobotics_gazebo -DCMAKE_INSTALL_PREFIX=/home/jack/src/RoboTerrain/install/roverrobotics_gazebo
[0.483s] Invoking command in '/home/jack/src/RoboTerrain/build/roverrobotics_gazebo': AMENT_PREFIX_PATH=/home/jack/src/RoboTerrain/install/roverrobotics_description:${AMENT_PREFIX_PATH} CMAKE_PREFIX_PATH=/home/jack/src/RoboTerrain/install/roverrobotics_description:/home/jack/src/RoboTerrain/ros2_ws/install/roverrobotics_input_manager:/home/jack/src/RoboTerrain/ros2_ws/install/roverrobotics_gazebo:/home/jack/src/RoboTerrain/ros2_ws/install/roverrobotics_driver:/home/jack/src/RoboTerrain/ros2_ws/install/roverrobotics_description:/home/jack/ros2_ws/install/custom_turtlebot4_bringup:/home/jack/src/RoboTerrain/ros2_ws/install/rover_metrics:/home/jack/ros2_ws/install/unity_slam_example:/home/jack/ros2_ws/install/camera_subscriber:/home/jack/rover_workspace/install/roverrobotics_input_manager:/home/jack/rover_workspace/install/roverrobotics_gazebo:/home/jack/rover_workspace/install/roverrobotics_driver:/home/jack/rover_workspace/install/roverrobotics_description:/home/jack/rover_workspace/install/rover_metrics:/opt/ros/humble /usr/bin/cmake --build /home/jack/src/RoboTerrain/build/roverrobotics_gazebo -- -j24 -l24
[0.509s] Invoked command in '/home/jack/src/RoboTerrain/build/roverrobotics_gazebo' returned '0': AMENT_PREFIX_PATH=/home/jack/src/RoboTerrain/install/roverrobotics_description:${AMENT_PREFIX_PATH} CMAKE_PREFIX_PATH=/home/jack/src/RoboTerrain/install/roverrobotics_description:/home/jack/src/RoboTerrain/ros2_ws/install/roverrobotics_input_manager:/home/jack/src/RoboTerrain/ros2_ws/install/roverrobotics_gazebo:/home/jack/src/RoboTerrain/ros2_ws/install/roverrobotics_driver:/home/jack/src/RoboTerrain/ros2_ws/install/roverrobotics_description:/home/jack/ros2_ws/install/custom_turtlebot4_bringup:/home/jack/src/RoboTerrain/ros2_ws/install/rover_metrics:/home/jack/ros2_ws/install/unity_slam_example:/home/jack/ros2_ws/install/camera_subscriber:/home/jack/rover_workspace/install/roverrobotics_input_manager:/home/jack/rover_workspace/install/roverrobotics_gazebo:/home/jack/rover_workspace/install/roverrobotics_driver:/home/jack/rover_workspace/install/roverrobotics_description:/home/jack/rover_workspace/install/rover_metrics:/opt/ros/humble /usr/bin/cmake --build /home/jack/src/RoboTerrain/build/roverrobotics_gazebo -- -j24 -l24
[0.510s] Invoking command in '/home/jack/src/RoboTerrain/build/roverrobotics_gazebo': AMENT_PREFIX_PATH=/home/jack/src/RoboTerrain/install/roverrobotics_description:${AMENT_PREFIX_PATH} CMAKE_PREFIX_PATH=/home/jack/src/RoboTerrain/install/roverrobotics_description:/home/jack/src/RoboTerrain/ros2_ws/install/roverrobotics_input_manager:/home/jack/src/RoboTerrain/ros2_ws/install/roverrobotics_gazebo:/home/jack/src/RoboTerrain/ros2_ws/install/roverrobotics_driver:/home/jack/src/RoboTerrain/ros2_ws/install/roverrobotics_description:/home/jack/ros2_ws/install/custom_turtlebot4_bringup:/home/jack/src/RoboTerrain/ros2_ws/install/rover_metrics:/home/jack/ros2_ws/install/unity_slam_example:/home/jack/ros2_ws/install/camera_subscriber:/home/jack/rover_workspace/install/roverrobotics_input_manager:/home/jack/rover_workspace/install/roverrobotics_gazebo:/home/jack/rover_workspace/install/roverrobotics_driver:/home/jack/rover_workspace/install/roverrobotics_description:/home/jack/rover_workspace/install/rover_metrics:/opt/ros/humble /usr/bin/cmake --install /home/jack/src/RoboTerrain/build/roverrobotics_gazebo
[0.516s] -- Install configuration: ""
[0.516s] -- Installing: /home/jack/src/RoboTerrain/install/roverrobotics_gazebo/share/roverrobotics_gazebo/launch
[0.516s] -- Installing: /home/jack/src/RoboTerrain/install/roverrobotics_gazebo/share/roverrobotics_gazebo/launch/4wd_rover_gazebo.launch.py
[0.516s] -- Installing: /home/jack/src/RoboTerrain/install/roverrobotics_gazebo/share/roverrobotics_gazebo/launch/max_gazebo.launch.py
[0.516s] -- Installing: /home/jack/src/RoboTerrain/install/roverrobotics_gazebo/share/roverrobotics_gazebo/launch/origin_4wd_rover_gazebo.launch.py
[0.516s] -- Installing: /home/jack/src/RoboTerrain/install/roverrobotics_gazebo/share/roverrobotics_gazebo/launch/flipper_gazebo.launch.py
[0.516s] -- Installing: /home/jack/src/RoboTerrain/install/roverrobotics_gazebo/share/roverrobotics_gazebo/launch/origin_4wd_rover_gazebo.launch.py~
[0.516s] -- Installing: /home/jack/src/RoboTerrain/install/roverrobotics_gazebo/share/roverrobotics_gazebo/launch/miti_gazebo.launch.py
[0.516s] -- Installing: /home/jack/src/RoboTerrain/install/roverrobotics_gazebo/share/roverrobotics_gazebo/launch/4wd_rover_gazebo.launch.py~
[0.516s] -- Installing: /home/jack/src/RoboTerrain/install/roverrobotics_gazebo/share/roverrobotics_gazebo/launch/mini_gazebo.launch.py
[0.517s] -- Installing: /home/jack/src/RoboTerrain/install/roverrobotics_gazebo/share/roverrobotics_gazebo/launch/2wd_rover_gazebo.launch.py
[0.517s] -- Installing: /home/jack/src/RoboTerrain/install/roverrobotics_gazebo/share/roverrobotics_gazebo/launch/indoor_miti_gazebo.launch.py
[0.517s] -- Installing: /home/jack/src/RoboTerrain/install/roverrobotics_gazebo/share/roverrobotics_gazebo/worlds
[0.517s] -- Installing: /home/jack/src/RoboTerrain/install/roverrobotics_gazebo/share/roverrobotics_gazebo/worlds/maze.sdf
[0.517s] -- Installing: /home/jack/src/RoboTerrain/install/roverrobotics_gazebo/share/roverrobotics_gazebo/worlds/too_big
[0.517s] -- Installing: /home/jack/src/RoboTerrain/install/roverrobotics_gazebo/share/roverrobotics_gazebo/worlds/too_big/moon_garden.sdf
[0.517s] -- Installing: /home/jack/src/RoboTerrain/install/roverrobotics_gazebo/share/roverrobotics_gazebo/worlds/island.sdf
[0.517s] -- Installing: /home/jack/src/RoboTerrain/install/roverrobotics_gazebo/share/roverrobotics_gazebo/worlds/fortress.sdf
[0.517s] -- Installing: /home/jack/src/RoboTerrain/install/roverrobotics_gazebo/share/roverrobotics_gazebo/worlds/inspection_simple.world~
[0.517s] -- Installing: /home/jack/src/RoboTerrain/install/roverrobotics_gazebo/share/roverrobotics_gazebo/worlds/office_cpr_construction.sdf
[0.518s] -- Installing: /home/jack/src/RoboTerrain/install/roverrobotics_gazebo/share/roverrobotics_gazebo/worlds/warehouse.sdf
[0.518s] -- Installing: /home/jack/src/RoboTerrain/install/roverrobotics_gazebo/share/roverrobotics_gazebo/worlds/simplecave3.sdf
[0.518s] -- Installing: /home/jack/src/RoboTerrain/install/roverrobotics_gazebo/share/roverrobotics_gazebo/worlds/rubicon.sdf
[0.518s] -- Installing: /home/jack/src/RoboTerrain/install/roverrobotics_gazebo/share/roverrobotics_gazebo/worlds/maze_clean.sdf~
[0.518s] -- Installing: /home/jack/src/RoboTerrain/install/roverrobotics_gazebo/share/roverrobotics_gazebo/worlds/maze_pillars.sdf
[0.518s] -- Installing: /home/jack/src/RoboTerrain/install/roverrobotics_gazebo/share/roverrobotics_gazebo/worlds/office_cpr_construction.world
[0.518s] -- Installing: /home/jack/src/RoboTerrain/install/roverrobotics_gazebo/share/roverrobotics_gazebo/worlds/simple_40m2.world
[0.518s] -- Installing: /home/jack/src/RoboTerrain/install/roverrobotics_gazebo/share/roverrobotics_gazebo/worlds/maze_simple.sdf~
[0.518s] -- Installing: /home/jack/src/RoboTerrain/install/roverrobotics_gazebo/share/roverrobotics_gazebo/worlds/inspection.world
[0.518s] -- Installing: /home/jack/src/RoboTerrain/install/roverrobotics_gazebo/share/roverrobotics_gazebo/worlds/simple_40m2.world~
[0.519s] -- Installing: /home/jack/src/RoboTerrain/install/roverrobotics_gazebo/share/roverrobotics_gazebo/worlds/broken
[0.519s] -- Installing: /home/jack/src/RoboTerrain/install/roverrobotics_gazebo/share/roverrobotics_gazebo/worlds/broken/harmonic.sdf
[0.519s] -- Installing: /home/jack/src/RoboTerrain/install/roverrobotics_gazebo/share/roverrobotics_gazebo/worlds/random_pillars.py
[0.519s] -- Installing: /home/jack/src/RoboTerrain/install/roverrobotics_gazebo/share/roverrobotics_gazebo/worlds/agriculture.world
[0.519s] -- Installing: /home/jack/src/RoboTerrain/install/roverrobotics_gazebo/share/roverrobotics_gazebo/worlds/yosemite.world
[0.519s] -- Installing: /home/jack/src/RoboTerrain/install/roverrobotics_gazebo/share/roverrobotics_gazebo/worlds/inspection_simple.world
[0.519s] -- Installing: /home/jack/src/RoboTerrain/install/roverrobotics_gazebo/share/roverrobotics_gazebo/worlds/pillars.sdf
[0.519s] -- Installing: /home/jack/src/RoboTerrain/install/roverrobotics_gazebo/share/roverrobotics_gazebo/worlds/clearpath_LICENSE.txt
[0.519s] -- Installing: /home/jack/src/RoboTerrain/install/roverrobotics_gazebo/share/roverrobotics_gazebo/worlds/maze_and_person.sdf
[0.520s] -- Installing: /home/jack/src/RoboTerrain/install/roverrobotics_gazebo/share/roverrobotics_gazebo/worlds/maze_clean.sdf
[0.520s] -- Installing: /home/jack/src/RoboTerrain/install/roverrobotics_gazebo/share/roverrobotics_gazebo/worlds/depot.sdf
[0.520s] -- Installing: /home/jack/src/RoboTerrain/install/roverrobotics_gazebo/share/roverrobotics_gazebo/worlds/harmonic.sdf~
[0.520s] -- Installing: /home/jack/src/RoboTerrain/install/roverrobotics_gazebo/share/roverrobotics_gazebo/worlds/office_cpr_construction.world~
[0.520s] -- Installing: /home/jack/src/RoboTerrain/install/roverrobotics_gazebo/share/roverrobotics_gazebo/worlds/maze_simple.sdf
[0.520s] -- Installing: /home/jack/src/RoboTerrain/install/roverrobotics_gazebo/share/roverrobotics_gazebo/worlds/upb12.sdf
[0.520s] -- Installing: /home/jack/src/RoboTerrain/install/roverrobotics_gazebo/share/ament_index/resource_index/package_run_dependencies/roverrobotics_gazebo
[0.520s] -- Installing: /home/jack/src/RoboTerrain/install/roverrobotics_gazebo/share/ament_index/resource_index/parent_prefix_path/roverrobotics_gazebo
[0.521s] -- Installing: /home/jack/src/RoboTerrain/install/roverrobotics_gazebo/share/roverrobotics_gazebo/environment/ament_prefix_path.sh
[0.521s] -- Installing: /home/jack/src/RoboTerrain/install/roverrobotics_gazebo/share/roverrobotics_gazebo/environment/ament_prefix_path.dsv
[0.521s] -- Installing: /home/jack/src/RoboTerrain/install/roverrobotics_gazebo/share/roverrobotics_gazebo/environment/path.sh
[0.521s] -- Installing: /home/jack/src/RoboTerrain/install/roverrobotics_gazebo/share/roverrobotics_gazebo/environment/path.dsv
[0.521s] -- Installing: /home/jack/src/RoboTerrain/install/roverrobotics_gazebo/share/roverrobotics_gazebo/local_setup.bash
[0.521s] -- Installing: /home/jack/src/RoboTerrain/install/roverrobotics_gazebo/share/roverrobotics_gazebo/local_setup.sh
[0.521s] -- Installing: /home/jack/src/RoboTerrain/install/roverrobotics_gazebo/share/roverrobotics_gazebo/local_setup.zsh
[0.521s] -- Installing: /home/jack/src/RoboTerrain/install/roverrobotics_gazebo/share/roverrobotics_gazebo/local_setup.dsv
[0.521s] -- Installing: /home/jack/src/RoboTerrain/install/roverrobotics_gazebo/share/roverrobotics_gazebo/package.dsv
[0.522s] -- Installing: /home/jack/src/RoboTerrain/install/roverrobotics_gazebo/share/ament_index/resource_index/packages/roverrobotics_gazebo
[0.522s] -- Installing: /home/jack/src/RoboTerrain/install/roverrobotics_gazebo/share/roverrobotics_gazebo/cmake/roverrobotics_gazeboConfig.cmake
[0.522s] -- Installing: /home/jack/src/RoboTerrain/install/roverrobotics_gazebo/share/roverrobotics_gazebo/cmake/roverrobotics_gazeboConfig-version.cmake
[0.522s] -- Installing: /home/jack/src/RoboTerrain/install/roverrobotics_gazebo/share/roverrobotics_gazebo/package.xml
[0.524s] Invoked command in '/home/jack/src/RoboTerrain/build/roverrobotics_gazebo' returned '0': AMENT_PREFIX_PATH=/home/jack/src/RoboTerrain/install/roverrobotics_description:${AMENT_PREFIX_PATH} CMAKE_PREFIX_PATH=/home/jack/src/RoboTerrain/install/roverrobotics_description:/home/jack/src/RoboTerrain/ros2_ws/install/roverrobotics_input_manager:/home/jack/src/RoboTerrain/ros2_ws/install/roverrobotics_gazebo:/home/jack/src/RoboTerrain/ros2_ws/install/roverrobotics_driver:/home/jack/src/RoboTerrain/ros2_ws/install/roverrobotics_description:/home/jack/ros2_ws/install/custom_turtlebot4_bringup:/home/jack/src/RoboTerrain/ros2_ws/install/rover_metrics:/home/jack/ros2_ws/install/unity_slam_example:/home/jack/ros2_ws/install/camera_subscriber:/home/jack/rover_workspace/install/roverrobotics_input_manager:/home/jack/rover_workspace/install/roverrobotics_gazebo:/home/jack/rover_workspace/install/roverrobotics_driver:/home/jack/rover_workspace/install/roverrobotics_description:/home/jack/rover_workspace/install/rover_metrics:/opt/ros/humble /usr/bin/cmake --install /home/jack/src/RoboTerrain/build/roverrobotics_gazebo
