[0mCMake Error: The current CMakeCache.txt directory /home/jack/src/RoboTerrain/ros2_ws/build/roverrobotics_input_manager/CMakeCache.txt is different than the directory /home/jack/rover_workspace/build/roverrobotics_input_manager where CMakeCache.txt was created. This may result in binaries being created in the wrong place. If you are not sure, reedit the CMakeCache.txt[0m
-- Found ament_cmake: 1.3.10 (/opt/ros/humble/share/ament_cmake/cmake)
-- Configuring done
-- Generating done
-- Build files have been written to: /home/jack/rover_workspace/build/roverrobotics_input_manager
-- Install configuration: ""
-- Up-to-date: /home/jack/rover_workspace/install/roverrobotics_input_manager/lib/roverrobotics_input_manager/modules
-- Up-to-date: /home/jack/rover_workspace/install/roverrobotics_input_manager/lib/roverrobotics_input_manager/modules/Controller.py
-- Up-to-date: /home/jack/rover_workspace/install/roverrobotics_input_manager/lib/roverrobotics_input_manager/modules/__pycache__
-- Installing: /home/jack/rover_workspace/install/roverrobotics_input_manager/lib/roverrobotics_input_manager/modules/__pycache__/Controller.cpython-310.pyc
-- Installing: /home/jack/rover_workspace/install/roverrobotics_input_manager/lib/roverrobotics_input_manager/modules/__pycache__/Topics.cpython-310.pyc
-- Up-to-date: /home/jack/rover_workspace/install/roverrobotics_input_manager/lib/roverrobotics_input_manager/modules/__pycache__/Controller.cpython-38.pyc
-- Up-to-date: /home/jack/rover_workspace/install/roverrobotics_input_manager/lib/roverrobotics_input_manager/modules/__pycache__/Topics.cpython-38.pyc
-- Up-to-date: /home/jack/rover_workspace/install/roverrobotics_input_manager/lib/roverrobotics_input_manager/modules/Topics.py
-- Up-to-date: /home/jack/rover_workspace/install/roverrobotics_input_manager/lib/roverrobotics_input_manager/joys_manager.py
-- Up-to-date: /home/jack/rover_workspace/install/roverrobotics_input_manager/share/ament_index/resource_index/package_run_dependencies/roverrobotics_input_manager
-- Installing: /home/jack/rover_workspace/install/roverrobotics_input_manager/share/ament_index/resource_index/parent_prefix_path/roverrobotics_input_manager
-- Up-to-date: /home/jack/rover_workspace/install/roverrobotics_input_manager/share/roverrobotics_input_manager/environment/ament_prefix_path.sh
-- Installing: /home/jack/rover_workspace/install/roverrobotics_input_manager/share/roverrobotics_input_manager/environment/ament_prefix_path.dsv
-- Up-to-date: /home/jack/rover_workspace/install/roverrobotics_input_manager/share/roverrobotics_input_manager/environment/path.sh
-- Installing: /home/jack/rover_workspace/install/roverrobotics_input_manager/share/roverrobotics_input_manager/environment/path.dsv
-- Up-to-date: /home/jack/rover_workspace/install/roverrobotics_input_manager/share/roverrobotics_input_manager/local_setup.bash
-- Up-to-date: /home/jack/rover_workspace/install/roverrobotics_input_manager/share/roverrobotics_input_manager/local_setup.sh
-- Up-to-date: /home/jack/rover_workspace/install/roverrobotics_input_manager/share/roverrobotics_input_manager/local_setup.zsh
-- Installing: /home/jack/rover_workspace/install/roverrobotics_input_manager/share/roverrobotics_input_manager/local_setup.dsv
-- Installing: /home/jack/rover_workspace/install/roverrobotics_input_manager/share/roverrobotics_input_manager/package.dsv
-- Up-to-date: /home/jack/rover_workspace/install/roverrobotics_input_manager/share/ament_index/resource_index/packages/roverrobotics_input_manager
-- Up-to-date: /home/jack/rover_workspace/install/roverrobotics_input_manager/share/roverrobotics_input_manager/cmake/roverrobotics_input_managerConfig.cmake
-- Up-to-date: /home/jack/rover_workspace/install/roverrobotics_input_manager/share/roverrobotics_input_manager/cmake/roverrobotics_input_managerConfig-version.cmake
-- Up-to-date: /home/jack/rover_workspace/install/roverrobotics_input_manager/share/roverrobotics_input_manager/package.xml
